[I 2025-06-27 10:35:18,551] Trial 0 finished with value: -0.45921826362609863 and parameters: {'tier_A': 1.0840367468189958, 'tier_B': 1.0588401720664473, 'tier_C': 1.18468484010878, 'tier_D': 0.45322397504341855}. Best is trial 0 with value: -0.45921826362609863.
[I 2025-06-27 10:38:16,043] Trial 1 finished with value: -0.5031645894050598 and parameters: {'tier_A': 1.04363630993566, 'tier_B': 1.0609420512279386, 'tier_C': 1.2244571010781509, 'tier_D': 0.5713926784299627}. Best is trial 0 with value: -0.45921826362609863.
[I 2025-06-27 10:41:05,941] Trial 2 finished with value: 0.012706898152828217 and parameters: {'tier_A': 1.2230347421343313, 'tier_B': 1.217184858264067, 'tier_C': 1.0349614200058415, 'tier_D': 0.5864992214974163}. Best is trial 2 with value: 0.012706898152828217.
[I 2025-06-27 10:43:34,278] Trial 3 finished with value: 0.4427216947078705 and parameters: {'tier_A': 1.2108601200368705, 'tier_B': 1.2356400516422261, 'tier_C': 1.217648248976015, 'tier_D': 0.6125067135968342}. Best is trial 3 with value: 0.4427216947078705.
[I 2025-06-27 10:46:36,629] Trial 4 finished with value: 0.1362614929676056 and parameters: {'tier_A': 1.2334868405673018, 'tier_B': 1.240164805668806, 'tier_C': 1.1518080858964888, 'tier_D': 0.6037037300740652}. Best is trial 3 with value: 0.4427216947078705.
[I 2025-06-27 10:51:38,948] Trial 5 finished with value: 0.31934642791748047 and parameters: {'tier_A': 1.1700079178770229, 'tier_B': 1.0866462629981388, 'tier_C': 1.1430262316067585, 'tier_D': 0.6134300043482793}. Best is trial 3 with value: 0.4427216947078705.
[I 2025-06-27 10:56:14,986] Trial 6 finished with value: 0.12800897657871246 and parameters: {'tier_A': 1.0575029202921125, 'tier_B': 1.042932145176335, 'tier_C': 1.1340951122166345, 'tier_D': 0.712393009719618}. Best is trial 3 with value: 0.4427216947078705.
[I 2025-06-27 11:00:49,389] Trial 7 finished with value: 0.31175243854522705 and parameters: {'tier_A': 1.162982459027674, 'tier_B': 1.2048393450692658, 'tier_C': 1.0511870409506936, 'tier_D': 0.4946043714553519}. Best is trial 3 with value: 0.4427216947078705.
[I 2025-06-27 11:05:22,433] Trial 8 finished with value: 0.29066982865333557 and parameters: {'tier_A': 1.203829301059841, 'tier_B': 1.1553603732966198, 'tier_C': 1.22982555540794, 'tier_D': 0.5653389759321613}. Best is trial 3 with value: 0.4427216947078705.
[I 2025-06-27 11:09:51,262] Trial 9 finished with value: -0.21714524924755096 and parameters: {'tier_A': 1.1502735154312482, 'tier_B': 1.0343609705320076, 'tier_C': 1.0257156742194444, 'tier_D': 0.6274415202571029}. Best is trial 3 with value: 0.4427216947078705.
[I 2025-06-27 11:14:22,385] Trial 10 finished with value: 0.3718000650405884 and parameters: {'tier_A': 1.1056284771766036, 'tier_B': 1.1562729785456372, 'tier_C': 1.0789409437366104, 'tier_D': 0.7006424522777901}. Best is trial 3 with value: 0.4427216947078705.
[I 2025-06-27 11:19:04,141] Trial 11 finished with value: 0.3066268563270569 and parameters: {'tier_A': 1.101318237402006, 'tier_B': 1.1602270291060062, 'tier_C': 1.0842324553304044, 'tier_D': 0.7333492663925858}. Best is trial 3 with value: 0.4427216947078705.
[I 2025-06-27 11:23:34,654] Trial 12 finished with value: 0.5428612232208252 and parameters: {'tier_A': 1.1193188171586217, 'tier_B': 1.1239512243461787, 'tier_C': 1.0883627557053157, 'tier_D': 0.6749959361741951}. Best is trial 12 with value: 0.5428612232208252.
[I 2025-06-27 11:27:03,114] Trial 13 finished with value: -0.34556299448013306 and parameters: {'tier_A': 1.006138123591958, 'tier_B': 1.1073923000684056, 'tier_C': 1.0959855528563933, 'tier_D': 0.6641057438159603}. Best is trial 12 with value: 0.5428612232208252.
[I 2025-06-27 11:29:35,572] Trial 14 finished with value: 0.23393917083740234 and parameters: {'tier_A': 1.132244692367347, 'tier_B': 1.1903379390849718, 'tier_C': 1.1809359211679884, 'tier_D': 0.6739477176740376}. Best is trial 12 with value: 0.5428612232208252.
[I 2025-06-27 11:32:21,326] Trial 15 finished with value: 0.2624642550945282 and parameters: {'tier_A': 1.199480868054237, 'tier_B': 1.121833574021001, 'tier_C': 1.0054624578230227, 'tier_D': 0.6501392450048615}. Best is trial 12 with value: 0.5428612232208252.
[I 2025-06-27 11:35:41,690] Trial 16 finished with value: 0.5566086769104004 and parameters: {'tier_A': 1.1760178124311844, 'tier_B': 1.00219484318223, 'tier_C': 1.1100271688519785, 'tier_D': 0.528882218711448}. Best is trial 16 with value: 0.5566086769104004.
[I 2025-06-27 11:39:38,932] Trial 17 finished with value: 1.0411936044692993 and parameters: {'tier_A': 1.1853141187263403, 'tier_B': 1.0881845478851357, 'tier_C': 1.1069885937049289, 'tier_D': 0.5321981388027824}. Best is trial 17 with value: 1.0411936044692993.
[I 2025-06-27 11:42:15,631] Trial 18 finished with value: 0.6866500973701477 and parameters: {'tier_A': 1.1817597058954648, 'tier_B': 1.0049513414407631, 'tier_C': 1.1137928836822837, 'tier_D': 0.5302570447774451}. Best is trial 17 with value: 1.0411936044692993.