[I 2025-06-27 06:36:18,407] Trial 0 finished with value: 0.029055427759885788 and parameters: {'tier_A': 1.0449057968760973, 'tier_B': 1.0002639552589714, 'tier_C': 1.190923137881307, 'tier_D': 0.5978906918189631}. Best is trial 0 with value: 0.029055427759885788.
c:\Projects\qlib_trading_v2\.conda\lib\site-packages\stable_baselines3\common\vec_env\patch_gym.py:49: UserWarning: You provided an OpenAI Gym environment. We strongly recommend transitioning to Gymnasium environments. Stable-Baselines3 is automatically wrapping your environments in a compatibility layer, which could potentially cause issues.
  warnings.warn(
[I 2025-06-27 06:38:37,104] Trial 1 finished with value: 0.025131970643997192 and parameters: {'tier_A': 1.0553426618281823, 'tier_B': 0.9768361710374543, 'tier_C': 1.2446285146154845, 'tier_D': 0.5655221115781172}. Best is trial 0 with value: 0.029055427759885788.
[I 2025-06-27 06:41:12,150] Trial 2 finished with value: 0.11512650549411774 and parameters: {'tier_A': 1.0486590985537665, 'tier_B': 0.9550719265014438, 'tier_C': 1.2069094654042822, 'tier_D': 0.5033952433531407}. Best is trial 2 with value: 0.11512650549411774.
[I 2025-06-27 06:44:36,480] Trial 3 finished with value: 0.15369147062301636 and parameters: {'tier_A': 1.082810277611829, 'tier_B': 0.9554024893652823, 'tier_C': 1.296176857597725, 'tier_D': 0.5377377945079148}. Best is trial 3 with value: 0.15369147062301636.
[I 2025-06-27 06:47:26,567] Trial 4 finished with value: -0.1456114947795868 and parameters: {'tier_A': 1.0534679600885168, 'tier_B': 1.0422810056030223, 'tier_C': 1.2680525643861742, 'tier_D': 0.5060560097683807}. Best is trial 3 with value: 0.15369147062301636.
[I 2025-06-27 06:49:56,997] Trial 5 finished with value: -0.17381900548934937 and parameters: {'tier_A': 1.0098751644010635, 'tier_B': 1.062820878314811, 'tier_C': 1.1730124890817943, 'tier_D': 0.6508623398281271}. Best is trial 3 with value: 0.15369147062301636.
[I 2025-06-27 06:52:37,541] Trial 6 finished with value: 0.12033539265394211 and parameters: {'tier_A': 1.077068052694008, 'tier_B': 1.0158252386440998, 'tier_C': 1.1991615933908926, 'tier_D': 0.624394011738175}. Best is trial 3 with value: 0.15369147062301636.
[I 2025-06-27 06:55:12,194] Trial 7 finished with value: 0.01916983351111412 and parameters: {'tier_A': 1.0676568147806786, 'tier_B': 1.0045444562486676, 'tier_C': 1.2780936966185252, 'tier_D': 0.5256152963939634}. Best is trial 3 with value: 0.15369147062301636.
[I 2025-06-27 06:58:08,757] Trial 8 finished with value: -0.011718131601810455 and parameters: {'tier_A': 1.072688479594535, 'tier_B': 1.070741741622653, 'tier_C': 1.1643051819801211, 'tier_D': 0.6153777220721132}. Best is trial 3 with value: 0.15369147062301636.
[I 2025-06-27 07:03:41,687] Trial 9 finished with value: 0.4767053425312042 and parameters: {'tier_A': 1.0389788290994395, 'tier_B': 1.0356791079211165, 'tier_C': 1.2939221718299392, 'tier_D': 0.651277328438238}. Best is trial 9 with value: 0.4767053425312042.
[I 2025-06-27 07:09:28,961] Trial 10 finished with value: -0.04323085397481918 and parameters: {'tier_A': 1.0198725291460906, 'tier_B': 1.0347644818466935, 'tier_C': 1.2340989406878324, 'tier_D': 0.685619132464119}. Best is trial 9 with value: 0.4767053425312042.
[I 2025-06-27 07:15:17,550] Trial 11 finished with value: 0.0934729352593422 and parameters: {'tier_A': 1.0962412061771105, 'tier_B': 0.961256657268959, 'tier_C': 1.2981279197520665, 'tier_D': 0.5602198269780231}. Best is trial 9 with value: 0.4767053425312042.
[I 2025-06-27 07:21:09,200] Trial 12 finished with value: -0.012632213532924652 and parameters: {'tier_A': 1.0280972641879706, 'tier_B': 1.031441762866231, 'tier_C': 1.2953117260278293, 'tier_D': 0.6950133625672857}. Best is trial 9 with value: 0.4767053425312042.
[I 2025-06-27 07:26:57,681] Trial 13 finished with value: -0.2252126932144165 and parameters: {'tier_A': 1.0985487956886968, 'tier_B': 0.9822739626066477, 'tier_C': 1.2633003302832138, 'tier_D': 0.6588488657754391}. Best is trial 9 with value: 0.4767053425312042.
[I 2025-06-27 07:32:24,330] Trial 14 finished with value: 0.1000417172908783 and parameters: {'tier_A': 1.0396261493784416, 'tier_B': 1.048787460551628, 'tier_C': 1.2525241900945738, 'tier_D': 0.5756005569997813}. Best is trial 9 with value: 0.4767053425312042.
[I 2025-06-27 07:38:07,978] Trial 15 finished with value: 0.15434134006500244 and parameters: {'tier_A': 1.002323348409243, 'tier_B': 1.017773419324915, 'tier_C': 1.2822199322161956, 'tier_D': 0.5397009197480875}. Best is trial 9 with value: 0.4767053425312042.
[I 2025-06-27 07:43:54,828] Trial 16 finished with value: -0.2702992260456085 and parameters: {'tier_A': 1.004393967587263, 'tier_B': 1.0202376070691288, 'tier_C': 1.278753509247865, 'tier_D': 0.6460232686696706}. Best is trial 9 with value: 0.4767053425312042.
[I 2025-06-27 07:49:59,252] Trial 17 finished with value: 0.04934646189212799 and parameters: {'tier_A': 1.0293303913754857, 'tier_B': 1.0563548829515506, 'tier_C': 1.220747368444588, 'tier_D': 0.5930648394180286}. Best is trial 9 with value: 0.4767053425312042.
[I 2025-06-27 07:56:00,287] Trial 18 finished with value: -0.04730614274740219 and parameters: {'tier_A': 1.0149017398080968, 'tier_B': 1.0790262473237824, 'tier_C': 1.2793633274353144, 'tier_D': 0.6679813702408064}. Best is trial 9 with value: 0.4767053425312042.
[I 2025-06-27 08:02:01,361] Trial 19 finished with value: -0.009575650095939636 and parameters: {'tier_A': 1.001304260346759, 'tier_B': 0.9980816878129727, 'tier_C': 1.2542691182803218, 'tier_D': 0.6241195599518138}. Best is trial 9 with value: 0.4767053425312042.
[I 2025-06-27 08:07:49,815] Trial 20 finished with value: -0.004328183829784393 and parameters: {'tier_A': 1.033861957735538, 'tier_B': 1.0344674133861538, 'tier_C': 1.2286009507189661, 'tier_D': 0.5423355034755076}. Best is trial 9 with value: 0.4767053425312042.
[I 2025-06-27 08:13:38,477] Trial 21 finished with value: -0.06464753299951553 and parameters: {'tier_A': 1.08563025775597, 'tier_B': 0.9838881844534896, 'tier_C': 1.298558848665359, 'tier_D': 0.5370077411076171}. Best is trial 9 with value: 0.4767053425312042.
[I 2025-06-27 08:19:33,448] Trial 22 finished with value: -0.20349940657615662 and parameters: {'tier_A': 1.0604364645667568, 'tier_B': 1.0230233419460735, 'tier_C': 1.2864290195247654, 'tier_D': 0.5230992858316605}. Best is trial 9 with value: 0.4767053425312042.
[I 2025-06-27 08:25:33,295] Trial 23 finished with value: -0.20008325576782227 and parameters: {'tier_A': 1.0811907033805974, 'tier_B': 0.9699706400683071, 'tier_C': 1.2674031387307956, 'tier_D': 0.5549062007755229}. Best is trial 9 with value: 0.4767053425312042.
[I 2025-06-27 08:31:27,155] Trial 24 finished with value: 0.07746057957410812 and parameters: {'tier_A': 1.0640079511331815, 'tier_B': 1.0095092046860197, 'tier_C': 1.286656502294134, 'tier_D': 0.5798572715779305}. Best is trial 9 with value: 0.4767053425312042.
[I 2025-06-27 08:37:24,097] Trial 25 finished with value: -0.27146100997924805 and parameters: {'tier_A': 1.0202532090082552, 'tier_B': 1.026709038986619, 'tier_C': 1.2878797964302524, 'tier_D': 0.5445139672318297}. Best is trial 9 with value: 0.4767053425312042.
[I 2025-06-27 08:43:17,179] Trial 26 finished with value: -0.3896830081939697 and parameters: {'tier_A': 1.0879715724345964, 'tier_B': 0.9883959736712556, 'tier_C': 1.2723055093129432, 'tier_D': 0.5150879610750928}. Best is trial 9 with value: 0.4767053425312042.
[I 2025-06-27 08:48:01,566] Trial 27 finished with value: -0.007079325616359711 and parameters: {'tier_A': 1.0411491552703154, 'tier_B': 1.0445698986892098, 'tier_C': 1.2604186050062163, 'tier_D': 0.6123668419994549}. Best is trial 9 with value: 0.4767053425312042.
[I 2025-06-27 08:50:45,660] Trial 28 finished with value: 0.021105103194713593 and parameters: {'tier_A': 1.0222911937129016, 'tier_B': 1.0078059027339892, 'tier_C': 1.2389133275196766, 'tier_D': 0.5858413784095027}. Best is trial 9 with value: 0.4767053425312042.
[I 2025-06-27 08:53:56,972] Trial 29 finished with value: 0.055086418986320496 and parameters: {'tier_A': 1.0477320208396912, 'tier_B': 0.996265166198147, 'tier_C': 1.2883594999107484, 'tier_D': 0.6025848663107425}. Best is trial 9 with value: 0.4767053425312042.
[I 2025-06-27 08:57:35,359] Trial 30 finished with value: 0.06372805684804916 and parameters: {'tier_A': 1.0083258798374604, 'tier_B': 0.9934708713153878, 'tier_C': 1.1783938007859989, 'tier_D': 0.6416061033178095}. Best is trial 9 with value: 0.4767053425312042.
[I 2025-06-27 09:00:58,675] Trial 31 finished with value: -0.007752068340778351 and parameters: {'tier_A': 1.0753608553199032, 'tier_B': 1.0134515868386598, 'tier_C': 1.202647546761173, 'tier_D': 0.6369383203989014}. Best is trial 9 with value: 0.4767053425312042.
[I 2025-06-27 09:03:21,554] Trial 32 finished with value: -0.10989684611558914 and parameters: {'tier_A': 1.0771863552138177, 'tier_B': 1.0208456062509064, 'tier_C': 1.1906455515877452, 'tier_D': 0.6306781827418702}. Best is trial 9 with value: 0.4767053425312042.
[I 2025-06-27 09:05:38,628] Trial 33 finished with value: 0.2574963867664337 and parameters: {'tier_A': 1.0917724666916389, 'tier_B': 1.014512125032069, 'tier_C': 1.21794352364529, 'tier_D': 0.6774358718945966}. Best is trial 9 with value: 0.4767053425312042.
[I 2025-06-27 09:08:04,987] Trial 34 finished with value: 0.20429331064224243 and parameters: {'tier_A': 1.0940149667992192, 'tier_B': 0.9571536785304352, 'tier_C': 1.2154062562044436, 'tier_D': 0.6791014594622697}. Best is trial 9 with value: 0.4767053425312042.
[I 2025-06-27 09:10:57,601] Trial 35 finished with value: -0.2897558808326721 and parameters: {'tier_A': 1.0919995336664172, 'tier_B': 0.9738042287324238, 'tier_C': 1.2114693603608326, 'tier_D': 0.6761644229532027}. Best is trial 9 with value: 0.4767053425312042.
[I 2025-06-27 09:14:00,878] Trial 36 finished with value: 0.10398279130458832 and parameters: {'tier_A': 1.055719811076344, 'tier_B': 1.0520075078401405, 'tier_C': 1.221668412779448, 'tier_D': 0.6680112667762027}. Best is trial 9 with value: 0.4767053425312042.
[I 2025-06-27 09:16:48,816] Trial 37 finished with value: -0.11107249557971954 and parameters: {'tier_A': 1.0995668882748875, 'tier_B': 0.9515653914496414, 'tier_C': 1.214640998966833, 'tier_D': 0.6920668813634187}. Best is trial 9 with value: 0.4767053425312042.
[I 2025-06-27 09:19:52,071] Trial 38 finished with value: -0.2678707242012024 and parameters: {'tier_A': 1.091974594558201, 'tier_B': 1.0407548946826923, 'tier_C': 1.1902401473247033, 'tier_D': 0.6815233801629831}. Best is trial 9 with value: 0.4767053425312042.
[I 2025-06-27 09:22:48,556] Trial 39 finished with value: -0.08484999090433121 and parameters: {'tier_A': 1.0705859233515145, 'tier_B': 1.063295349232689, 'tier_C': 1.1505388171951005, 'tier_D': 0.6571615831977475}. Best is trial 9 with value: 0.4767053425312042.
[I 2025-06-27 09:25:18,522] Trial 40 finished with value: -0.036859653890132904 and parameters: {'tier_A': 1.0585128280582412, 'tier_B': 0.965117830100386, 'tier_C': 1.2439521786986123, 'tier_D': 0.6995394914366544}. Best is trial 9 with value: 0.4767053425312042.
[I 2025-06-27 09:27:37,873] Trial 41 finished with value: 0.1424548625946045 and parameters: {'tier_A': 1.0834584741351476, 'tier_B': 0.9596222808704512, 'tier_C': 1.2259211629291178, 'tier_D': 0.6640849867962555}. Best is trial 9 with value: 0.4767053425312042.
[I 2025-06-27 09:29:59,666] Trial 42 finished with value: -0.0775415226817131 and parameters: {'tier_A': 1.092046430853762, 'tier_B': 0.9562687684898413, 'tier_C': 1.1963337307537534, 'tier_D': 0.6742741021697247}. Best is trial 9 with value: 0.4767053425312042.
[I 2025-06-27 09:32:19,542] Trial 43 finished with value: -0.06321807950735092 and parameters: {'tier_A': 1.078662786580399, 'tier_B': 0.9667669091605477, 'tier_C': 1.291834159640177, 'tier_D': 0.5320026561492166}. Best is trial 9 with value: 0.4767053425312042.
[I 2025-06-27 09:35:09,545] Trial 44 finished with value: 0.19994765520095825 and parameters: {'tier_A': 1.0950244998913876, 'tier_B': 0.9769899546773989, 'tier_C': 1.2105638833844055, 'tier_D': 0.5028973278109405}. Best is trial 9 with value: 0.4767053425312042.
[I 2025-06-27 09:38:18,444] Trial 45 finished with value: -0.14796856045722961 and parameters: {'tier_A': 1.0884164210955793, 'tier_B': 1.0017508745400658, 'tier_C': 1.2076364432279378, 'tier_D': 0.511912466746427}. Best is trial 9 with value: 0.4767053425312042.
[I 2025-06-27 09:40:38,973] Trial 46 finished with value: 0.24073317646980286 and parameters: {'tier_A': 1.0961729886100668, 'tier_B': 0.9777468013883799, 'tier_C': 1.2160517759575218, 'tier_D': 0.503120889750207}. Best is trial 9 with value: 0.4767053425312042.
[I 2025-06-27 09:43:21,816] Trial 47 finished with value: 0.12634491920471191 and parameters: {'tier_A': 1.0946886777568003, 'tier_B': 0.9793850442814069, 'tier_C': 1.2166904865524073, 'tier_D': 0.5011927384913161}. Best is trial 9 with value: 0.4767053425312042.
[I 2025-06-27 09:45:44,324] Trial 48 finished with value: -0.09130994230508804 and parameters: {'tier_A': 1.0948237157508252, 'tier_B': 0.9894037380764868, 'tier_C': 1.2326996173675526, 'tier_D': 0.6872398089672392}. Best is trial 9 with value: 0.4767053425312042.
[I 2025-06-27 09:48:17,029] Trial 49 finished with value: 0.10316544771194458 and parameters: {'tier_A': 1.0517967109100985, 'tier_B': 0.9741482208994573, 'tier_C': 1.1826448465058235, 'tier_D': 0.6525337436834089}. Best is trial 9 with value: 0.4767053425312042.
Best trial:
0.4767053425312042
{'tier_A': 1.0389788290994395, 'tier_B': 1.0356791079211165, 'tier_C': 1.2939221718299392, 'tier_D': 0.651277328438238}