[I 2025-06-27 03:26:38,729] Trial 49 finished with value: 0.003712705984496666 and parameters: {'lr': 0.07249866279731505, 'leaves': 133, 'depth': 3, 'trees': 536}. Best is trial 23 with value: 0.0035299869654437546.
[I 2025-06-27 03:26:39,003] Trial 50 finished with value: 0.0037552974979390905 and parameters: {'lr': 0.057291213500579315, 'leaves': 119, 'depth': 6, 'trees': 431}. Best is trial 23 with value: 0.0035299869654437546.
[I 2025-06-27 03:26:39,129] Trial 51 finished with value: 0.0035634514569531594 and parameters: {'lr': 0.02077631026067151, 'leaves': 45, 'depth': 4, 'trees': 307}. Best is trial 23 with value: 0.0035299869654437546.
[I 2025-06-27 03:26:39,268] Trial 52 finished with value: 0.00353772752456301 and parameters: {'lr': 0.01595795160462345, 'leaves': 116, 'depth': 4, 'trees': 333}. Best is trial 23 with value: 0.0035299869654437546.
[I 2025-06-27 03:26:39,450] Trial 53 finished with value: 0.0035423397640177547 and parameters: {'lr': 0.015309429283366564, 'leaves': 146, 'depth': 5, 'trees': 339}. Best is trial 23 with value: 0.0035299869654437546.
[I 2025-06-27 03:26:39,639] Trial 54 finished with value: 0.003553436536715974 and parameters: {'lr': 0.015391966571474836, 'leaves': 176, 'depth': 5, 'trees': 338}. Best is trial 23 with value: 0.0035299869654437546.
[I 2025-06-27 03:26:39,743] Trial 55 finished with value: 0.0036136951899331782 and parameters: {'lr': 0.023971339697959865, 'leaves': 118, 'depth': 3, 'trees': 330}. Best is trial 23 with value: 0.0035299869654437546.
[I 2025-06-27 03:26:39,966] Trial 56 finished with value: 0.0035656640316814162 and parameters: {'lr': 0.014946688604974627, 'leaves': 150, 'depth': 5, 'trees': 437}. Best is trial 23 with value: 0.0035299869654437546.
[I 2025-06-27 03:26:40,214] Trial 57 finished with value: 0.003588583690489878 and parameters: {'lr': 0.026805472052632787, 'leaves': 146, 'depth': 4, 'trees': 690}. Best is trial 23 with value: 0.0035299869654437546.
[I 2025-06-27 03:26:40,360] Trial 58 finished with value: 0.0035761208345118306 and parameters: {'lr': 0.023287285478637627, 'leaves': 98, 'depth': 4, 'trees': 363}. Best is trial 23 with value: 0.0035299869654437546.
[I 2025-06-27 03:26:40,486] Trial 59 finished with value: 0.0036375832486270298 and parameters: {'lr': 0.018100372035431887, 'leaves': 158, 'depth': 3, 'trees': 416}. Best is trial 23 with value: 0.0035299869654437546.
[I 2025-06-27 03:26:40,655] Trial 60 finished with value: 0.00363061579410949 and parameters: {'lr': 0.03265368688742445, 'leaves': 128, 'depth': 5, 'trees': 326}. Best is trial 23 with value: 0.0035299869654437546.
[I 2025-06-27 03:26:40,847] Trial 61 finished with value: 0.003553399233300868 and parameters: {'lr': 0.014578880964642738, 'leaves': 173, 'depth': 5, 'trees': 343}. Best is trial 23 with value: 0.0035299869654437546.
[I 2025-06-27 03:26:41,038] Trial 62 finished with value: 0.003528658974790993 and parameters: {'lr': 0.01456747924944713, 'leaves': 175, 'depth': 5, 'trees': 352}. Best is trial 62 with value: 0.003528658974790993.
[I 2025-06-27 03:26:41,274] Trial 63 finished with value: 0.0036899286976989788 and parameters: {'lr': 0.028969942279923673, 'leaves': 181, 'depth': 6, 'trees': 380}. Best is trial 62 with value: 0.003528658974790993.
[I 2025-06-27 03:26:41,423] Trial 64 finished with value: 0.0035347247744747837 and parameters: {'lr': 0.017001499336014764, 'leaves': 163, 'depth': 4, 'trees': 358}. Best is trial 62 with value: 0.003528658974790993.
[I 2025-06-27 03:26:41,555] Trial 65 finished with value: 0.003557883551401787 and parameters: {'lr': 0.01871407984340498, 'leaves': 196, 'depth': 4, 'trees': 302}. Best is trial 62 with value: 0.003528658974790993.
[I 2025-06-27 03:26:41,712] Trial 66 finished with value: 0.0035542076658426932 and parameters: {'lr': 0.02304642533459559, 'leaves': 212, 'depth': 3, 'trees': 408}. Best is trial 62 with value: 0.003528658974790993.
[I 2025-06-27 03:26:41,859] Trial 67 finished with value: 0.003719826528465979 and parameters: {'lr': 0.09484095872318662, 'leaves': 161, 'depth': 4, 'trees': 362}. Best is trial 62 with value: 0.003528658974790993.
[I 2025-06-27 03:26:42,030] Trial 68 finished with value: 0.00354266071249239 and parameters: {'lr': 0.02545177054365542, 'leaves': 166, 'depth': 4, 'trees': 475}. Best is trial 62 with value: 0.003528658974790993.
[I 2025-06-27 03:26:42,141] Trial 69 finished with value: 0.0036129959520819176 and parameters: {'lr': 0.0206346954382423, 'leaves': 115, 'depth': 3, 'trees': 321}. Best is trial 62 with value: 0.003528658974790993.
[I 2025-06-27 03:26:42,382] Trial 70 finished with value: 0.0035700499491426495 and parameters: {'lr': 0.017517577226286978, 'leaves': 63, 'depth': 4, 'trees': 591}. Best is trial 62 with value: 0.003528658974790993.
[I 2025-06-27 03:26:42,589] Trial 71 finished with value: 0.003598354738225078 and parameters: {'lr': 0.013460882043017628, 'leaves': 155, 'depth': 5, 'trees': 385}. Best is trial 62 with value: 0.003528658974790993.
[I 2025-06-27 03:26:42,753] Trial 72 finished with value: 0.0035262613416893697 and parameters: {'lr': 0.017000783977622825, 'leaves': 16, 'depth': 5, 'trees': 352}. Best is trial 72 with value: 0.0035262613416893697.
[I 2025-06-27 03:26:42,905] Trial 73 finished with value: 0.0035309313357574225 and parameters: {'lr': 0.016913582679681925, 'leaves': 36, 'depth': 4, 'trees': 361}. Best is trial 72 with value: 0.0035262613416893697.
[I 2025-06-27 03:26:43,052] Trial 74 finished with value: 0.0035384872917761092 and parameters: {'lr': 0.012444870615714941, 'leaves': 30, 'depth': 4, 'trees': 361}. Best is trial 72 with value: 0.0035262613416893697.
  CRPS: 0.003526, Params: {'lr': 0.017000783977622825, 'leaves': 16, 'depth': 5, 'trees': 352}