üìê Tuning for q=0.1
[I 2025-06-27 03:25:13,820] A new study created in memory with name: no-name-1b0fa6af-cc44-4f05-967e-934eac037594
[I 2025-06-27 03:25:14,593] Trial 0 finished with value: 0.003875498723931374 and parameters: {'lr': 0.04370861069626263, 'leaves': 245, 'depth': 8, 'trees': 719}. Best is trial 0 with value: 0.003875498723931374.
[I 2025-06-27 03:25:14,829] Trial 1 finished with value: 0.003453265666693502 and parameters: {'lr': 0.02404167763981929, 'leaves': 53, 'depth': 3, 'trees': 907}. Best is trial 1 with value: 0.003453265666693502.
[I 2025-06-27 03:25:15,070] Trial 2 finished with value: 0.0034603915649859597 and parameters: {'lr': 0.0641003510568888, 'leaves': 186, 'depth': 3, 'trees': 979}. Best is trial 1 with value: 0.003453265666693502.
[I 2025-06-27 03:25:15,221] Trial 3 finished with value: 0.0035517394007536025 and parameters: {'lr': 0.08491983767203796, 'leaves': 67, 'depth': 4, 'trees': 428}. Best is trial 1 with value: 0.003453265666693502.
[I 2025-06-27 03:25:15,571] Trial 4 finished with value: 0.0036964627125283594 and parameters: {'lr': 0.0373818018663584, 'leaves': 142, 'depth': 6, 'trees': 504}. Best is trial 1 with value: 0.003453265666693502.
[I 2025-06-27 03:25:15,850] Trial 5 finished with value: 0.0036393809482684015 and parameters: {'lr': 0.06506676052501416, 'leaves': 49, 'depth': 5, 'trees': 556}. Best is trial 1 with value: 0.003453265666693502.
[I 2025-06-27 03:25:16,150] Trial 6 finished with value: 0.003543697190668065 and parameters: {'lr': 0.05104629857953324, 'leaves': 205, 'depth': 4, 'trees': 660}. Best is trial 1 with value: 0.003453265666693502.
[I 2025-06-27 03:25:16,473] Trial 7 finished with value: 0.0038304467081006154 and parameters: {'lr': 0.06331731119758383, 'leaves': 27, 'depth': 7, 'trees': 419}. Best is trial 1 with value: 0.003453265666693502.
[I 2025-06-27 03:25:17,762] Trial 8 finished with value: 0.003964238294293752 and parameters: {'lr': 0.015854643368675158, 'leaves': 244, 'depth': 10, 'trees': 866}. Best is trial 1 with value: 0.003453265666693502.
[I 2025-06-27 03:25:18,368] Trial 9 finished with value: 0.003844614008674579 and parameters: {'lr': 0.037415239225603365, 'leaves': 39, 'depth': 8, 'trees': 608}. Best is trial 1 with value: 0.003453265666693502.
[I 2025-06-27 03:25:18,575] Trial 10 finished with value: 0.003396218172554328 and parameters: {'lr': 0.011948550583893854, 'leaves': 103, 'depth': 3, 'trees': 804}. Best is trial 10 with value: 0.003396218172554328.
[I 2025-06-27 03:25:18,819] Trial 11 finished with value: 0.0034210246463547292 and parameters: {'lr': 0.011383096359529386, 'leaves': 98, 'depth': 3, 'trees': 846}. Best is trial 10 with value: 0.003396218172554328.
[I 2025-06-27 03:25:19,068] Trial 12 finished with value: 0.0034587736306966603 and parameters: {'lr': 0.013091811819702875, 'leaves': 104, 'depth': 3, 'trees': 781}. Best is trial 10 with value: 0.003396218172554328.
[I 2025-06-27 03:25:19,437] Trial 13 finished with value: 0.0036861362728675922 and parameters: {'lr': 0.025824934667714978, 'leaves': 114, 'depth': 5, 'trees': 802}. Best is trial 10 with value: 0.003396218172554328.
[I 2025-06-27 03:25:19,928] Trial 14 finished with value: 0.0036118999036773925 and parameters: {'lr': 0.010973132161238951, 'leaves': 96, 'depth': 5, 'trees': 960}. Best is trial 10 with value: 0.003396218172554328.
[I 2025-06-27 03:25:20,241] Trial 15 finished with value: 0.003600074117852827 and parameters: {'lr': 0.0920725050896144, 'leaves': 150, 'depth': 4, 'trees': 803}. Best is trial 10 with value: 0.003396218172554328.
[I 2025-06-27 03:25:20,696] Trial 16 finished with value: 0.0037021084671201763 and parameters: {'lr': 0.026431573448723888, 'leaves': 86, 'depth': 6, 'trees': 704}. Best is trial 10 with value: 0.003396218172554328.
[I 2025-06-27 03:25:22,059] Trial 17 finished with value: 0.004050470576803905 and parameters: {'lr': 0.021944173435497562, 'leaves': 167, 'depth': 10, 'trees': 882}. Best is trial 10 with value: 0.003396218172554328.
[I 2025-06-27 03:25:22,253] Trial 18 finished with value: 0.0034244401167632583 and parameters: {'lr': 0.03364006742026936, 'leaves': 126, 'depth': 3, 'trees': 751}. Best is trial 10 with value: 0.003396218172554328.
[I 2025-06-27 03:25:22,557] Trial 19 finished with value: 0.00359202615826252 and parameters: {'lr': 0.07568513465785315, 'leaves': 75, 'depth': 4, 'trees': 846}. Best is trial 10 with value: 0.003396218172554328.
[I 2025-06-27 03:25:23,065] Trial 20 finished with value: 0.0037175934088593526 and parameters: {'lr': 0.04720726897234418, 'leaves': 120, 'depth': 7, 'trees': 643}. Best is trial 10 with value: 0.003396218172554328.
[I 2025-06-27 03:25:23,263] Trial 21 finished with value: 0.0034476111976526687 and parameters: {'lr': 0.03394604070160861, 'leaves': 131, 'depth': 3, 'trees': 738}. Best is trial 10 with value: 0.003396218172554328.
[I 2025-06-27 03:25:23,472] Trial 22 finished with value: 0.003418298246246559 and parameters: {'lr': 0.018690962627893874, 'leaves': 155, 'depth': 3, 'trees': 775}. Best is trial 10 with value: 0.003396218172554328.
[I 2025-06-27 03:25:23,611] Trial 23 finished with value: 0.0035118502654188175 and parameters: {'lr': 0.017649149068310232, 'leaves': 163, 'depth': 4, 'trees': 314}. Best is trial 10 with value: 0.003396218172554328.
[I 2025-06-27 03:25:24,067] Trial 24 finished with value: 0.0035666697063525617 and parameters: {'lr': 0.0100737696434319, 'leaves': 208, 'depth': 5, 'trees': 922}. Best is trial 10 with value: 0.003396218172554328.
[I 2025-06-27 03:25:24,274] Trial 25 finished with value: 0.003429470026266321 and parameters: {'lr': 0.019292216633393068, 'leaves': 96, 'depth': 3, 'trees': 825}. Best is trial 10 with value: 0.003396218172554328.
[I 2025-06-27 03:25:24,519] Trial 26 finished with value: 0.0035102156856147305 and parameters: {'lr': 0.03058918662362043, 'leaves': 171, 'depth': 4, 'trees': 681}. Best is trial 10 with value: 0.003396218172554328.
[I 2025-06-27 03:25:24,763] Trial 27 finished with value: 0.003421941883608709 and parameters: {'lr': 0.018751641978741764, 'leaves': 76, 'depth': 3, 'trees': 997}. Best is trial 10 with value: 0.003396218172554328.
[I 2025-06-27 03:25:25,886] Trial 28 finished with value: 0.004118071966906307 and parameters: {'lr': 0.041902900637746314, 'leaves': 147, 'depth': 9, 'trees': 932}. Best is trial 10 with value: 0.003396218172554328.
[I 2025-06-27 03:25:26,266] Trial 29 finished with value: 0.0037009494928462606 and parameters: {'lr': 0.05713934505640068, 'leaves': 110, 'depth': 5, 'trees': 757}. Best is trial 10 with value: 0.003396218172554328.
[I 2025-06-27 03:25:26,818] Trial 30 finished with value: 0.003728786063365024 and parameters: {'lr': 0.02841517985220838, 'leaves': 191, 'depth': 6, 'trees': 836}. Best is trial 10 with value: 0.003396218172554328.
[I 2025-06-27 03:25:27,064] Trial 31 finished with value: 0.0034231024974676477 and parameters: {'lr': 0.017920008770697684, 'leaves': 79, 'depth': 3, 'trees': 982}. Best is trial 10 with value: 0.003396218172554328.
[I 2025-06-27 03:25:27,312] Trial 32 finished with value: 0.0034089795762117965 and parameters: {'lr': 0.021024570230699098, 'leaves': 62, 'depth': 3, 'trees': 931}. Best is trial 10 with value: 0.003396218172554328.
[I 2025-06-27 03:25:27,599] Trial 33 finished with value: 0.0035262710478039666 and parameters: {'lr': 0.023253522370011673, 'leaves': 56, 'depth': 4, 'trees': 899}. Best is trial 10 with value: 0.003396218172554328.
[I 2025-06-27 03:25:27,778] Trial 34 finished with value: 0.003426145800078761 and parameters: {'lr': 0.011084333339866326, 'leaves': 18, 'depth': 3, 'trees': 713}. Best is trial 10 with value: 0.003396218172554328.
[I 2025-06-27 03:25:27,993] Trial 35 finished with value: 0.0034427544802762534 and parameters: {'lr': 0.022071308206127915, 'leaves': 61, 'depth': 3, 'trees': 884}. Best is trial 10 with value: 0.003396218172554328.
[I 2025-06-27 03:25:28,305] Trial 36 finished with value: 0.003497746018880559 and parameters: {'lr': 0.013456603476767347, 'leaves': 92, 'depth': 4, 'trees': 777}. Best is trial 10 with value: 0.003396218172554328.
[I 2025-06-27 03:25:28,540] Trial 37 finished with value: 0.0034439292856995713 and parameters: {'lr': 0.04213175369280705, 'leaves': 41, 'depth': 3, 'trees': 950}. Best is trial 10 with value: 0.003396218172554328.
[I 2025-06-27 03:25:28,836] Trial 38 finished with value: 0.0035007240689379753 and parameters: {'lr': 0.030050023132757307, 'leaves': 134, 'depth': 4, 'trees': 858}. Best is trial 10 with value: 0.003396218172554328.
[I 2025-06-27 03:25:29,098] Trial 39 finished with value: 0.0034278085019322996 and parameters: {'lr': 0.016357880290785214, 'leaves': 155, 'depth': 3, 'trees': 918}. Best is trial 10 with value: 0.003396218172554328.
[I 2025-06-27 03:25:29,310] Trial 40 finished with value: 0.003578479963352982 and parameters: {'lr': 0.09993641293753959, 'leaves': 70, 'depth': 4, 'trees': 601}. Best is trial 10 with value: 0.003396218172554328.
[I 2025-06-27 03:25:29,553] Trial 41 finished with value: 0.0033940074835936015 and parameters: {'lr': 0.02035627793613158, 'leaves': 104, 'depth': 3, 'trees': 1000}. Best is trial 41 with value: 0.0033940074835936015.
[I 2025-06-27 03:25:29,787] Trial 42 finished with value: 0.0034097841289780044 and parameters: {'lr': 0.02079909253100976, 'leaves': 105, 'depth': 3, 'trees': 948}. Best is trial 41 with value: 0.0033940074835936015.
[I 2025-06-27 03:25:30,038] Trial 43 finished with value: 0.0034263273444011884 and parameters: {'lr': 0.037263696796549686, 'leaves': 48, 'depth': 3, 'trees': 999}. Best is trial 41 with value: 0.0033940074835936015.
[I 2025-06-27 03:25:30,430] Trial 44 finished with value: 0.0035293262225039343 and parameters: {'lr': 0.024342766178266192, 'leaves': 111, 'depth': 4, 'trees': 948}. Best is trial 41 with value: 0.0033940074835936015.
[I 2025-06-27 03:25:30,697] Trial 45 finished with value: 0.003410357117082819 and parameters: {'lr': 0.020714269821962936, 'leaves': 139, 'depth': 3, 'trees': 953}. Best is trial 41 with value: 0.0033940074835936015.
[I 2025-06-27 03:25:31,167] Trial 46 finished with value: 0.00383470772027825 and parameters: {'lr': 0.07261631303514418, 'leaves': 140, 'depth': 5, 'trees': 969}. Best is trial 41 with value: 0.0033940074835936015.
[I 2025-06-27 03:25:32,012] Trial 47 finished with value: 0.003927031991470387 and parameters: {'lr': 0.03249614567083406, 'leaves': 103, 'depth': 8, 'trees': 908}. Best is trial 41 with value: 0.0033940074835936015.
[I 2025-06-27 03:25:32,353] Trial 48 finished with value: 0.003454641070756953 and parameters: {'lr': 0.014464971445120052, 'leaves': 120, 'depth': 4, 'trees': 959}. Best is trial 41 with value: 0.0033940074835936015.
[I 2025-06-27 03:25:32,598] Trial 49 finished with value: 0.003420736297399312 and parameters: {'lr': 0.027127762058452895, 'leaves': 85, 'depth': 3, 'trees': 880}. Best is trial 41 with value: 0.0033940074835936015.
[I 2025-06-27 03:25:32,791] Trial 50 finished with value: 0.0034987902535450833 and parameters: {'lr': 0.021828027054164506, 'leaves': 125, 'depth': 4, 'trees': 517}. Best is trial 41 with value: 0.0033940074835936015.
[I 2025-06-27 03:25:33,004] Trial 51 finished with value: 0.003452260454306082 and parameters: {'lr': 0.021034764803112088, 'leaves': 177, 'depth': 3, 'trees': 810}. Best is trial 41 with value: 0.0033940074835936015.
[I 2025-06-27 03:25:33,234] Trial 52 finished with value: 0.003458236352864362 and parameters: {'lr': 0.015099846537389189, 'leaves': 138, 'depth': 3, 'trees': 928}. Best is trial 41 with value: 0.0033940074835936015.
[I 2025-06-27 03:25:33,481] Trial 53 finished with value: 0.00340644044033182 and parameters: {'lr': 0.02683997468937525, 'leaves': 152, 'depth': 3, 'trees': 999}. Best is trial 41 with value: 0.0033940074835936015.
[I 2025-06-27 03:25:33,724] Trial 54 finished with value: 0.0034354734564261825 and parameters: {'lr': 0.037319792478463266, 'leaves': 106, 'depth': 3, 'trees': 1000}. Best is trial 41 with value: 0.0033940074835936015.
[I 2025-06-27 03:25:34,044] Trial 55 finished with value: 0.0035465730481181765 and parameters: {'lr': 0.024982214319499384, 'leaves': 87, 'depth': 4, 'trees': 942}. Best is trial 41 with value: 0.0033940074835936015.
[I 2025-06-27 03:25:34,278] Trial 56 finished with value: 0.003404787777197792 and parameters: {'lr': 0.027587312615427226, 'leaves': 118, 'depth': 3, 'trees': 968}. Best is trial 41 with value: 0.0033940074835936015.
[I 2025-06-27 03:25:34,513] Trial 57 finished with value: 0.0034449980943040428 and parameters: {'lr': 0.045785608986353005, 'leaves': 64, 'depth': 3, 'trees': 977}. Best is trial 41 with value: 0.0033940074835936015.
[I 2025-06-27 03:25:35,498] Trial 58 finished with value: 0.003999369329963493 and parameters: {'lr': 0.05377903633716677, 'leaves': 124, 'depth': 9, 'trees': 895}. Best is trial 41 with value: 0.0033940074835936015.
[I 2025-06-27 03:25:35,802] Trial 59 finished with value: 0.0035191864632959824 and parameters: {'lr': 0.027237711730771205, 'leaves': 116, 'depth': 4, 'trees': 868}. Best is trial 41 with value: 0.0033940074835936015.
[I 2025-06-27 03:25:36,587] Trial 60 finished with value: 0.003835909184120569 and parameters: {'lr': 0.030708652009074917, 'leaves': 100, 'depth': 7, 'trees': 978}. Best is trial 41 with value: 0.0033940074835936015.
[I 2025-06-27 03:25:36,826] Trial 61 finished with value: 0.0034229019582912934 and parameters: {'lr': 0.019575218793026955, 'leaves': 132, 'depth': 3, 'trees': 956}. Best is trial 41 with value: 0.0033940074835936015.
[I 2025-06-27 03:25:37,062] Trial 62 finished with value: 0.0034054250328366628 and parameters: {'lr': 0.014512557745043333, 'leaves': 145, 'depth': 3, 'trees': 922}. Best is trial 41 with value: 0.0033940074835936015.
[I 2025-06-27 03:25:37,287] Trial 63 finished with value: 0.0034309358252538006 and parameters: {'lr': 0.013889081613734928, 'leaves': 158, 'depth': 3, 'trees': 915}. Best is trial 41 with value: 0.0033940074835936015.
[I 2025-06-27 03:25:37,531] Trial 64 finished with value: 0.0034071912052255583 and parameters: {'lr': 0.015305913864875497, 'leaves': 145, 'depth': 3, 'trees': 978}. Best is trial 41 with value: 0.0033940074835936015.
[I 2025-06-27 03:25:37,895] Trial 65 finished with value: 0.0034993762897502926 and parameters: {'lr': 0.011096758729873264, 'leaves': 255, 'depth': 4, 'trees': 981}. Best is trial 41 with value: 0.0033940074835936015.
[I 2025-06-27 03:25:38,335] Trial 66 finished with value: 0.0035889412184675813 and parameters: {'lr': 0.015973780264055878, 'leaves': 147, 'depth': 5, 'trees': 928}. Best is trial 41 with value: 0.0033940074835936015.
[I 2025-06-27 03:25:38,569] Trial 67 finished with value: 0.0034263640501336103 and parameters: {'lr': 0.01712875889847737, 'leaves': 183, 'depth': 3, 'trees': 900}. Best is trial 41 with value: 0.0033940074835936015.
[I 2025-06-27 03:25:38,686] Trial 68 finished with value: 0.0033708506001757835 and parameters: {'lr': 0.03495805963976429, 'leaves': 167, 'depth': 3, 'trees': 380}. Best is trial 68 with value: 0.0033708506001757835.
[I 2025-06-27 03:25:38,837] Trial 69 finished with value: 0.003503266053220284 and parameters: {'lr': 0.034616676803309716, 'leaves': 194, 'depth': 4, 'trees': 359}. Best is trial 68 with value: 0.0033708506001757835.
[I 2025-06-27 03:25:38,968] Trial 70 finished with value: 0.003426219913888637 and parameters: {'lr': 0.025940171610890093, 'leaves': 215, 'depth': 3, 'trees': 436}. Best is trial 68 with value: 0.0033708506001757835.
[I 2025-06-27 03:25:39,110] Trial 71 finished with value: 0.0034453473162270615 and parameters: {'lr': 0.012865599802274245, 'leaves': 166, 'depth': 3, 'trees': 474}. Best is trial 68 with value: 0.0033708506001757835.
[I 2025-06-27 03:25:39,266] Trial 72 finished with value: 0.003436927214884385 and parameters: {'lr': 0.029097535680109903, 'leaves': 146, 'depth': 3, 'trees': 550}. Best is trial 68 with value: 0.0033708506001757835.
[I 2025-06-27 03:25:39,517] Trial 73 finished with value: 0.0034955224494288457 and parameters: {'lr': 0.024209597340528743, 'leaves': 173, 'depth': 3, 'trees': 998}. Best is trial 68 with value: 0.0033708506001757835.
[I 2025-06-27 03:25:39,685] Trial 74 finished with value: 0.003427911223218472 and parameters: {'lr': 0.01031163059316759, 'leaves': 161, 'depth': 3, 'trees': 603}. Best is trial 68 with value: 0.0033708506001757835.
  CRPS: 0.003371, Params: {'lr': 0.03495805963976429, 'leaves': 167, 'depth': 3, 'trees': 380}

üìê Tuning for q=0.5
[I 2025-06-27 03:25:39,687] A new study created in memory with name: no-name-8a2fa29a-cb4a-4394-b61b-b25d6674557b
[I 2025-06-27 03:25:40,344] Trial 0 finished with value: 0.0075104837931699465 and parameters: {'lr': 0.04370861069626263, 'leaves': 245, 'depth': 8, 'trees': 719}. Best is trial 0 with value: 0.0075104837931699465.
[I 2025-06-27 03:25:40,547] Trial 1 finished with value: 0.0073889637166514865 and parameters: {'lr': 0.02404167763981929, 'leaves': 53, 'depth': 3, 'trees': 907}. Best is trial 1 with value: 0.0073889637166514865.
[I 2025-06-27 03:25:40,783] Trial 2 finished with value: 0.007501581729494899 and parameters: {'lr': 0.0641003510568888, 'leaves': 186, 'depth': 3, 'trees': 979}. Best is trial 1 with value: 0.0073889637166514865.
[I 2025-06-27 03:25:40,928] Trial 3 finished with value: 0.007546527751574339 and parameters: {'lr': 0.08491983767203796, 'leaves': 67, 'depth': 4, 'trees': 428}. Best is trial 1 with value: 0.0073889637166514865.
[I 2025-06-27 03:25:41,216] Trial 4 finished with value: 0.007450779256461728 and parameters: {'lr': 0.0373818018663584, 'leaves': 142, 'depth': 6, 'trees': 504}. Best is trial 1 with value: 0.0073889637166514865.
[I 2025-06-27 03:25:41,450] Trial 5 finished with value: 0.0075341741335942574 and parameters: {'lr': 0.06506676052501416, 'leaves': 49, 'depth': 5, 'trees': 556}. Best is trial 1 with value: 0.0073889637166514865.
[I 2025-06-27 03:25:41,664] Trial 6 finished with value: 0.007437245794039863 and parameters: {'lr': 0.05104629857953324, 'leaves': 205, 'depth': 4, 'trees': 660}. Best is trial 1 with value: 0.0073889637166514865.
[I 2025-06-27 03:25:41,918] Trial 7 finished with value: 0.007487970202313322 and parameters: {'lr': 0.06331731119758383, 'leaves': 27, 'depth': 7, 'trees': 419}. Best is trial 1 with value: 0.0073889637166514865.
[I 2025-06-27 03:25:42,992] Trial 8 finished with value: 0.0073418132629648105 and parameters: {'lr': 0.015854643368675158, 'leaves': 244, 'depth': 10, 'trees': 866}. Best is trial 8 with value: 0.0073418132629648105.
[I 2025-06-27 03:25:43,450] Trial 9 finished with value: 0.007513837624374441 and parameters: {'lr': 0.037415239225603365, 'leaves': 39, 'depth': 8, 'trees': 608}. Best is trial 8 with value: 0.0073418132629648105.
[I 2025-06-27 03:25:44,459] Trial 10 finished with value: 0.007337297983800859 and parameters: {'lr': 0.011849212884186852, 'leaves': 130, 'depth': 10, 'trees': 823}. Best is trial 10 with value: 0.007337297983800859.
[I 2025-06-27 03:25:45,483] Trial 11 finished with value: 0.007432053375173658 and parameters: {'lr': 0.011308678764612792, 'leaves': 113, 'depth': 10, 'trees': 833}. Best is trial 10 with value: 0.007337297983800859.
[I 2025-06-27 03:25:47,647] Trial 12 finished with value: 0.0074365232592656615 and parameters: {'lr': 0.013089898601571585, 'leaves': 134, 'depth': 10, 'trees': 788}. Best is trial 10 with value: 0.007337297983800859.
[I 2025-06-27 03:25:49,377] Trial 13 finished with value: 0.007384329637444916 and parameters: {'lr': 0.02600838409294509, 'leaves': 255, 'depth': 9, 'trees': 851}. Best is trial 10 with value: 0.007337297983800859.
[I 2025-06-27 03:25:50,778] Trial 14 finished with value: 0.007394946811207389 and parameters: {'lr': 0.024404846319239736, 'leaves': 177, 'depth': 9, 'trees': 964}. Best is trial 10 with value: 0.007337297983800859.
[I 2025-06-27 03:25:52,435] Trial 15 finished with value: 0.0076357525529462105 and parameters: {'lr': 0.0920725050896144, 'leaves': 94, 'depth': 10, 'trees': 757}. Best is trial 10 with value: 0.007337297983800859.
[I 2025-06-27 03:25:53,330] Trial 16 finished with value: 0.007436539171462426 and parameters: {'lr': 0.011376326870701088, 'leaves': 153, 'depth': 8, 'trees': 895}. Best is trial 10 with value: 0.007337297983800859.
[I 2025-06-27 03:25:54,579] Trial 17 finished with value: 0.0074671424787700206 and parameters: {'lr': 0.02754010113565026, 'leaves': 214, 'depth': 9, 'trees': 687}. Best is trial 10 with value: 0.007337297983800859.
[I 2025-06-27 03:25:55,544] Trial 18 finished with value: 0.007447707436144421 and parameters: {'lr': 0.01834762822426231, 'leaves': 95, 'depth': 7, 'trees': 780}. Best is trial 10 with value: 0.007337297983800859.
[I 2025-06-27 03:25:57,342] Trial 19 finished with value: 0.007691914868025738 and parameters: {'lr': 0.07568513465785315, 'leaves': 224, 'depth': 10, 'trees': 907}. Best is trial 10 with value: 0.007337297983800859.
[I 2025-06-27 03:25:58,029] Trial 20 finished with value: 0.007463550271200579 and parameters: {'lr': 0.0337816917260767, 'leaves': 166, 'depth': 6, 'trees': 991}. Best is trial 10 with value: 0.007337297983800859.
[I 2025-06-27 03:25:59,177] Trial 21 finished with value: 0.007444212292516344 and parameters: {'lr': 0.02033280052223734, 'leaves': 253, 'depth': 9, 'trees': 848}. Best is trial 10 with value: 0.007337297983800859.
[I 2025-06-27 03:26:00,400] Trial 22 finished with value: 0.007409453072317576 and parameters: {'lr': 0.029674513456708868, 'leaves': 234, 'depth': 9, 'trees': 839}. Best is trial 10 with value: 0.007337297983800859.
[I 2025-06-27 03:26:00,899] Trial 23 finished with value: 0.0075007736018074265 and parameters: {'lr': 0.04821175877227903, 'leaves': 200, 'depth': 10, 'trees': 314}. Best is trial 10 with value: 0.007337297983800859.
