üìê Tuning for q=0.1
[I 2025-06-27 03:55:04,020] A new study created in memory with name: no-name-f7188786-3f3a-4bb9-ab1a-51f7a22e978f
Training until validation scores don't improve for 50 rounds
Early stopping, best iteration is:
[105]   train's quantile: 0.00370386    valid's quantile: 0.00358926
[27320:MainThread](2025-06-27 03:55:04,205) INFO - qlib.workflow - [exp.py:258] - Experiment 397207806859170157 starts running ...
[27320:MainThread](2025-06-27 03:55:04,852) INFO - qlib.workflow - [recorder.py:345] - Recorder b84e81fff9a645789b5bfbe0c2a6064f starts running under Experiment 397207806859170157 ...
[I 2025-06-27 03:55:05,025] Trial 0 finished with value: 0.003589264861361668 and parameters: {'lr': 0.04370861069626263, 'depth': 10}. Best is trial 0 with value: 0.003589264861361668.
Training until validation scores don't improve for 50 rounds
Early stopping, best iteration is:
[60]    train's quantile: 0.0038094     valid's quantile: 0.00360365
[I 2025-06-27 03:55:05,173] Trial 1 finished with value: 0.003603654959022233 and parameters: {'lr': 0.07587945476302646, 'depth': 7}. Best is trial 0 with value: 0.003589264861361668.
Training until validation scores don't improve for 50 rounds
Early stopping, best iteration is:
[205]   train's quantile: 0.00449716    valid's quantile: 0.00349181
[I 2025-06-27 03:55:05,355] Trial 2 finished with value: 0.003491807618252665 and parameters: {'lr': 0.02404167763981929, 'depth': 4}. Best is trial 2 with value: 0.003491807618252665.
Training until validation scores don't improve for 50 rounds
Early stopping, best iteration is:
[344]   train's quantile: 0.00362133    valid's quantile: 0.00365115
[I 2025-06-27 03:55:05,900] Trial 3 finished with value: 0.0036511458072272583 and parameters: {'lr': 0.015227525095137952, 'depth': 9}. Best is trial 2 with value: 0.003491807618252665.
Training until validation scores don't improve for 50 rounds
Early stopping, best iteration is:
[65]    train's quantile: 0.00381266    valid's quantile: 0.00365023
[I 2025-06-27 03:55:06,084] Trial 4 finished with value: 0.0036502319242564655 and parameters: {'lr': 0.0641003510568888, 'depth': 8}. Best is trial 2 with value: 0.003491807618252665.
Training until validation scores don't improve for 50 rounds
Early stopping, best iteration is:
[418]   train's quantile: 0.00367309    valid's quantile: 0.00367395
[I 2025-06-27 03:55:06,801] Trial 5 finished with value: 0.003673954143745703 and parameters: {'lr': 0.011852604486622221, 'depth': 10}. Best is trial 2 with value: 0.003491807618252665.
Training until validation scores don't improve for 50 rounds
Early stopping, best iteration is:
[75]    train's quantile: 0.00439626    valid's quantile: 0.00346033
[I 2025-06-27 03:55:06,905] Trial 6 finished with value: 0.0034603323721358967 and parameters: {'lr': 0.08491983767203796, 'depth': 4}. Best is trial 6 with value: 0.0034603323721358967.
Training until validation scores don't improve for 50 rounds
Early stopping, best iteration is:
[310]   train's quantile: 0.00428266    valid's quantile: 0.00353747
[I 2025-06-27 03:55:07,158] Trial 7 finished with value: 0.00353746976200004 and parameters: {'lr': 0.02636424704863906, 'depth': 4}. Best is trial 6 with value: 0.0034603323721358967.
Training until validation scores don't improve for 50 rounds
Early stopping, best iteration is:
[193]   train's quantile: 0.00356289    valid's quantile: 0.003657
[I 2025-06-27 03:55:07,486] Trial 8 finished with value: 0.003657002831427419 and parameters: {'lr': 0.0373818018663584, 'depth': 7}. Best is trial 6 with value: 0.0034603323721358967.
Training until validation scores don't improve for 50 rounds
Early stopping, best iteration is:
[129]   train's quantile: 0.00411602    valid's quantile: 0.00357943
[I 2025-06-27 03:55:07,644] Trial 9 finished with value: 0.00357943198385018 and parameters: {'lr': 0.048875051677790424, 'depth': 5}. Best is trial 6 with value: 0.0034603323721358967.
Training until validation scores don't improve for 50 rounds
Early stopping, best iteration is:
[118]   train's quantile: 0.00449548    valid's quantile: 0.00339307
[I 2025-06-27 03:55:07,749] Trial 10 finished with value: 0.0033930729560289604 and parameters: {'lr': 0.09801964666730802, 'depth': 3}. Best is trial 10 with value: 0.0033930729560289604.
Training until validation scores don't improve for 50 rounds
Early stopping, best iteration is:
[67]    train's quantile: 0.00467958    valid's quantile: 0.00343715
[I 2025-06-27 03:55:07,830] Trial 11 finished with value: 0.0034371475459059205 and parameters: {'lr': 0.09725833997090795, 'depth': 3}. Best is trial 10 with value: 0.0033930729560289604.
Training until validation scores don't improve for 50 rounds
Early stopping, best iteration is:
[145]   train's quantile: 0.00430021    valid's quantile: 0.00341304
[I 2025-06-27 03:55:07,948] Trial 12 finished with value: 0.003413044140746596 and parameters: {'lr': 0.09918356423396688, 'depth': 3}. Best is trial 10 with value: 0.0033930729560289604.
Training until validation scores don't improve for 50 rounds
Early stopping, best iteration is:
[65]    train's quantile: 0.00467867    valid's quantile: 0.00342123
[I 2025-06-27 03:55:08,031] Trial 13 finished with value: 0.0034212281249659006 and parameters: {'lr': 0.09891610524586035, 'depth': 3}. Best is trial 10 with value: 0.0033930729560289604.
Training until validation scores don't improve for 50 rounds
Early stopping, best iteration is:
[169]   train's quantile: 0.00365584    valid's quantile: 0.00359101
[I 2025-06-27 03:55:08,217] Trial 14 finished with value: 0.003591006635375414 and parameters: {'lr': 0.08261380585443324, 'depth': 5}. Best is trial 10 with value: 0.0033930729560289604.
Training until validation scores don't improve for 50 rounds
Early stopping, best iteration is:
[97]    train's quantile: 0.0038165     valid's quantile: 0.00367396
[I 2025-06-27 03:55:08,398] Trial 15 finished with value: 0.0036739593957953853 and parameters: {'lr': 0.06333563501490069, 'depth': 6}. Best is trial 10 with value: 0.0033930729560289604.
Training until validation scores don't improve for 50 rounds
Early stopping, best iteration is:
[163]   train's quantile: 0.00433028    valid's quantile: 0.00341214
[I 2025-06-27 03:55:08,522] Trial 16 finished with value: 0.0034121357111517258 and parameters: {'lr': 0.08916562702921467, 'depth': 3}. Best is trial 10 with value: 0.0033930729560289604.
Training until validation scores don't improve for 50 rounds
Early stopping, best iteration is:
[66]    train's quantile: 0.00410091    valid's quantile: 0.00353059
[I 2025-06-27 03:55:08,644] Trial 17 finished with value: 0.0035305942803986884 and parameters: {'lr': 0.08720850508389323, 'depth': 5}. Best is trial 10 with value: 0.0033930729560289604.
Training until validation scores don't improve for 50 rounds
Early stopping, best iteration is:
[122]   train's quantile: 0.00357788    valid's quantile: 0.00362372
[I 2025-06-27 03:55:08,847] Trial 18 finished with value: 0.0036237186608655374 and parameters: {'lr': 0.0720901381014723, 'depth': 6}. Best is trial 10 with value: 0.0033930729560289604.
Training until validation scores don't improve for 50 rounds
Early stopping, best iteration is:
[99]    train's quantile: 0.00456425    valid's quantile: 0.00341646
[I 2025-06-27 03:55:08,944] Trial 19 finished with value: 0.003416459180580992 and parameters: {'lr': 0.08976725153285717, 'depth': 3}. Best is trial 10 with value: 0.0033930729560289604.
Training until validation scores don't improve for 50 rounds
Early stopping, best iteration is:
[228]   train's quantile: 0.00388328    valid's quantile: 0.00343272
[I 2025-06-27 03:55:09,134] Trial 20 finished with value: 0.003432723199707646 and parameters: {'lr': 0.07287442359476011, 'depth': 4}. Best is trial 10 with value: 0.0033930729560289604.
Training until validation scores don't improve for 50 rounds
Early stopping, best iteration is:
[139]   train's quantile: 0.00434318    valid's quantile: 0.00343248
[I 2025-06-27 03:55:09,251] Trial 21 finished with value: 0.0034324759708063775 and parameters: {'lr': 0.09979339641013689, 'depth': 3}. Best is trial 10 with value: 0.0033930729560289604.
Training until validation scores don't improve for 50 rounds
Early stopping, best iteration is:
[71]    train's quantile: 0.00468822    valid's quantile: 0.00345071
[I 2025-06-27 03:55:09,335] Trial 22 finished with value: 0.0034507107129976935 and parameters: {'lr': 0.09255712173035743, 'depth': 3}. Best is trial 10 with value: 0.0033930729560289604.
Training until validation scores don't improve for 50 rounds
Early stopping, best iteration is:
[104]   train's quantile: 0.00426104    valid's quantile: 0.00343962
[I 2025-06-27 03:55:09,454] Trial 23 finished with value: 0.0034396174063100107 and parameters: {'lr': 0.07947366253841742, 'depth': 4}. Best is trial 10 with value: 0.0033930729560289604.
Training until validation scores don't improve for 50 rounds
Early stopping, best iteration is:
[91]    train's quantile: 0.00385827    valid's quantile: 0.00356332
[I 2025-06-27 03:55:09,597] Trial 24 finished with value: 0.0035633154808677485 and parameters: {'lr': 0.0930310488711314, 'depth': 5}. Best is trial 10 with value: 0.0033930729560289604.
Training until validation scores don't improve for 50 rounds
Early stopping, best iteration is:
[211]   train's quantile: 0.00439389    valid's quantile: 0.00340896
[I 2025-06-27 03:55:09,754] Trial 25 finished with value: 0.003408955218465845 and parameters: {'lr': 0.06451716747577774, 'depth': 3}. Best is trial 10 with value: 0.0033930729560289604.
Training until validation scores don't improve for 50 rounds
Early stopping, best iteration is:
[140]   train's quantile: 0.00419976    valid's quantile: 0.00348411
[I 2025-06-27 03:55:09,902] Trial 26 finished with value: 0.0034841149785428617 and parameters: {'lr': 0.06249044385696949, 'depth': 4}. Best is trial 10 with value: 0.0033930729560289604.
Training until validation scores don't improve for 50 rounds
Early stopping, best iteration is:
[216]   train's quantile: 0.00443542    valid's quantile: 0.0034416
[I 2025-06-27 03:55:10,061] Trial 27 finished with value: 0.003441600988484479 and parameters: {'lr': 0.054737685424976736, 'depth': 3}. Best is trial 10 with value: 0.0033930729560289604.
Training until validation scores don't improve for 50 rounds
Early stopping, best iteration is:
[98]    train's quantile: 0.00380091    valid's quantile: 0.00357912
[I 2025-06-27 03:55:10,233] Trial 28 finished with value: 0.003579121641092822 and parameters: {'lr': 0.06998455914439206, 'depth': 6}. Best is trial 10 with value: 0.0033930729560289604.
Training until validation scores don't improve for 50 rounds
Early stopping, best iteration is:
[155]   train's quantile: 0.00410688    valid's quantile: 0.00357077
[I 2025-06-27 03:55:10,482] Trial 29 finished with value: 0.003570767293213144 and parameters: {'lr': 0.040379488313752786, 'depth': 5}. Best is trial 10 with value: 0.0033930729560289604.
Training until validation scores don't improve for 50 rounds
Early stopping, best iteration is:
[96]    train's quantile: 0.00362014    valid's quantile: 0.00363837
[I 2025-06-27 03:55:10,705] Trial 30 finished with value: 0.0036383655313481137 and parameters: {'lr': 0.05459715737098404, 'depth': 9}. Best is trial 10 with value: 0.0033930729560289604.
Training until validation scores don't improve for 50 rounds
Early stopping, best iteration is:
[92]    train's quantile: 0.00460274    valid's quantile: 0.00344504
[I 2025-06-27 03:55:10,800] Trial 31 finished with value: 0.003445035651242252 and parameters: {'lr': 0.09293225394479523, 'depth': 3}. Best is trial 10 with value: 0.0033930729560289604.
Training until validation scores don't improve for 50 rounds
Early stopping, best iteration is:
[201]   train's quantile: 0.0043438     valid's quantile: 0.00341286
[I 2025-06-27 03:55:10,942] Trial 32 finished with value: 0.0034128645295675923 and parameters: {'lr': 0.07844991765519686, 'depth': 3}. Best is trial 10 with value: 0.0033930729560289604.
Training until validation scores don't improve for 50 rounds
Early stopping, best iteration is:
[100]   train's quantile: 0.00425832    valid's quantile: 0.00351088
[I 2025-06-27 03:55:11,068] Trial 33 finished with value: 0.003510884026492395 and parameters: {'lr': 0.08079650845929989, 'depth': 4}. Best is trial 10 with value: 0.0033930729560289604.
Training until validation scores don't improve for 50 rounds
Early stopping, best iteration is:
[118]   train's quantile: 0.00426593    valid's quantile: 0.0034835
[I 2025-06-27 03:55:11,198] Trial 34 finished with value: 0.0034834951845283805 and parameters: {'lr': 0.06681710922577996, 'depth': 4}. Best is trial 10 with value: 0.0033930729560289604.
Training until validation scores don't improve for 50 rounds
Early stopping, best iteration is:
[100]   train's quantile: 0.00462383    valid's quantile: 0.00342339
[I 2025-06-27 03:55:11,298] Trial 35 finished with value: 0.003423385959996866 and parameters: {'lr': 0.07764623477595875, 'depth': 3}. Best is trial 10 with value: 0.0033930729560289604.
Training until validation scores don't improve for 50 rounds
Early stopping, best iteration is:
[78]    train's quantile: 0.00349182    valid's quantile: 0.00374475
[I 2025-06-27 03:55:11,489] Trial 36 finished with value: 0.003744749177244451 and parameters: {'lr': 0.08617029774205709, 'depth': 8}. Best is trial 10 with value: 0.0033930729560289604.
Training until validation scores don't improve for 50 rounds
Early stopping, best iteration is:
[110]   train's quantile: 0.00437223    valid's quantile: 0.00348316
[I 2025-06-27 03:55:11,620] Trial 37 finished with value: 0.0034831595981050386 and parameters: {'lr': 0.05902304784535051, 'depth': 4}. Best is trial 10 with value: 0.0033930729560289604.
Training until validation scores don't improve for 50 rounds
Early stopping, best iteration is:
[134]   train's quantile: 0.00449841    valid's quantile: 0.00338847
[I 2025-06-27 03:55:11,737] Trial 38 finished with value: 0.003388474229913704 and parameters: {'lr': 0.07555423584917885, 'depth': 3}. Best is trial 38 with value: 0.003388474229913704.
Training until validation scores don't improve for 50 rounds
Early stopping, best iteration is:
[72]    train's quantile: 0.00449237    valid's quantile: 0.00342441
[I 2025-06-27 03:55:11,839] Trial 39 finished with value: 0.0034244077879948273 and parameters: {'lr': 0.07493229922289033, 'depth': 4}. Best is trial 38 with value: 0.003388474229913704.
Training until validation scores don't improve for 50 rounds
Early stopping, best iteration is:
[283]   train's quantile: 0.00415219    valid's quantile: 0.00337566
[I 2025-06-27 03:55:12,030] Trial 40 finished with value: 0.0033756601758732365 and parameters: {'lr': 0.08843022747146786, 'depth': 3}. Best is trial 40 with value: 0.0033756601758732365.
Training until validation scores don't improve for 50 rounds
Early stopping, best iteration is:
[148]   train's quantile: 0.00436341    valid's quantile: 0.00339897
[I 2025-06-27 03:55:12,151] Trial 41 finished with value: 0.0033989656053076984 and parameters: {'lr': 0.08907593232418257, 'depth': 3}. Best is trial 40 with value: 0.0033756601758732365.
Training until validation scores don't improve for 50 rounds
Early stopping, best iteration is:
[126]   train's quantile: 0.00405445    valid's quantile: 0.00344685
[I 2025-06-27 03:55:12,287] Trial 42 finished with value: 0.0034468542628807095 and parameters: {'lr': 0.08388612089217365, 'depth': 4}. Best is trial 40 with value: 0.0033756601758732365.
Training until validation scores don't improve for 50 rounds
Early stopping, best iteration is:
[74]    train's quantile: 0.0046703     valid's quantile: 0.00344109
[I 2025-06-27 03:55:12,380] Trial 43 finished with value: 0.00344108991831542 and parameters: {'lr': 0.09408876793307296, 'depth': 3}. Best is trial 40 with value: 0.0033756601758732365.
Training until validation scores don't improve for 50 rounds
Early stopping, best iteration is:
[156]   train's quantile: 0.00449821    valid's quantile: 0.00345385
[I 2025-06-27 03:55:12,509] Trial 44 finished with value: 0.00345385064648908 and parameters: {'lr': 0.06845808081972585, 'depth': 3}. Best is trial 40 with value: 0.0033756601758732365.
Training until validation scores don't improve for 50 rounds
Early stopping, best iteration is:
[232]   train's quantile: 0.00449648    valid's quantile: 0.0033803
[I 2025-06-27 03:55:12,674] Trial 45 finished with value: 0.003380304949673556 and parameters: {'lr': 0.0476404736663144, 'depth': 3}. Best is trial 40 with value: 0.0033756601758732365.
Training until validation scores don't improve for 50 rounds
Early stopping, best iteration is:
[202]   train's quantile: 0.00356687    valid's quantile: 0.00365097
[I 2025-06-27 03:55:13,072] Trial 46 finished with value: 0.0036509673895237112 and parameters: {'lr': 0.028413276734322698, 'depth': 10}. Best is trial 40 with value: 0.0033756601758732365.
Training until validation scores don't improve for 50 rounds
Early stopping, best iteration is:
[110]   train's quantile: 0.00374354    valid's quantile: 0.003686
[I 2025-06-27 03:55:13,300] Trial 47 finished with value: 0.0036860032896837715 and parameters: {'lr': 0.04985750181394885, 'depth': 7}. Best is trial 40 with value: 0.0033756601758732365.
Training until validation scores don't improve for 50 rounds
Early stopping, best iteration is:
[151]   train's quantile: 0.00451527    valid's quantile: 0.00355404
[I 2025-06-27 03:55:13,464] Trial 48 finished with value: 0.0035540408298411165 and parameters: {'lr': 0.03202754805485966, 'depth': 4}. Best is trial 40 with value: 0.0033756601758732365.
Training until validation scores don't improve for 50 rounds
Early stopping, best iteration is:
[174]   train's quantile: 0.0039023     valid's quantile: 0.00357841
[I 2025-06-27 03:55:13,662] Trial 49 finished with value: 0.0035784130224431458 and parameters: {'lr': 0.04962395964104287, 'depth': 5}. Best is trial 40 with value: 0.0033756601758732365.
  CRPS: 0.003376, Params: {'lr': 0.08843022747146786, 'depth': 3}

üìê Tuning for q=0.5
[I 2025-06-27 03:55:13,666] A new study created in memory with name: no-name-340f4c99-b076-480c-bf76-d6100364b1bc
Training until validation scores don't improve for 50 rounds
Early stopping, best iteration is:
[169]   train's quantile: 0.00844021    valid's quantile: 0.00741582
[I 2025-06-27 03:55:13,986] Trial 0 finished with value: 0.007415822853833844 and parameters: {'lr': 0.04370861069626263, 'depth': 10}. Best is trial 0 with value: 0.007415822853833844.
Training until validation scores don't improve for 50 rounds
Early stopping, best iteration is:
[89]    train's quantile: 0.00911056    valid's quantile: 0.00742489
[I 2025-06-27 03:55:14,162] Trial 1 finished with value: 0.007424887698170724 and parameters: {'lr': 0.07587945476302646, 'depth': 7}. Best is trial 0 with value: 0.007415822853833844.
Training until validation scores don't improve for 50 rounds
Early stopping, best iteration is:
[215]   train's quantile: 0.0106975     valid's quantile: 0.00733639
[I 2025-06-27 03:55:14,340] Trial 2 finished with value: 0.007336385460327019 and parameters: {'lr': 0.02404167763981929, 'depth': 4}. Best is trial 2 with value: 0.007336385460327019.
Training until validation scores don't improve for 50 rounds
Early stopping, best iteration is:
[204]   train's quantile: 0.00986118    valid's quantile: 0.00748335
[I 2025-06-27 03:55:14,692] Trial 3 finished with value: 0.007483352443615106 and parameters: {'lr': 0.015227525095137952, 'depth': 9}. Best is trial 2 with value: 0.007336385460327019.
Training until validation scores don't improve for 50 rounds
Early stopping, best iteration is:
[57]    train's quantile: 0.00971142    valid's quantile: 0.00740244
[I 2025-06-27 03:55:14,850] Trial 4 finished with value: 0.007402440719500597 and parameters: {'lr': 0.0641003510568888, 'depth': 8}. Best is trial 2 with value: 0.007336385460327019.
Training until validation scores don't improve for 50 rounds
Early stopping, best iteration is:
[260]   train's quantile: 0.0098274     valid's quantile: 0.00743187
[I 2025-06-27 03:55:15,316] Trial 5 finished with value: 0.007431871970523531 and parameters: {'lr': 0.011852604486622221, 'depth': 10}. Best is trial 2 with value: 0.007336385460327019.
Training until validation scores don't improve for 50 rounds
Early stopping, best iteration is:
[44]    train's quantile: 0.0109445     valid's quantile: 0.00741566
[I 2025-06-27 03:55:15,394] Trial 6 finished with value: 0.0074156554682247265 and parameters: {'lr': 0.08491983767203796, 'depth': 4}. Best is trial 2 with value: 0.007336385460327019.
Training until validation scores don't improve for 50 rounds
Early stopping, best iteration is:
[171]   train's quantile: 0.0107721     valid's quantile: 0.00740588
[I 2025-06-27 03:55:15,545] Trial 7 finished with value: 0.0074058820522160205 and parameters: {'lr': 0.02636424704863906, 'depth': 4}. Best is trial 2 with value: 0.007336385460327019.
Training until validation scores don't improve for 50 rounds
Early stopping, best iteration is:
[155]   train's quantile: 0.00933771    valid's quantile: 0.00742282
[I 2025-06-27 03:55:15,820] Trial 8 finished with value: 0.007422823784216834 and parameters: {'lr': 0.0373818018663584, 'depth': 7}. Best is trial 2 with value: 0.007336385460327019.
Training until validation scores don't improve for 50 rounds
Early stopping, best iteration is:
[99]    train's quantile: 0.0102426     valid's quantile: 0.00735979
[I 2025-06-27 03:55:15,985] Trial 9 finished with value: 0.007359785658887384 and parameters: {'lr': 0.048875051677790424, 'depth': 5}. Best is trial 2 with value: 0.007336385460327019.
Training until validation scores don't improve for 50 rounds
Early stopping, best iteration is:
[68]    train's quantile: 0.011062      valid's quantile: 0.00734194
