[I 2025-06-27 04:13:57,773] Trial 0 finished with value: 0.0038556967825648996 and parameters: {'lr': 0.04370861069626263, 'depth': 10, 'trees': 813}. Best is trial 0 with value: 0.0038556967825648996.
Training until validation scores don't improve for 0 rounds
[I 2025-06-27 04:13:58,041] Trial 1 finished with value: 0.003602342058730364 and parameters: {'lr': 0.0638792635777333, 'depth': 4, 'trees': 409}. Best is trial 1 with value: 0.003602342058730364.
Training until validation scores don't improve for 0 rounds
[I 2025-06-27 04:13:59,178] Trial 2 finished with value: 0.0037825773129044095 and parameters: {'lr': 0.015227525095137952, 'depth': 9, 'trees': 721}. Best is trial 1 with value: 0.003602342058730364.
Training until validation scores don't improve for 0 rounds
[I 2025-06-27 04:13:59,651] Trial 3 finished with value: 0.0034649495698384695 and parameters: {'lr': 0.0737265320016441, 'depth': 3, 'trees': 979}. Best is trial 3 with value: 0.0034649495698384695.
Training until validation scores don't improve for 0 rounds
[I 2025-06-27 04:13:59,933] Trial 4 finished with value: 0.003551778966986104 and parameters: {'lr': 0.08491983767203796, 'depth': 4, 'trees': 427}. Best is trial 3 with value: 0.0034649495698384695.
Training until validation scores don't improve for 0 rounds
[I 2025-06-27 04:14:00,577] Trial 5 finished with value: 0.003607249506214216 and parameters: {'lr': 0.026506405886809047, 'depth': 5, 'trees': 667}. Best is trial 3 with value: 0.0034649495698384695.
Training until validation scores don't improve for 0 rounds
[I 2025-06-27 04:14:01,153] Trial 6 finished with value: 0.0037748324158927084 and parameters: {'lr': 0.048875051677790424, 'depth': 5, 'trees': 728}. Best is trial 3 with value: 0.0034649495698384695.
Training until validation scores don't improve for 0 rounds
[I 2025-06-27 04:14:01,627] Trial 7 finished with value: 0.0035787159755177526 and parameters: {'lr': 0.022554447458683766, 'depth': 5, 'trees': 556}. Best is trial 3 with value: 0.0034649495698384695.
Training until validation scores don't improve for 0 rounds
[I 2025-06-27 04:14:02,281] Trial 8 finished with value: 0.0038034262174643754 and parameters: {'lr': 0.05104629857953324, 'depth': 9, 'trees': 439}. Best is trial 3 with value: 0.0034649495698384695.
Training until validation scores don't improve for 0 rounds
[I 2025-06-27 04:14:02,691] Trial 9 finished with value: 0.0037388799747366808 and parameters: {'lr': 0.05628109945722505, 'depth': 7, 'trees': 332}. Best is trial 3 with value: 0.0034649495698384695.
Training until validation scores don't improve for 0 rounds
[I 2025-06-27 04:14:03,166] Trial 10 finished with value: 0.0035412430820897893 and parameters: {'lr': 0.09711442268979087, 'depth': 3, 'trees': 979}. Best is trial 3 with value: 0.0034649495698384695.
Training until validation scores don't improve for 0 rounds
[I 2025-06-27 04:14:03,629] Trial 11 finished with value: 0.003512934005660562 and parameters: {'lr': 0.09410169629076955, 'depth': 3, 'trees': 954}. Best is trial 3 with value: 0.0034649495698384695.
Training until validation scores don't improve for 0 rounds
[I 2025-06-27 04:14:04,103] Trial 12 finished with value: 0.003447508504266224 and parameters: {'lr': 0.07633350150558388, 'depth': 3, 'trees': 988}. Best is trial 12 with value: 0.003447508504266224.
Training until validation scores don't improve for 0 rounds
[I 2025-06-27 04:14:05,096] Trial 13 finished with value: 0.003890540748106829 and parameters: {'lr': 0.0744866216156327, 'depth': 7, 'trees': 846}. Best is trial 12 with value: 0.003447508504266224.
Training until validation scores don't improve for 0 rounds
[I 2025-06-27 04:14:05,531] Trial 14 finished with value: 0.003470277948333685 and parameters: {'lr': 0.0723933117507161, 'depth': 3, 'trees': 900}. Best is trial 12 with value: 0.003447508504266224.
Training until validation scores don't improve for 0 rounds
[I 2025-06-27 04:14:06,493] Trial 15 finished with value: 0.00389050217366659 and parameters: {'lr': 0.08074672937766333, 'depth': 6, 'trees': 1000}. Best is trial 12 with value: 0.003447508504266224.
Training until validation scores don't improve for 0 rounds
[I 2025-06-27 04:14:07,023] Trial 16 finished with value: 0.003558693958369122 and parameters: {'lr': 0.0641386732338262, 'depth': 4, 'trees': 835}. Best is trial 12 with value: 0.003447508504266224.
Training until validation scores don't improve for 0 rounds
[I 2025-06-27 04:14:07,646] Trial 17 finished with value: 0.0037214927208467715 and parameters: {'lr': 0.03895904598402386, 'depth': 6, 'trees': 564}. Best is trial 12 with value: 0.003447508504266224.
Training until validation scores don't improve for 0 rounds
[I 2025-06-27 04:14:08,074] Trial 18 finished with value: 0.003456507687250252 and parameters: {'lr': 0.08780814376668733, 'depth': 3, 'trees': 896}. Best is trial 12 with value: 0.003447508504266224.
Training until validation scores don't improve for 0 rounds
[I 2025-06-27 04:14:09,270] Trial 19 finished with value: 0.003966636821656318 and parameters: {'lr': 0.09090165019019407, 'depth': 8, 'trees': 880}. Best is trial 12 with value: 0.003447508504266224.
Training until validation scores don't improve for 0 rounds
[I 2025-06-27 04:14:09,741] Trial 20 finished with value: 0.003609688618868414 and parameters: {'lr': 0.09994261947773966, 'depth': 4, 'trees': 770}. Best is trial 12 with value: 0.003447508504266224.
Training until validation scores don't improve for 0 rounds
[I 2025-06-27 04:14:10,194] Trial 21 finished with value: 0.0035326597507113204 and parameters: {'lr': 0.08206812603101432, 'depth': 3, 'trees': 924}. Best is trial 12 with value: 0.003447508504266224.
Training until validation scores don't improve for 0 rounds
[I 2025-06-27 04:14:10,682] Trial 22 finished with value: 0.0034463374232342695 and parameters: {'lr': 0.07080274653500049, 'depth': 3, 'trees': 998}. Best is trial 22 with value: 0.0034463374232342695.
Training until validation scores don't improve for 0 rounds
[I 2025-06-27 04:14:11,244] Trial 23 finished with value: 0.003568906834389232 and parameters: {'lr': 0.06488819350929041, 'depth': 4, 'trees': 907}. Best is trial 22 with value: 0.0034463374232342695.
Training until validation scores don't improve for 0 rounds
[I 2025-06-27 04:14:11,972] Trial 24 finished with value: 0.0037642110779382175 and parameters: {'lr': 0.08738547452563153, 'depth': 5, 'trees': 927}. Best is trial 22 with value: 0.0034463374232342695.
Training until validation scores don't improve for 0 rounds
[I 2025-06-27 04:14:12,355] Trial 25 finished with value: 0.0034850294038608785 and parameters: {'lr': 0.07704902031932398, 'depth': 3, 'trees': 780}. Best is trial 22 with value: 0.0034463374232342695.
Training until validation scores don't improve for 0 rounds
[I 2025-06-27 04:14:12,946] Trial 26 finished with value: 0.003660716930746411 and parameters: {'lr': 0.06681710922577996, 'depth': 4, 'trees': 861}. Best is trial 22 with value: 0.0034463374232342695.
Training until validation scores don't improve for 0 rounds
[I 2025-06-27 04:14:13,628] Trial 27 finished with value: 0.003394010004335576 and parameters: {'lr': 0.08971845032956545, 'depth': 3, 'trees': 953}. Best is trial 27 with value: 0.003394010004335576.
Training until validation scores don't improve for 0 rounds
[I 2025-06-27 04:14:14,659] Trial 28 finished with value: 0.003841115040900416 and parameters: {'lr': 0.05777828434195191, 'depth': 6, 'trees': 996}. Best is trial 27 with value: 0.003394010004335576.
Training until validation scores don't improve for 0 rounds
[I 2025-06-27 04:14:15,379] Trial 29 finished with value: 0.0036675193565596604 and parameters: {'lr': 0.039689679395185556, 'depth': 5, 'trees': 822}. Best is trial 27 with value: 0.003394010004335576.
Training until validation scores don't improve for 0 rounds
[I 2025-06-27 04:14:16,762] Trial 30 finished with value: 0.0040387027836396765 and parameters: {'lr': 0.0705910433018019, 'depth': 10, 'trees': 943}. Best is trial 27 with value: 0.003394010004335576.
Training until validation scores don't improve for 0 rounds
[I 2025-06-27 04:14:17,190] Trial 31 finished with value: 0.0034777903134045325 and parameters: {'lr': 0.0900705146367244, 'depth': 3, 'trees': 889}. Best is trial 27 with value: 0.003394010004335576.
Training until validation scores don't improve for 0 rounds
[I 2025-06-27 04:14:17,758] Trial 32 finished with value: 0.003759771867351849 and parameters: {'lr': 0.08039192540037957, 'depth': 4, 'trees': 931}. Best is trial 27 with value: 0.003394010004335576.
Training until validation scores don't improve for 0 rounds
[I 2025-06-27 04:14:18,237] Trial 33 finished with value: 0.0035248391682680727 and parameters: {'lr': 0.08678638153341127, 'depth': 3, 'trees': 956}. Best is trial 27 with value: 0.003394010004335576.
Training until validation scores don't improve for 0 rounds
[I 2025-06-27 04:14:18,742] Trial 34 finished with value: 0.0036762432836975325 and parameters: {'lr': 0.0785549500452246, 'depth': 4, 'trees': 787}. Best is trial 27 with value: 0.003394010004335576.
Training until validation scores don't improve for 0 rounds
[I 2025-06-27 04:14:19,233] Trial 35 finished with value: 0.003485613546087177 and parameters: {'lr': 0.09269073951727398, 'depth': 3, 'trees': 967}. Best is trial 27 with value: 0.003394010004335576.
Training until validation scores don't improve for 0 rounds
[I 2025-06-27 04:14:19,608] Trial 36 finished with value: 0.003612597925551756 and parameters: {'lr': 0.06875962023752986, 'depth': 4, 'trees': 579}. Best is trial 27 with value: 0.003394010004335576.
Training until validation scores don't improve for 0 rounds
[I 2025-06-27 04:14:19,998] Trial 37 finished with value: 0.0035080668729533613 and parameters: {'lr': 0.08526568620126437, 'depth': 3, 'trees': 726}. Best is trial 27 with value: 0.003394010004335576.
Training until validation scores don't improve for 0 rounds
[I 2025-06-27 04:14:20,430] Trial 38 finished with value: 0.0035454165520592187 and parameters: {'lr': 0.05988847277449015, 'depth': 4, 'trees': 666}. Best is trial 27 with value: 0.003394010004335576.
Training until validation scores don't improve for 0 rounds
[I 2025-06-27 04:14:21,228] Trial 39 finished with value: 0.003806750376011681 and parameters: {'lr': 0.0757644048164056, 'depth': 5, 'trees': 996}. Best is trial 27 with value: 0.003394010004335576.
Training until validation scores don't improve for 0 rounds
[I 2025-06-27 04:14:21,663] Trial 40 finished with value: 0.0034762330063312858 and parameters: {'lr': 0.09592835947215098, 'depth': 3, 'trees': 888}. Best is trial 27 with value: 0.003394010004335576.
Training until validation scores don't improve for 0 rounds
[I 2025-06-27 04:14:22,138] Trial 41 finished with value: 0.003523316405023592 and parameters: {'lr': 0.08275752509051867, 'depth': 3, 'trees': 965}. Best is trial 27 with value: 0.003394010004335576.
Training until validation scores don't improve for 0 rounds
[I 2025-06-27 04:14:22,526] Trial 42 finished with value: 0.003628345280365704 and parameters: {'lr': 0.07229204566426581, 'depth': 4, 'trees': 612}. Best is trial 27 with value: 0.003394010004335576.
Training until validation scores don't improve for 0 rounds
[I 2025-06-27 04:14:23,260] Trial 43 finished with value: 0.0038950085275574003 and parameters: {'lr': 0.08972936506368089, 'depth': 9, 'trees': 515}. Best is trial 27 with value: 0.003394010004335576.
Training until validation scores don't improve for 0 rounds
[I 2025-06-27 04:14:23,754] Trial 44 finished with value: 0.003400049107893301 and parameters: {'lr': 0.05240053011392568, 'depth': 3, 'trees': 963}. Best is trial 27 with value: 0.003394010004335576.
Training until validation scores don't improve for 0 rounds
[I 2025-06-27 04:14:24,439] Trial 45 finished with value: 0.003409152737696404 and parameters: {'lr': 0.04777487737550297, 'depth': 3, 'trees': 872}. Best is trial 27 with value: 0.003394010004335576.
Training until validation scores don't improve for 0 rounds
[I 2025-06-27 04:14:24,930] Trial 46 finished with value: 0.0034430004540264097 and parameters: {'lr': 0.05132738701428116, 'depth': 3, 'trees': 866}. Best is trial 27 with value: 0.003394010004335576.
Training until validation scores don't improve for 0 rounds
[I 2025-06-27 04:14:25,564] Trial 47 finished with value: 0.0036103415404248503 and parameters: {'lr': 0.04903279691493813, 'depth': 4, 'trees': 855}. Best is trial 27 with value: 0.003394010004335576.
Training until validation scores don't improve for 0 rounds
[I 2025-06-27 04:14:26,491] Trial 48 finished with value: 0.0036455370733061068 and parameters: {'lr': 0.04497629739867048, 'depth': 5, 'trees': 802}. Best is trial 27 with value: 0.003394010004335576.
Training until validation scores don't improve for 0 rounds
[I 2025-06-27 04:14:26,909] Trial 49 finished with value: 0.003418103594711394 and parameters: {'lr': 0.03337089175737396, 'depth': 3, 'trees': 707}. Best is trial 27 with value: 0.003394010004335576.
  CRPS: 0.003394, Params: {'lr': 0.08971845032956545, 'depth': 3, 'trees': 953}

📐 Tuning for q=0.5
[I 2025-06-27 04:14:26,911] A new study created in memory with name: no-name-4ef28f51-6f70-43b7-bd0b-a15deefcccd6
Training until validation scores don't improve for 0 rounds
[I 2025-06-27 04:14:28,329] Trial 0 finished with value: 0.007537135655130436 and parameters: {'lr': 0.04370861069626263, 'depth': 10, 'trees': 813}. Best is trial 0 with value: 0.007537135655130436.
Training until validation scores don't improve for 0 rounds
[I 2025-06-27 04:14:28,599] Trial 1 finished with value: 0.007452730979421914 and parameters: {'lr': 0.0638792635777333, 'depth': 4, 'trees': 409}. Best is trial 1 with value: 0.007452730979421914.
Training until validation scores don't improve for 0 rounds
[I 2025-06-27 04:14:29,827] Trial 2 finished with value: 0.007500987909643085 and parameters: {'lr': 0.015227525095137952, 'depth': 9, 'trees': 721}. Best is trial 1 with value: 0.007452730979421914.
Training until validation scores don't improve for 0 rounds
[I 2025-06-27 04:14:30,424] Trial 3 finished with value: 0.0075599008161797 and parameters: {'lr': 0.0737265320016441, 'depth': 3, 'trees': 979}. Best is trial 1 with value: 0.007452730979421914.
Training until validation scores don't improve for 0 rounds
[I 2025-06-27 04:14:30,759] Trial 4 finished with value: 0.0075410056978072485 and parameters: {'lr': 0.08491983767203796, 'depth': 4, 'trees': 427}. Best is trial 1 with value: 0.007452730979421914.
Training until validation scores don't improve for 0 rounds
[I 2025-06-27 04:14:31,666] Trial 5 finished with value: 0.007453030822674053 and parameters: {'lr': 0.026506405886809047, 'depth': 5, 'trees': 667}. Best is trial 1 with value: 0.007452730979421914.
Training until validation scores don't improve for 0 rounds
[I 2025-06-27 04:14:32,564] Trial 6 finished with value: 0.007542446042106597 and parameters: {'lr': 0.048875051677790424, 'depth': 5, 'trees': 728}. Best is trial 1 with value: 0.007452730979421914.
Training until validation scores don't improve for 0 rounds
[I 2025-06-27 04:14:33,281] Trial 7 finished with value: 0.007336423077695995 and parameters: {'lr': 0.022554447458683766, 'depth': 5, 'trees': 556}. Best is trial 7 with value: 0.007336423077695995.
Training until validation scores don't improve for 0 rounds
[I 2025-06-27 04:14:34,292] Trial 8 finished with value: 0.007544927663351472 and parameters: {'lr': 0.05104629857953324, 'depth': 9, 'trees': 439}. Best is trial 7 with value: 0.007336423077695995.
Training until validation scores don't improve for 0 rounds
[I 2025-06-27 04:14:34,838] Trial 9 finished with value: 0.007498749393448315 and parameters: {'lr': 0.05628109945722505, 'depth': 7, 'trees': 332}. Best is trial 7 with value: 0.007336423077695995.
Training until validation scores don't improve for 0 rounds
[I 2025-06-27 04:14:35,781] Trial 10 finished with value: 0.007498133394729525 and parameters: {'lr': 0.028685695745936598, 'depth': 7, 'trees': 547}. Best is trial 7 with value: 0.007336423077695995.
Training until validation scores don't improve for 0 rounds
[I 2025-06-27 04:14:36,319] Trial 11 finished with value: 0.007554524134994981 and parameters: {'lr': 0.06758183738140618, 'depth': 5, 'trees': 541}. Best is trial 7 with value: 0.007336423077695995.
Training until validation scores don't improve for 0 rounds
[I 2025-06-27 04:14:36,560] Trial 12 finished with value: 0.00738351203716643 and parameters: {'lr': 0.0931662214328294, 'depth': 3, 'trees': 321}. Best is trial 7 with value: 0.007336423077695995.
Training until validation scores don't improve for 0 rounds
[I 2025-06-27 04:14:36,792] Trial 13 finished with value: 0.007504194666390197 and parameters: {'lr': 0.09961980606251278, 'depth': 3, 'trees': 309}. Best is trial 7 with value: 0.007336423077695995.
Training until validation scores don't improve for 0 rounds
[I 2025-06-27 04:14:37,427] Trial 14 finished with value: 0.007582957789467402 and parameters: {'lr': 0.09575377087941402, 'depth': 6, 'trees': 545}. Best is trial 7 with value: 0.007336423077695995.
Training until validation scores don't improve for 0 rounds
[I 2025-06-27 04:14:37,954] Trial 15 finished with value: 0.007453935683791176 and parameters: {'lr': 0.03160599248247885, 'depth': 3, 'trees': 838}. Best is trial 7 with value: 0.007336423077695995.
Training until validation scores don't improve for 0 rounds
[I 2025-06-27 04:14:38,502] Trial 16 finished with value: 0.007425603758775405 and parameters: {'lr': 0.010728649130604322, 'depth': 6, 'trees': 502}. Best is trial 7 with value: 0.007336423077695995.
Training until validation scores don't improve for 0 rounds
[I 2025-06-27 04:14:38,910] Trial 17 finished with value: 0.007520182900933507 and parameters: {'lr': 0.08117522183991507, 'depth': 4, 'trees': 621}. Best is trial 7 with value: 0.007336423077695995.
Training until validation scores don't improve for 0 rounds
[I 2025-06-27 04:14:39,159] Trial 18 finished with value: 0.007478837076595655 and parameters: {'lr': 0.04128700874469248, 'depth': 4, 'trees': 367}. Best is trial 7 with value: 0.007336423077695995.
Training until validation scores don't improve for 0 rounds
[I 2025-06-27 04:14:40,084] Trial 19 finished with value: 0.00772814169988289 and parameters: {'lr': 0.088759786968918, 'depth': 8, 'trees': 620}. Best is trial 7 with value: 0.007336423077695995.
Training until validation scores don't improve for 0 rounds
[I 2025-06-27 04:14:40,561] Trial 20 finished with value: 0.007396733015372411 and parameters: {'lr': 0.021428635960097836, 'depth': 5, 'trees': 471}. Best is trial 7 with value: 0.007336423077695995.
Training until validation scores don't improve for 0 rounds
[I 2025-06-27 04:14:41,140] Trial 21 finished with value: 0.0074051253834886985 and parameters: {'lr': 0.01945628082280567, 'depth': 5, 'trees': 468}. Best is trial 7 with value: 0.007336423077695995.
Training until validation scores don't improve for 0 rounds
[I 2025-06-27 04:14:41,694] Trial 22 finished with value: 0.00746262262983998 and parameters: {'lr': 0.03662272167206261, 'depth': 6, 'trees': 379}. Best is trial 7 with value: 0.007336423077695995.
Training until validation scores don't improve for 0 rounds
[I 2025-06-27 04:14:42,092] Trial 23 finished with value: 0.00740523616779518 and parameters: {'lr': 0.022545959996151322, 'depth': 4, 'trees': 494}. Best is trial 7 with value: 0.007336423077695995.
Training until validation scores don't improve for 0 rounds
[I 2025-06-27 04:14:42,436] Trial 24 finished with value: 0.007434582910740247 and parameters: {'lr': 0.058673967017650805, 'depth': 5, 'trees': 370}. Best is trial 7 with value: 0.007336423077695995.
Training until validation scores don't improve for 0 rounds
[I 2025-06-27 04:14:42,639] Trial 25 finished with value: 0.007376366481883201 and parameters: {'lr': 0.03461942687145869, 'depth': 3, 'trees': 301}. Best is trial 7 with value: 0.007336423077695995.
Training until validation scores don't improve for 0 rounds
[I 2025-06-27 04:14:42,897] Trial 26 finished with value: 0.0073971859956527735 and parameters: {'lr': 0.03359301820875068, 'depth': 3, 'trees': 336}. Best is trial 7 with value: 0.007336423077695995.
Training until validation scores don't improve for 0 rounds
[I 2025-06-27 04:14:43,688] Trial 27 finished with value: 0.007399209187009666 and parameters: {'lr': 0.040765124033959495, 'depth': 3, 'trees': 985}. Best is trial 7 with value: 0.007336423077695995.
Training until validation scores don't improve for 0 rounds
[I 2025-06-27 04:14:44,049] Trial 28 finished with value: 0.007565049577890855 and parameters: {'lr': 0.07353449221274427, 'depth': 4, 'trees': 300}. Best is trial 7 with value: 0.007336423077695995.
Training until validation scores don't improve for 0 rounds
[I 2025-06-27 04:14:44,707] Trial 29 finished with value: 0.007441802565772099 and parameters: {'lr': 0.04571548845425062, 'depth': 3, 'trees': 826}. Best is trial 7 with value: 0.007336423077695995.
Training until validation scores don't improve for 0 rounds
[I 2025-06-27 04:14:46,772] Trial 30 finished with value: 0.007434691125642671 and parameters: {'lr': 0.010823105783117695, 'depth': 10, 'trees': 767}. Best is trial 7 with value: 0.007336423077695995.
Training until validation scores don't improve for 0 rounds
[I 2025-06-27 04:14:47,760] Trial 31 finished with value: 0.0074364517634178924 and parameters: {'lr': 0.02326447521220921, 'depth': 6, 'trees': 601}. Best is trial 7 with value: 0.007336423077695995.
Training until validation scores don't improve for 0 rounds
[I 2025-06-27 04:14:48,198] Trial 32 finished with value: 0.007353914699481525 and parameters: {'lr': 0.020560258626215213, 'depth': 4, 'trees': 409}. Best is trial 7 with value: 0.007336423077695995.
Training until validation scores don't improve for 0 rounds
