[I 2025-06-27 03:55:16,086] Trial 10 finished with value: 0.007341942987949745 and parameters: {'lr': 0.09506228898073485, 'depth': 3}. Best is trial 2 with value: 0.007336385460327019.
Training until validation scores don't improve for 50 rounds
Early stopping, best iteration is:
[78]    train's quantile: 0.0110467     valid's quantile: 0.00742356
[I 2025-06-27 03:55:16,195] Trial 11 finished with value: 0.007423558272639591 and parameters: {'lr': 0.09725833997090795, 'depth': 3}. Best is trial 2 with value: 0.007336385460327019.
Training until validation scores don't improve for 50 rounds
Early stopping, best iteration is:
[46]    train's quantile: 0.011488      valid's quantile: 0.00741353
[I 2025-06-27 03:55:16,290] Trial 12 finished with value: 0.007413526791968393 and parameters: {'lr': 0.06090517816132632, 'depth': 3}. Best is trial 2 with value: 0.007336385460327019.
Training until validation scores don't improve for 50 rounds
Early stopping, best iteration is:
[87]    train's quantile: 0.00945458    valid's quantile: 0.00733291
[I 2025-06-27 03:55:16,460] Trial 13 finished with value: 0.0073329078132871464 and parameters: {'lr': 0.09799399360138576, 'depth': 5}. Best is trial 13 with value: 0.0073329078132871464.
Training until validation scores don't improve for 50 rounds
Early stopping, best iteration is:
[105]   train's quantile: 0.0106101     valid's quantile: 0.00739907
[I 2025-06-27 03:55:16,701] Trial 14 finished with value: 0.007399071171502528 and parameters: {'lr': 0.028670807011001567, 'depth': 5}. Best is trial 13 with value: 0.0073329078132871464.
Training until validation scores don't improve for 50 rounds
Early stopping, best iteration is:
[130]   train's quantile: 0.00892841    valid's quantile: 0.00732238
[I 2025-06-27 03:55:16,930] Trial 15 finished with value: 0.007322378032040432 and parameters: {'lr': 0.07465423439275776, 'depth': 6}. Best is trial 15 with value: 0.007322378032040432.
Training until validation scores don't improve for 50 rounds
Early stopping, best iteration is:
[42]    train's quantile: 0.0102195     valid's quantile: 0.00747294
[I 2025-06-27 03:55:17,063] Trial 16 finished with value: 0.007472944846573932 and parameters: {'lr': 0.07790207183738722, 'depth': 6}. Best is trial 15 with value: 0.007322378032040432.
Training until validation scores don't improve for 50 rounds
Early stopping, best iteration is:
[32]    train's quantile: 0.0103456     valid's quantile: 0.00750647
[I 2025-06-27 03:55:17,189] Trial 17 finished with value: 0.007506466928172023 and parameters: {'lr': 0.0869637144826834, 'depth': 6}. Best is trial 15 with value: 0.007322378032040432.
Training until validation scores don't improve for 50 rounds
Early stopping, best iteration is:
[52]    train's quantile: 0.0104547     valid's quantile: 0.00744251
[I 2025-06-27 03:55:17,311] Trial 18 finished with value: 0.007442509983258526 and parameters: {'lr': 0.07095778842955917, 'depth': 5}. Best is trial 15 with value: 0.007322378032040432.
Training until validation scores don't improve for 50 rounds
Early stopping, best iteration is:
[58]    train's quantile: 0.00938856    valid's quantile: 0.00750375
[I 2025-06-27 03:55:17,490] Trial 19 finished with value: 0.007503747296526146 and parameters: {'lr': 0.08652153090412766, 'depth': 8}. Best is trial 15 with value: 0.007322378032040432.
Training until validation scores don't improve for 50 rounds
Early stopping, best iteration is:
[38]    train's quantile: 0.0101434     valid's quantile: 0.00737318
[I 2025-06-27 03:55:17,615] Trial 20 finished with value: 0.007373176902560161 and parameters: {'lr': 0.09844243723662906, 'depth': 6}. Best is trial 15 with value: 0.007322378032040432.
Training until validation scores don't improve for 50 rounds
Early stopping, best iteration is:
[53]    train's quantile: 0.0110368     valid's quantile: 0.00738559
[I 2025-06-27 03:55:17,715] Trial 21 finished with value: 0.007385589095145875 and parameters: {'lr': 0.05515067241262732, 'depth': 4}. Best is trial 15 with value: 0.007322378032040432.
Training until validation scores don't improve for 50 rounds
Early stopping, best iteration is:
[31]    train's quantile: 0.0109523     valid's quantile: 0.0074966
[I 2025-06-27 03:55:17,820] Trial 22 finished with value: 0.0074965997469468 and parameters: {'lr': 0.06648786507303552, 'depth': 5}. Best is trial 15 with value: 0.007322378032040432.
Training until validation scores don't improve for 50 rounds
Early stopping, best iteration is:
[146]   train's quantile: 0.0109735     valid's quantile: 0.00739593
[I 2025-06-27 03:55:17,993] Trial 23 finished with value: 0.007395933617287277 and parameters: {'lr': 0.023011083288138452, 'depth': 4}. Best is trial 15 with value: 0.007322378032040432.
Training until validation scores don't improve for 50 rounds
Early stopping, best iteration is:
[85]    train's quantile: 0.0102343     valid's quantile: 0.00738157
[I 2025-06-27 03:55:18,184] Trial 24 finished with value: 0.007381565804680805 and parameters: {'lr': 0.03629228955805815, 'depth': 6}. Best is trial 15 with value: 0.007322378032040432.
Training until validation scores don't improve for 50 rounds
Early stopping, best iteration is:
[78]    train's quantile: 0.00956382    valid's quantile: 0.00744753
[I 2025-06-27 03:55:18,382] Trial 25 finished with value: 0.007447525398627136 and parameters: {'lr': 0.055809903412165976, 'depth': 7}. Best is trial 15 with value: 0.007322378032040432.
Training until validation scores don't improve for 50 rounds
Early stopping, best iteration is:
[45]    train's quantile: 0.0104652     valid's quantile: 0.00746553
[I 2025-06-27 03:55:18,497] Trial 26 finished with value: 0.007465533925283787 and parameters: {'lr': 0.07911933202092611, 'depth': 5}. Best is trial 15 with value: 0.007322378032040432.
Training until validation scores don't improve for 50 rounds
Early stopping, best iteration is:
[71]    train's quantile: 0.0104322     valid's quantile: 0.00732628
[I 2025-06-27 03:55:18,612] Trial 27 finished with value: 0.007326284188216755 and parameters: {'lr': 0.09226803533168262, 'depth': 4}. Best is trial 15 with value: 0.007322378032040432.
Training until validation scores don't improve for 50 rounds
Early stopping, best iteration is:
[29]    train's quantile: 0.0106732     valid's quantile: 0.00745746
[I 2025-06-27 03:55:18,714] Trial 28 finished with value: 0.007457460473536709 and parameters: {'lr': 0.08971261860057908, 'depth': 5}. Best is trial 15 with value: 0.007322378032040432.
Training until validation scores don't improve for 50 rounds
Early stopping, best iteration is:
[32]    train's quantile: 0.0100606     valid's quantile: 0.00748314
[I 2025-06-27 03:55:18,861] Trial 29 finished with value: 0.0074831410446214814 and parameters: {'lr': 0.09222423273464174, 'depth': 8}. Best is trial 15 with value: 0.007322378032040432.
Training until validation scores don't improve for 50 rounds
Early stopping, best iteration is:
[52]    train's quantile: 0.00996974    valid's quantile: 0.00740298
[I 2025-06-27 03:55:19,003] Trial 30 finished with value: 0.007402982047104525 and parameters: {'lr': 0.0818118193457015, 'depth': 6}. Best is trial 15 with value: 0.007322378032040432.
Training until validation scores don't improve for 50 rounds
Early stopping, best iteration is:
[31]    train's quantile: 0.0112393     valid's quantile: 0.00743659
[I 2025-06-27 03:55:19,088] Trial 31 finished with value: 0.007436587852412556 and parameters: {'lr': 0.072596186792654, 'depth': 4}. Best is trial 15 with value: 0.007322378032040432.
Training until validation scores don't improve for 50 rounds
Early stopping, best iteration is:
[42]    train's quantile: 0.010779      valid's quantile: 0.0073893
[I 2025-06-27 03:55:19,185] Trial 32 finished with value: 0.007389301081987738 and parameters: {'lr': 0.0946882695942167, 'depth': 4}. Best is trial 15 with value: 0.007322378032040432.
Training until validation scores don't improve for 50 rounds
Early stopping, best iteration is:
[182]   train's quantile: 0.0111112     valid's quantile: 0.00735538
[I 2025-06-27 03:55:19,340] Trial 33 finished with value: 0.00735538444476809 and parameters: {'lr': 0.042556835255085704, 'depth': 3}. Best is trial 15 with value: 0.007322378032040432.
Training until validation scores don't improve for 50 rounds
Early stopping, best iteration is:
[40]    train's quantile: 0.0107636     valid's quantile: 0.0074832
[I 2025-06-27 03:55:19,455] Trial 34 finished with value: 0.007483203483130457 and parameters: {'lr': 0.07160761977338487, 'depth': 5}. Best is trial 15 with value: 0.007322378032040432.
Training until validation scores don't improve for 50 rounds
Early stopping, best iteration is:
[51]    train's quantile: 0.0094914     valid's quantile: 0.00750446
[I 2025-06-27 03:55:19,606] Trial 35 finished with value: 0.007504463382353689 and parameters: {'lr': 0.0990781020474138, 'depth': 7}. Best is trial 15 with value: 0.007322378032040432.
Training until validation scores don't improve for 50 rounds
Early stopping, best iteration is:
[42]    train's quantile: 0.010895      valid's quantile: 0.00736505
[I 2025-06-27 03:55:19,702] Trial 36 finished with value: 0.00736505102390711 and parameters: {'lr': 0.08317016896902954, 'depth': 4}. Best is trial 15 with value: 0.007322378032040432.
Training until validation scores don't improve for 50 rounds
Early stopping, best iteration is:
[220]   train's quantile: 0.011256      valid's quantile: 0.00741121
[I 2025-06-27 03:55:19,886] Trial 37 finished with value: 0.007411212339010817 and parameters: {'lr': 0.019098605580700454, 'depth': 3}. Best is trial 15 with value: 0.007322378032040432.
Training until validation scores don't improve for 50 rounds
Early stopping, best iteration is:
[42]    train's quantile: 0.0100442     valid's quantile: 0.00745281
[I 2025-06-27 03:55:20,059] Trial 38 finished with value: 0.007452813093155777 and parameters: {'lr': 0.06264504331829945, 'depth': 9}. Best is trial 15 with value: 0.007322378032040432.
Training until validation scores don't improve for 50 rounds
Early stopping, best iteration is:
[67]    train's quantile: 0.010618      valid's quantile: 0.00744724
[I 2025-06-27 03:55:20,197] Trial 39 finished with value: 0.007447240832203685 and parameters: {'lr': 0.04665916351907658, 'depth': 5}. Best is trial 15 with value: 0.007322378032040432.
Training until validation scores don't improve for 50 rounds
Early stopping, best iteration is:
[28]    train's quantile: 0.0111872     valid's quantile: 0.00735842
[I 2025-06-27 03:55:20,286] Trial 40 finished with value: 0.007358416730839801 and parameters: {'lr': 0.0897881058641898, 'depth': 4}. Best is trial 15 with value: 0.007322378032040432.
Training until validation scores don't improve for 50 rounds
Early stopping, best iteration is:
[31]    train's quantile: 0.011479      valid's quantile: 0.00741967
[I 2025-06-27 03:55:20,361] Trial 41 finished with value: 0.007419667946074898 and parameters: {'lr': 0.09329106830624788, 'depth': 3}. Best is trial 15 with value: 0.007322378032040432.
Training until validation scores don't improve for 50 rounds
Early stopping, best iteration is:
[365]   train's quantile: 0.0113091     valid's quantile: 0.00737687
[I 2025-06-27 03:55:20,621] Trial 42 finished with value: 0.007376869011876685 and parameters: {'lr': 0.01134058075365603, 'depth': 3}. Best is trial 15 with value: 0.007322378032040432.
Training until validation scores don't improve for 50 rounds
Early stopping, best iteration is:
[114]   train's quantile: 0.0100523     valid's quantile: 0.00732006
[I 2025-06-27 03:55:20,745] Trial 43 finished with value: 0.007320057184984502 and parameters: {'lr': 0.09461350073127846, 'depth': 4}. Best is trial 43 with value: 0.007320057184984502.
Training until validation scores don't improve for 50 rounds
Early stopping, best iteration is:
[19]    train's quantile: 0.0113431     valid's quantile: 0.00744676
[I 2025-06-27 03:55:20,815] Trial 44 finished with value: 0.007446755893598258 and parameters: {'lr': 0.0997154327171817, 'depth': 4}. Best is trial 43 with value: 0.007320057184984502.
Training until validation scores don't improve for 50 rounds
Early stopping, best iteration is:
[15]    train's quantile: 0.0112574     valid's quantile: 0.00744606
[I 2025-06-27 03:55:20,897] Trial 45 finished with value: 0.007446056919505818 and parameters: {'lr': 0.0899015319241572, 'depth': 5}. Best is trial 43 with value: 0.007320057184984502.
Training until validation scores don't improve for 50 rounds
Early stopping, best iteration is:
[88]    train's quantile: 0.0093145     valid's quantile: 0.0074322
[I 2025-06-27 03:55:21,058] Trial 46 finished with value: 0.007432201251936389 and parameters: {'lr': 0.08071873478211494, 'depth': 6}. Best is trial 43 with value: 0.007320057184984502.
Training until validation scores don't improve for 50 rounds
Early stopping, best iteration is:
[123]   train's quantile: 0.0103523     valid's quantile: 0.00740456
[I 2025-06-27 03:55:21,234] Trial 47 finished with value: 0.007404564617507549 and parameters: {'lr': 0.0313927288894988, 'depth': 5}. Best is trial 43 with value: 0.007320057184984502.
Training until validation scores don't improve for 50 rounds
Early stopping, best iteration is:
[29]    train's quantile: 0.0111153     valid's quantile: 0.00740723
[I 2025-06-27 03:55:21,299] Trial 48 finished with value: 0.007407229999891625 and parameters: {'lr': 0.08683558777540652, 'depth': 4}. Best is trial 43 with value: 0.007320057184984502.
Training until validation scores don't improve for 50 rounds
Early stopping, best iteration is:
[145]   train's quantile: 0.00825367    valid's quantile: 0.00738105
[I 2025-06-27 03:55:21,560] Trial 49 finished with value: 0.0073810493814678935 and parameters: {'lr': 0.07529886697259933, 'depth': 7}. Best is trial 43 with value: 0.007320057184984502.
  CRPS: 0.007320, Params: {'lr': 0.09461350073127846, 'depth': 4}

üìê Tuning for q=0.9
[I 2025-06-27 03:55:21,563] A new study created in memory with name: no-name-08adaa7a-ecad-4588-93df-7e1f0090fb85
Training until validation scores don't improve for 50 rounds
Early stopping, best iteration is:
[60]    train's quantile: 0.00397685    valid's quantile: 0.00364618
[I 2025-06-27 03:55:21,750] Trial 0 finished with value: 0.0036461783960808564 and parameters: {'lr': 0.04370861069626263, 'depth': 10}. Best is trial 0 with value: 0.0036461783960808564.
Training until validation scores don't improve for 50 rounds
Early stopping, best iteration is:
[30]    train's quantile: 0.00426564    valid's quantile: 0.00361734
[I 2025-06-27 03:55:21,865] Trial 1 finished with value: 0.0036173432342897984 and parameters: {'lr': 0.07587945476302646, 'depth': 7}. Best is trial 1 with value: 0.0036173432342897984.
Training until validation scores don't improve for 50 rounds
Early stopping, best iteration is:
[269]   train's quantile: 0.00431034    valid's quantile: 0.00352454
[I 2025-06-27 03:55:22,091] Trial 2 finished with value: 0.003524538984204969 and parameters: {'lr': 0.02404167763981929, 'depth': 4}. Best is trial 2 with value: 0.003524538984204969.
Training until validation scores don't improve for 50 rounds
Early stopping, best iteration is:
[257]   train's quantile: 0.00379356    valid's quantile: 0.00360518
[I 2025-06-27 03:55:22,529] Trial 3 finished with value: 0.0036051781762001895 and parameters: {'lr': 0.015227525095137952, 'depth': 9}. Best is trial 2 with value: 0.003524538984204969.
Training until validation scores don't improve for 50 rounds
Early stopping, best iteration is:
[50]    train's quantile: 0.00396213    valid's quantile: 0.00364251
[I 2025-06-27 03:55:22,682] Trial 4 finished with value: 0.0036425054813268368 and parameters: {'lr': 0.0641003510568888, 'depth': 8}. Best is trial 2 with value: 0.003524538984204969.
Training until validation scores don't improve for 50 rounds
Early stopping, best iteration is:
[329]   train's quantile: 0.0037459     valid's quantile: 0.00354488
[I 2025-06-27 03:55:23,215] Trial 5 finished with value: 0.0035448761754814594 and parameters: {'lr': 0.011852604486622221, 'depth': 10}. Best is trial 2 with value: 0.003524538984204969.
Training until validation scores don't improve for 50 rounds
Early stopping, best iteration is:
[70]    train's quantile: 0.00428412    valid's quantile: 0.0035075
[I 2025-06-27 03:55:23,298] Trial 6 finished with value: 0.0035074991562111905 and parameters: {'lr': 0.08491983767203796, 'depth': 4}. Best is trial 6 with value: 0.0035074991562111905.
Training until validation scores don't improve for 50 rounds
Early stopping, best iteration is:
[170]   train's quantile: 0.00444204    valid's quantile: 0.00352838
[I 2025-06-27 03:55:23,444] Trial 7 finished with value: 0.0035283846831824428 and parameters: {'lr': 0.02636424704863906, 'depth': 4}. Best is trial 6 with value: 0.0035074991562111905.
Training until validation scores don't improve for 50 rounds
Early stopping, best iteration is:
[114]   train's quantile: 0.00386525    valid's quantile: 0.00359773
[I 2025-06-27 03:55:23,640] Trial 8 finished with value: 0.0035977340130166156 and parameters: {'lr': 0.0373818018663584, 'depth': 7}. Best is trial 6 with value: 0.0035074991562111905.
Training until validation scores don't improve for 50 rounds
Early stopping, best iteration is:
[97]    train's quantile: 0.00416314    valid's quantile: 0.00353057
[I 2025-06-27 03:55:23,776] Trial 9 finished with value: 0.0035305715037967722 and parameters: {'lr': 0.048875051677790424, 'depth': 5}. Best is trial 6 with value: 0.0035074991562111905.
Training until validation scores don't improve for 50 rounds
Early stopping, best iteration is:
[45]    train's quantile: 0.00467388    valid's quantile: 0.0036016
[I 2025-06-27 03:55:23,846] Trial 10 finished with value: 0.0036015970402614155 and parameters: {'lr': 0.09801964666730802, 'depth': 3}. Best is trial 6 with value: 0.0035074991562111905.
Training until validation scores don't improve for 50 rounds
Early stopping, best iteration is:
[61]    train's quantile: 0.00406153    valid's quantile: 0.00352328
[I 2025-06-27 03:55:23,953] Trial 11 finished with value: 0.0035232782418868924 and parameters: {'lr': 0.08948522184742393, 'depth': 5}. Best is trial 6 with value: 0.0035074991562111905.
Training until validation scores don't improve for 50 rounds
Early stopping, best iteration is:
[55]    train's quantile: 0.00415384    valid's quantile: 0.0034897
[I 2025-06-27 03:55:24,058] Trial 12 finished with value: 0.00348970003102233 and parameters: {'lr': 0.09556456490674431, 'depth': 5}. Best is trial 12 with value: 0.00348970003102233.
Training until validation scores don't improve for 50 rounds
Early stopping, best iteration is:
[72]    train's quantile: 0.00407117    valid's quantile: 0.00360485
[I 2025-06-27 03:55:24,175] Trial 13 finished with value: 0.003604845894978601 and parameters: {'lr': 0.07709396062878669, 'depth': 5}. Best is trial 12 with value: 0.00348970003102233.
Training until validation scores don't improve for 50 rounds
Early stopping, best iteration is:
[139]   train's quantile: 0.00437124    valid's quantile: 0.00359536
[I 2025-06-27 03:55:24,289] Trial 14 finished with value: 0.0035953583959628197 and parameters: {'lr': 0.08710396130910066, 'depth': 3}. Best is trial 12 with value: 0.00348970003102233.
Training until validation scores don't improve for 50 rounds
Early stopping, best iteration is:
[44]    train's quantile: 0.00417431    valid's quantile: 0.00355457
[I 2025-06-27 03:55:24,409] Trial 15 finished with value: 0.003554574889433401 and parameters: {'lr': 0.06497983141954258, 'depth': 6}. Best is trial 12 with value: 0.00348970003102233.
Training until validation scores don't improve for 50 rounds
Early stopping, best iteration is:
[40]    train's quantile: 0.00404697    valid's quantile: 0.00349073
[I 2025-06-27 03:55:24,519] Trial 16 finished with value: 0.0034907273155422767 and parameters: {'lr': 0.09739370191158478, 'depth': 6}. Best is trial 12 with value: 0.00348970003102233.
Training until validation scores don't improve for 50 rounds
Early stopping, best iteration is:
[53]    train's quantile: 0.00395475    valid's quantile: 0.00354434
[I 2025-06-27 03:55:24,635] Trial 17 finished with value: 0.0035443374372578834 and parameters: {'lr': 0.09946011312178113, 'depth': 6}. Best is trial 12 with value: 0.00348970003102233.
Training until validation scores don't improve for 50 rounds
Early stopping, best iteration is:
[72]    train's quantile: 0.00374518    valid's quantile: 0.00355823
[I 2025-06-27 03:55:24,845] Trial 18 finished with value: 0.0035582291893829785 and parameters: {'lr': 0.06387078571176352, 'depth': 8}. Best is trial 12 with value: 0.00348970003102233.
Training until validation scores don't improve for 50 rounds
Early stopping, best iteration is:
[60]    train's quantile: 0.00393668    valid's quantile: 0.00355647
[I 2025-06-27 03:55:24,974] Trial 19 finished with value: 0.0035564715878328946 and parameters: {'lr': 0.07503011914410902, 'depth': 6}. Best is trial 12 with value: 0.00348970003102233.
Training until validation scores don't improve for 50 rounds
Early stopping, best iteration is:
[75]    train's quantile: 0.00347682    valid's quantile: 0.00368975
[I 2025-06-27 03:55:25,167] Trial 20 finished with value: 0.0036897525643978767 and parameters: {'lr': 0.0920725050896144, 'depth': 8}. Best is trial 12 with value: 0.00348970003102233.
Training until validation scores don't improve for 50 rounds
Early stopping, best iteration is:
[52]    train's quantile: 0.00444064    valid's quantile: 0.00350413
