[I 2025-06-27 04:09:37,279] Trial 61 finished with value: 0.003605168012289721 and parameters: {'lr': 0.020301068733832358, 'depth': 3}. Best is trial 45 with value: 0.0035625449085318695.
Training until validation scores don't improve for 0 rounds
[I 2025-06-27 04:09:37,913] Trial 62 finished with value: 0.0035724318322282204 and parameters: {'lr': 0.011612279944604655, 'depth': 4}. Best is trial 45 with value: 0.0035625449085318695.
Training until validation scores don't improve for 0 rounds
[I 2025-06-27 04:09:38,540] Trial 63 finished with value: 0.0035578407649911638 and parameters: {'lr': 0.011077552180731936, 'depth': 4}. Best is trial 63 with value: 0.0035578407649911638.
Training until validation scores don't improve for 0 rounds
[I 2025-06-27 04:09:39,156] Trial 64 finished with value: 0.003557490719354097 and parameters: {'lr': 0.010797577138201219, 'depth': 4}. Best is trial 64 with value: 0.003557490719354097.
Training until validation scores don't improve for 0 rounds
[I 2025-06-27 04:09:39,821] Trial 65 finished with value: 0.003557716907294457 and parameters: {'lr': 0.010733538288372453, 'depth': 4}. Best is trial 64 with value: 0.003557490719354097.
Training until validation scores don't improve for 0 rounds
[I 2025-06-27 04:09:40,591] Trial 66 finished with value: 0.003658299010693728 and parameters: {'lr': 0.017594905546793296, 'depth': 5}. Best is trial 64 with value: 0.003557490719354097.
Training until validation scores don't improve for 0 rounds
[I 2025-06-27 04:09:41,213] Trial 67 finished with value: 0.003546667179336256 and parameters: {'lr': 0.010682872021511042, 'depth': 4}. Best is trial 67 with value: 0.003546667179336256.
Training until validation scores don't improve for 0 rounds
[I 2025-06-27 04:09:41,808] Trial 68 finished with value: 0.0035567331367314108 and parameters: {'lr': 0.010526310813446819, 'depth': 4}. Best is trial 67 with value: 0.003546667179336256.
Training until validation scores don't improve for 0 rounds
[I 2025-06-27 04:09:42,449] Trial 69 finished with value: 0.0035629165460031352 and parameters: {'lr': 0.011948632740176582, 'depth': 4}. Best is trial 67 with value: 0.003546667179336256.
Training until validation scores don't improve for 0 rounds
[I 2025-06-27 04:09:43,085] Trial 70 finished with value: 0.003544142360758898 and parameters: {'lr': 0.010248832083995758, 'depth': 4}. Best is trial 70 with value: 0.003544142360758898.
Training until validation scores don't improve for 0 rounds
[I 2025-06-27 04:09:43,730] Trial 71 finished with value: 0.0035740602267168705 and parameters: {'lr': 0.011549649439623423, 'depth': 4}. Best is trial 70 with value: 0.003544142360758898.
Training until validation scores don't improve for 0 rounds
[I 2025-06-27 04:09:44,373] Trial 72 finished with value: 0.003585050322788002 and parameters: {'lr': 0.01020434914972273, 'depth': 4}. Best is trial 70 with value: 0.003544142360758898.
Training until validation scores don't improve for 0 rounds
[I 2025-06-27 04:09:45,042] Trial 73 finished with value: 0.003617066365192194 and parameters: {'lr': 0.016925521671353805, 'depth': 4}. Best is trial 70 with value: 0.003544142360758898.
Training until validation scores don't improve for 0 rounds
[I 2025-06-27 04:09:45,774] Trial 74 finished with value: 0.003585691605630912 and parameters: {'lr': 0.012792712132362818, 'depth': 4}. Best is trial 70 with value: 0.003544142360758898.
Training until validation scores don't improve for 0 rounds
[I 2025-06-27 04:09:46,754] Trial 75 finished with value: 0.003690196287824188 and parameters: {'lr': 0.02255977488451367, 'depth': 5}. Best is trial 70 with value: 0.003544142360758898.
Training until validation scores don't improve for 0 rounds
[I 2025-06-27 04:09:47,438] Trial 76 finished with value: 0.0037727862102210595 and parameters: {'lr': 0.06517375156873677, 'depth': 4}. Best is trial 70 with value: 0.003544142360758898.
Training until validation scores don't improve for 0 rounds
[I 2025-06-27 04:09:48,064] Trial 77 finished with value: 0.003549168354692997 and parameters: {'lr': 0.013205994601084037, 'depth': 4}. Best is trial 70 with value: 0.003544142360758898.
Training until validation scores don't improve for 0 rounds
[I 2025-06-27 04:09:48,899] Trial 78 finished with value: 0.003641601010964459 and parameters: {'lr': 0.010070336223506336, 'depth': 5}. Best is trial 70 with value: 0.003544142360758898.
Training until validation scores don't improve for 0 rounds
[I 2025-06-27 04:09:49,503] Trial 79 finished with value: 0.003579189778914355 and parameters: {'lr': 0.015451989522941058, 'depth': 4}. Best is trial 70 with value: 0.003544142360758898.
Training until validation scores don't improve for 0 rounds
[I 2025-06-27 04:09:50,313] Trial 80 finished with value: 0.003628737054159211 and parameters: {'lr': 0.018571086321914343, 'depth': 5}. Best is trial 70 with value: 0.003544142360758898.
Training until validation scores don't improve for 0 rounds
[I 2025-06-27 04:09:50,980] Trial 81 finished with value: 0.0035497212109615157 and parameters: {'lr': 0.012580426173110275, 'depth': 4}. Best is trial 70 with value: 0.003544142360758898.
Training until validation scores don't improve for 0 rounds
[I 2025-06-27 04:09:51,935] Trial 82 finished with value: 0.0035722179629990095 and parameters: {'lr': 0.01355266991428792, 'depth': 4}. Best is trial 70 with value: 0.003544142360758898.
Training until validation scores don't improve for 0 rounds
[I 2025-06-27 04:09:52,521] Trial 83 finished with value: 0.0035916866793109774 and parameters: {'lr': 0.016226203111865733, 'depth': 4}. Best is trial 70 with value: 0.003544142360758898.
Training until validation scores don't improve for 0 rounds
[I 2025-06-27 04:09:53,146] Trial 84 finished with value: 0.003694266409640535 and parameters: {'lr': 0.027531562193354044, 'depth': 4}. Best is trial 70 with value: 0.003544142360758898.
Training until validation scores don't improve for 0 rounds
[I 2025-06-27 04:09:53,749] Trial 85 finished with value: 0.003613971885003801 and parameters: {'lr': 0.02125325722660737, 'depth': 4}. Best is trial 70 with value: 0.003544142360758898.
Training until validation scores don't improve for 0 rounds
[I 2025-06-27 04:09:54,322] Trial 86 finished with value: 0.003523824257872969 and parameters: {'lr': 0.01297884383534509, 'depth': 4}. Best is trial 86 with value: 0.003523824257872969.
Training until validation scores don't improve for 0 rounds
[I 2025-06-27 04:09:55,081] Trial 87 finished with value: 0.003591199091703044 and parameters: {'lr': 0.010248764896193705, 'depth': 5}. Best is trial 86 with value: 0.003523824257872969.
Training until validation scores don't improve for 0 rounds
[I 2025-06-27 04:09:55,663] Trial 88 finished with value: 0.0035909845185429553 and parameters: {'lr': 0.018531021064786758, 'depth': 4}. Best is trial 86 with value: 0.003523824257872969.
Training until validation scores don't improve for 0 rounds
[I 2025-06-27 04:09:56,243] Trial 89 finished with value: 0.003659032157967745 and parameters: {'lr': 0.04985154208023414, 'depth': 4}. Best is trial 86 with value: 0.003523824257872969.
Training until validation scores don't improve for 0 rounds
[I 2025-06-27 04:09:56,989] Trial 90 finished with value: 0.003629500596223429 and parameters: {'lr': 0.01602335343286349, 'depth': 5}. Best is trial 86 with value: 0.003523824257872969.
Training until validation scores don't improve for 0 rounds
[I 2025-06-27 04:09:57,567] Trial 91 finished with value: 0.0035628248102346927 and parameters: {'lr': 0.013183763974524147, 'depth': 4}. Best is trial 86 with value: 0.003523824257872969.
Training until validation scores don't improve for 0 rounds
[I 2025-06-27 04:09:58,181] Trial 92 finished with value: 0.003550405783710235 and parameters: {'lr': 0.013461979942117893, 'depth': 4}. Best is trial 86 with value: 0.003523824257872969.
Training until validation scores don't improve for 0 rounds
[I 2025-06-27 04:09:58,788] Trial 93 finished with value: 0.0035804091523229647 and parameters: {'lr': 0.012628833522545294, 'depth': 4}. Best is trial 86 with value: 0.003523824257872969.
Training until validation scores don't improve for 0 rounds
[I 2025-06-27 04:09:59,377] Trial 94 finished with value: 0.00354840151669687 and parameters: {'lr': 0.015303785927833605, 'depth': 4}. Best is trial 86 with value: 0.003523824257872969.
Training until validation scores don't improve for 0 rounds
[I 2025-06-27 04:09:59,965] Trial 95 finished with value: 0.00357724610914843 and parameters: {'lr': 0.019131408652757347, 'depth': 4}. Best is trial 86 with value: 0.003523824257872969.
Training until validation scores don't improve for 0 rounds
[I 2025-06-27 04:10:00,562] Trial 96 finished with value: 0.0036154793771758452 and parameters: {'lr': 0.015495352465087799, 'depth': 4}. Best is trial 86 with value: 0.003523824257872969.
Training until validation scores don't improve for 0 rounds
[I 2025-06-27 04:10:01,333] Trial 97 finished with value: 0.003642171870011329 and parameters: {'lr': 0.021298116329119075, 'depth': 5}. Best is trial 86 with value: 0.003523824257872969.
Training until validation scores don't improve for 0 rounds
[I 2025-06-27 04:10:01,809] Trial 98 finished with value: 0.0036046168655196457 and parameters: {'lr': 0.014669227026770195, 'depth': 3}. Best is trial 86 with value: 0.003523824257872969.
Training until validation scores don't improve for 0 rounds
[I 2025-06-27 04:10:02,987] Trial 99 finished with value: 0.004023108539435445 and parameters: {'lr': 0.08558546105634524, 'depth': 7}. Best is trial 86 with value: 0.003523824257872969.
  CRPS: 0.003524, Params: {'lr': 0.01297884383534509, 'depth': 4}