[I 2025-06-27 04:14:48,627] Trial 33 finished with value: 0.007352517021320155 and parameters: {'lr': 0.016111687916492184, 'depth': 4, 'trees': 407}. Best is trial 7 with value: 0.007336423077695995.
Training until validation scores don't improve for 0 rounds
[I 2025-06-27 04:14:49,124] Trial 34 finished with value: 0.007392411439179369 and parameters: {'lr': 0.01702059921897027, 'depth': 4, 'trees': 412}. Best is trial 7 with value: 0.007336423077695995.
Training until validation scores don't improve for 0 rounds
[I 2025-06-27 04:14:49,519] Trial 35 finished with value: 0.007410247714865597 and parameters: {'lr': 0.013203794615620483, 'depth': 4, 'trees': 394}. Best is trial 7 with value: 0.007336423077695995.
Training until validation scores don't improve for 0 rounds
[I 2025-06-27 04:14:49,944] Trial 36 finished with value: 0.007488013041728669 and parameters: {'lr': 0.027521779080793205, 'depth': 4, 'trees': 448}. Best is trial 7 with value: 0.007336423077695995.
Training until validation scores don't improve for 0 rounds
[I 2025-06-27 04:14:50,406] Trial 37 finished with value: 0.007393320947779018 and parameters: {'lr': 0.03519981863470211, 'depth': 5, 'trees': 507}. Best is trial 7 with value: 0.007336423077695995.
Training until validation scores don't improve for 0 rounds
[I 2025-06-27 04:14:50,883] Trial 38 finished with value: 0.007457082760460104 and parameters: {'lr': 0.017801089558276723, 'depth': 3, 'trees': 930}. Best is trial 7 with value: 0.007336423077695995.
Training until validation scores don't improve for 0 rounds
[I 2025-06-27 04:14:51,310] Trial 39 finished with value: 0.007454826157296463 and parameters: {'lr': 0.025178753056778545, 'depth': 4, 'trees': 662}. Best is trial 7 with value: 0.007336423077695995.
Training until validation scores don't improve for 0 rounds
[I 2025-06-27 04:14:51,606] Trial 40 finished with value: 0.0074125440139477874 and parameters: {'lr': 0.029762939079240755, 'depth': 5, 'trees': 350}. Best is trial 7 with value: 0.007336423077695995.
Training until validation scores don't improve for 0 rounds
[I 2025-06-27 04:14:51,841] Trial 41 finished with value: 0.007416207263337213 and parameters: {'lr': 0.015972719520210142, 'depth': 3, 'trees': 413}. Best is trial 7 with value: 0.007336423077695995.
Training until validation scores don't improve for 0 rounds
[I 2025-06-27 04:14:52,031] Trial 42 finished with value: 0.0074339946280471475 and parameters: {'lr': 0.03875091961141344, 'depth': 3, 'trees': 329}. Best is trial 7 with value: 0.007336423077695995.
Training until validation scores don't improve for 0 rounds
[I 2025-06-27 04:14:52,247] Trial 43 finished with value: 0.0074653997043946495 and parameters: {'lr': 0.04554636029480293, 'depth': 4, 'trees': 303}. Best is trial 7 with value: 0.007336423077695995.
Training until validation scores don't improve for 0 rounds
[I 2025-06-27 04:14:52,482] Trial 44 finished with value: 0.007518134040882214 and parameters: {'lr': 0.06172432035174504, 'depth': 3, 'trees': 432}. Best is trial 7 with value: 0.007336423077695995.
Training until validation scores don't improve for 0 rounds
[I 2025-06-27 04:14:52,745] Trial 45 finished with value: 0.007407821362519897 and parameters: {'lr': 0.025425836426798087, 'depth': 4, 'trees': 387}. Best is trial 7 with value: 0.007336423077695995.
Training until validation scores don't improve for 0 rounds
[I 2025-06-27 04:14:53,058] Trial 46 finished with value: 0.007479326356103912 and parameters: {'lr': 0.05222561987783803, 'depth': 3, 'trees': 575}. Best is trial 7 with value: 0.007336423077695995.
Training until validation scores don't improve for 0 rounds
[I 2025-06-27 04:14:53,594] Trial 47 finished with value: 0.007557622578696186 and parameters: {'lr': 0.06625350889648302, 'depth': 5, 'trees': 708}. Best is trial 7 with value: 0.007336423077695995.
Training until validation scores don't improve for 0 rounds
[I 2025-06-27 04:14:54,026] Trial 48 finished with value: 0.007460322764861864 and parameters: {'lr': 0.014010236884749403, 'depth': 7, 'trees': 349}. Best is trial 7 with value: 0.007336423077695995.
Training until validation scores don't improve for 0 rounds
[I 2025-06-27 04:14:54,341] Trial 49 finished with value: 0.0074109425737077655 and parameters: {'lr': 0.020076514996409715, 'depth': 4, 'trees': 465}. Best is trial 7 with value: 0.007336423077695995.
  CRPS: 0.007336, Params: {'lr': 0.022554447458683766, 'depth': 5, 'trees': 556}

📐 Tuning for q=0.9
[I 2025-06-27 04:14:54,343] A new study created in memory with name: no-name-17460af7-308e-42af-82e1-3ed090ea46d4
Training until validation scores don't improve for 0 rounds
[I 2025-06-27 04:14:55,629] Trial 0 finished with value: 0.004049617498450467 and parameters: {'lr': 0.04370861069626263, 'depth': 10, 'trees': 813}. Best is trial 0 with value: 0.004049617498450467.
Training until validation scores don't improve for 0 rounds
[I 2025-06-27 04:14:55,901] Trial 1 finished with value: 0.0036290606059302248 and parameters: {'lr': 0.0638792635777333, 'depth': 4, 'trees': 409}. Best is trial 1 with value: 0.0036290606059302248.
Training until validation scores don't improve for 0 rounds
[I 2025-06-27 04:14:56,990] Trial 2 finished with value: 0.003754745434390637 and parameters: {'lr': 0.015227525095137952, 'depth': 9, 'trees': 721}. Best is trial 1 with value: 0.0036290606059302248.
Training until validation scores don't improve for 0 rounds
[I 2025-06-27 04:14:57,484] Trial 3 finished with value: 0.003667776144784768 and parameters: {'lr': 0.0737265320016441, 'depth': 3, 'trees': 979}. Best is trial 1 with value: 0.0036290606059302248.
Training until validation scores don't improve for 0 rounds
[I 2025-06-27 04:14:57,756] Trial 4 finished with value: 0.003682636131413717 and parameters: {'lr': 0.08491983767203796, 'depth': 4, 'trees': 427}. Best is trial 1 with value: 0.0036290606059302248.
Training until validation scores don't improve for 0 rounds
[I 2025-06-27 04:14:58,279] Trial 5 finished with value: 0.0036563795782928506 and parameters: {'lr': 0.026506405886809047, 'depth': 5, 'trees': 667}. Best is trial 1 with value: 0.0036290606059302248.
Training until validation scores don't improve for 0 rounds
[I 2025-06-27 04:14:58,834] Trial 6 finished with value: 0.0037086638619127413 and parameters: {'lr': 0.048875051677790424, 'depth': 5, 'trees': 728}. Best is trial 1 with value: 0.0036290606059302248.
Training until validation scores don't improve for 0 rounds
[I 2025-06-27 04:14:59,274] Trial 7 finished with value: 0.0036569838567057224 and parameters: {'lr': 0.022554447458683766, 'depth': 5, 'trees': 556}. Best is trial 1 with value: 0.0036290606059302248.
Training until validation scores don't improve for 0 rounds
[I 2025-06-27 04:14:59,949] Trial 8 finished with value: 0.003846032485531658 and parameters: {'lr': 0.05104629857953324, 'depth': 9, 'trees': 439}. Best is trial 1 with value: 0.0036290606059302248.
Training until validation scores don't improve for 0 rounds
[I 2025-06-27 04:15:00,374] Trial 9 finished with value: 0.0037346817010192215 and parameters: {'lr': 0.05628109945722505, 'depth': 7, 'trees': 332}. Best is trial 1 with value: 0.0036290606059302248.
Training until validation scores don't improve for 0 rounds
[I 2025-06-27 04:15:00,769] Trial 10 finished with value: 0.003932194844876134 and parameters: {'lr': 0.0958231228499039, 'depth': 7, 'trees': 305}. Best is trial 1 with value: 0.0036290606059302248.
Training until validation scores don't improve for 0 rounds
[I 2025-06-27 04:15:01,256] Trial 11 finished with value: 0.0036598421774441357 and parameters: {'lr': 0.030610689841511857, 'depth': 5, 'trees': 578}. Best is trial 1 with value: 0.0036290606059302248.
Training until validation scores don't improve for 0 rounds
[I 2025-06-27 04:15:01,555] Trial 12 finished with value: 0.003668642093024161 and parameters: {'lr': 0.07320740676103465, 'depth': 3, 'trees': 574}. Best is trial 1 with value: 0.0036290606059302248.
Training until validation scores don't improve for 0 rounds
[I 2025-06-27 04:15:02,455] Trial 13 finished with value: 0.003946009531104122 and parameters: {'lr': 0.06700318293966036, 'depth': 6, 'trees': 873}. Best is trial 1 with value: 0.0036290606059302248.
Training until validation scores don't improve for 0 rounds
[I 2025-06-27 04:15:02,799] Trial 14 finished with value: 0.003546160472666552 and parameters: {'lr': 0.035726887760058945, 'depth': 4, 'trees': 470}. Best is trial 14 with value: 0.003546160472666552.
Training until validation scores don't improve for 0 rounds
[I 2025-06-27 04:15:03,057] Trial 15 finished with value: 0.0036729401278918754 and parameters: {'lr': 0.03720523486682057, 'depth': 3, 'trees': 452}. Best is trial 14 with value: 0.003546160472666552.
Training until validation scores don't improve for 0 rounds
[I 2025-06-27 04:15:03,390] Trial 16 finished with value: 0.003663272414312345 and parameters: {'lr': 0.058376363994266496, 'depth': 4, 'trees': 507}. Best is trial 14 with value: 0.003546160472666552.
Training until validation scores don't improve for 0 rounds
[I 2025-06-27 04:15:03,814] Trial 17 finished with value: 0.0035739454180326873 and parameters: {'lr': 0.011915935017919332, 'depth': 6, 'trees': 377}. Best is trial 14 with value: 0.003546160472666552.
Training until validation scores don't improve for 0 rounds
[I 2025-06-27 04:15:04,215] Trial 18 finished with value: 0.0035469276878150402 and parameters: {'lr': 0.011454347110843798, 'depth': 6, 'trees': 345}. Best is trial 14 with value: 0.003546160472666552.
Training until validation scores don't improve for 0 rounds
[I 2025-06-27 04:15:04,962] Trial 19 finished with value: 0.003673232452205643 and parameters: {'lr': 0.018302098273198314, 'depth': 8, 'trees': 511}. Best is trial 14 with value: 0.003546160472666552.
Training until validation scores don't improve for 0 rounds
[I 2025-06-27 04:15:05,431] Trial 20 finished with value: 0.0036472813201497353 and parameters: {'lr': 0.03562896785818861, 'depth': 6, 'trees': 361}. Best is trial 14 with value: 0.003546160472666552.
Training until validation scores don't improve for 0 rounds
[I 2025-06-27 04:15:05,849] Trial 21 finished with value: 0.0035908189401063382 and parameters: {'lr': 0.014953166204463037, 'depth': 6, 'trees': 370}. Best is trial 14 with value: 0.003546160472666552.
Training until validation scores don't improve for 0 rounds
[I 2025-06-27 04:15:06,458] Trial 22 finished with value: 0.00360212635325555 and parameters: {'lr': 0.011182628414602769, 'depth': 7, 'trees': 488}. Best is trial 14 with value: 0.003546160472666552.
Training until validation scores don't improve for 0 rounds
[I 2025-06-27 04:15:06,905] Trial 23 finished with value: 0.0035974090347183434 and parameters: {'lr': 0.010125951554455259, 'depth': 8, 'trees': 307}. Best is trial 14 with value: 0.003546160472666552.
Training until validation scores don't improve for 0 rounds
[I 2025-06-27 04:15:07,317] Trial 24 finished with value: 0.0035756285677184035 and parameters: {'lr': 0.025247971920952034, 'depth': 6, 'trees': 383}. Best is trial 14 with value: 0.003546160472666552.
Training until validation scores don't improve for 0 rounds
[I 2025-06-27 04:15:07,598] Trial 25 finished with value: 0.0035929494874455932 and parameters: {'lr': 0.03780385450329671, 'depth': 4, 'trees': 386}. Best is trial 14 with value: 0.003546160472666552.
Training until validation scores don't improve for 0 rounds
[I 2025-06-27 04:15:08,563] Trial 26 finished with value: 0.003760960121284921 and parameters: {'lr': 0.021504189185437596, 'depth': 8, 'trees': 623}. Best is trial 14 with value: 0.003546160472666552.
Training until validation scores don't improve for 0 rounds
[I 2025-06-27 04:15:08,954] Trial 27 finished with value: 0.003632215195128667 and parameters: {'lr': 0.028101775355651774, 'depth': 5, 'trees': 473}. Best is trial 14 with value: 0.003546160472666552.
Training until validation scores don't improve for 0 rounds
[I 2025-06-27 04:15:09,409] Trial 28 finished with value: 0.0038035581180041003 and parameters: {'lr': 0.031971541739333705, 'depth': 7, 'trees': 335}. Best is trial 14 with value: 0.003546160472666552.
Training until validation scores don't improve for 0 rounds
[I 2025-06-27 04:15:09,960] Trial 29 finished with value: 0.0038099464306397624 and parameters: {'lr': 0.04136888245747295, 'depth': 6, 'trees': 544}. Best is trial 14 with value: 0.003546160472666552.
Training until validation scores don't improve for 0 rounds
[I 2025-06-27 04:15:10,601] Trial 30 finished with value: 0.0037342138093028237 and parameters: {'lr': 0.04276304973773038, 'depth': 10, 'trees': 412}. Best is trial 14 with value: 0.003546160472666552.
Training until validation scores don't improve for 0 rounds
[I 2025-06-27 04:15:11,002] Trial 31 finished with value: 0.0035708125631477117 and parameters: {'lr': 0.023763307090487656, 'depth': 6, 'trees': 371}. Best is trial 14 with value: 0.003546160472666552.
Training until validation scores don't improve for 0 rounds
[I 2025-06-27 04:15:11,348] Trial 32 finished with value: 0.003524103717305399 and parameters: {'lr': 0.01838801058818348, 'depth': 5, 'trees': 351}. Best is trial 32 with value: 0.003524103717305399.
Training until validation scores don't improve for 0 rounds
[I 2025-06-27 04:15:11,619] Trial 33 finished with value: 0.0035414346358835663 and parameters: {'lr': 0.018818702394622362, 'depth': 4, 'trees': 341}. Best is trial 32 with value: 0.003524103717305399.
Training until validation scores don't improve for 0 rounds
[I 2025-06-27 04:15:11,885] Trial 34 finished with value: 0.0035108134381066805 and parameters: {'lr': 0.018590766014390355, 'depth': 4, 'trees': 333}. Best is trial 34 with value: 0.0035108134381066805.
Training until validation scores don't improve for 0 rounds
[I 2025-06-27 04:15:12,235] Trial 35 finished with value: 0.0035443268827977776 and parameters: {'lr': 0.018219897463014497, 'depth': 4, 'trees': 420}. Best is trial 34 with value: 0.0035108134381066805.
Training until validation scores don't improve for 0 rounds
[I 2025-06-27 04:15:12,501] Trial 36 finished with value: 0.003596023510538501 and parameters: {'lr': 0.019715734966797002, 'depth': 3, 'trees': 426}. Best is trial 34 with value: 0.0035108134381066805.
Training until validation scores don't improve for 0 rounds
[I 2025-06-27 04:15:12,747] Trial 37 finished with value: 0.00353492942275476 and parameters: {'lr': 0.018641693003727047, 'depth': 4, 'trees': 307}. Best is trial 34 with value: 0.0035108134381066805.
Training until validation scores don't improve for 0 rounds
[I 2025-06-27 04:15:12,977] Trial 38 finished with value: 0.0035540187423697945 and parameters: {'lr': 0.01646956684707001, 'depth': 4, 'trees': 302}. Best is trial 34 with value: 0.0035108134381066805.
Training until validation scores don't improve for 0 rounds
[I 2025-06-27 04:15:13,425] Trial 39 finished with value: 0.003596158403553037 and parameters: {'lr': 0.03007363194423309, 'depth': 3, 'trees': 908}. Best is trial 34 with value: 0.0035108134381066805.
Training until validation scores don't improve for 0 rounds
[I 2025-06-27 04:15:14,005] Trial 40 finished with value: 0.003765396156520456 and parameters: {'lr': 0.04997260174082171, 'depth': 5, 'trees': 722}. Best is trial 34 with value: 0.0035108134381066805.
Training until validation scores don't improve for 0 rounds
[I 2025-06-27 04:15:14,298] Trial 41 finished with value: 0.0035341224759843624 and parameters: {'lr': 0.016914036914839503, 'depth': 4, 'trees': 405}. Best is trial 34 with value: 0.0035108134381066805.
Training until validation scores don't improve for 0 rounds
[I 2025-06-27 04:15:14,545] Trial 42 finished with value: 0.003528347989489868 and parameters: {'lr': 0.02248929454875389, 'depth': 4, 'trees': 332}. Best is trial 34 with value: 0.0035108134381066805.
Training until validation scores don't improve for 0 rounds
[I 2025-06-27 04:15:14,834] Trial 43 finished with value: 0.0035999690999085937 and parameters: {'lr': 0.024191244991508345, 'depth': 5, 'trees': 304}. Best is trial 34 with value: 0.0035108134381066805.
Training until validation scores don't improve for 0 rounds
[I 2025-06-27 04:15:15,121] Trial 44 finished with value: 0.0035520461783982524 and parameters: {'lr': 0.01605382440642677, 'depth': 4, 'trees': 402}. Best is trial 34 with value: 0.0035108134381066805.
Training until validation scores don't improve for 0 rounds
[I 2025-06-27 04:15:15,326] Trial 45 finished with value: 0.003602773476779027 and parameters: {'lr': 0.027893964827472972, 'depth': 3, 'trees': 327}. Best is trial 34 with value: 0.0035108134381066805.
Training until validation scores don't improve for 0 rounds
[I 2025-06-27 04:15:15,871] Trial 46 finished with value: 0.003611712338361106 and parameters: {'lr': 0.021960789188496744, 'depth': 5, 'trees': 666}. Best is trial 34 with value: 0.0035108134381066805.
Training until validation scores don't improve for 0 rounds
[I 2025-06-27 04:15:16,117] Trial 47 finished with value: 0.0037095109091898246 and parameters: {'lr': 0.08613169232717711, 'depth': 3, 'trees': 448}. Best is trial 34 with value: 0.0035108134381066805.
Training until validation scores don't improve for 0 rounds
[I 2025-06-27 04:15:16,378] Trial 48 finished with value: 0.003543197434976835 and parameters: {'lr': 0.014931420023960825, 'depth': 4, 'trees': 349}. Best is trial 34 with value: 0.0035108134381066805.
Training until validation scores don't improve for 0 rounds
[I 2025-06-27 04:15:16,725] Trial 49 finished with value: 0.003602153999715501 and parameters: {'lr': 0.032772110455401335, 'depth': 5, 'trees': 405}. Best is trial 34 with value: 0.0035108134381066805.
  CRPS: 0.003511, Params: {'lr': 0.018590766014390355, 'depth': 4, 'trees': 333}