[I 2025-06-27 04:07:29,909] Trial 86 finished with value: 0.00341307962183007 and parameters: {'lr': 0.017880973311946866, 'depth': 3}. Best is trial 13 with value: 0.003388435237371026.
Training until validation scores don't improve for 0 rounds
[I 2025-06-27 04:07:30,349] Trial 87 finished with value: 0.0034527903218370217 and parameters: {'lr': 0.024273152219747796, 'depth': 3}. Best is trial 13 with value: 0.003388435237371026.
Training until validation scores don't improve for 0 rounds
[I 2025-06-27 04:07:30,939] Trial 88 finished with value: 0.0034636953377458514 and parameters: {'lr': 0.016684037858869426, 'depth': 4}. Best is trial 13 with value: 0.003388435237371026.
Training until validation scores don't improve for 0 rounds
[I 2025-06-27 04:07:31,379] Trial 89 finished with value: 0.0034032202077363743 and parameters: {'lr': 0.027313834367963183, 'depth': 3}. Best is trial 13 with value: 0.003388435237371026.
Training until validation scores don't improve for 0 rounds
[I 2025-06-27 04:07:32,466] Trial 90 finished with value: 0.003965536401874992 and parameters: {'lr': 0.09073533849881922, 'depth': 7}. Best is trial 13 with value: 0.003388435237371026.
Training until validation scores don't improve for 0 rounds
[I 2025-06-27 04:07:32,921] Trial 91 finished with value: 0.0034363442413551963 and parameters: {'lr': 0.02105219981038688, 'depth': 3}. Best is trial 13 with value: 0.003388435237371026.
Training until validation scores don't improve for 0 rounds
[I 2025-06-27 04:07:33,420] Trial 92 finished with value: 0.003408554358198584 and parameters: {'lr': 0.0273241269909084, 'depth': 3}. Best is trial 13 with value: 0.003388435237371026.
Training until validation scores don't improve for 0 rounds
[I 2025-06-27 04:07:33,907] Trial 93 finished with value: 0.003404489825111942 and parameters: {'lr': 0.0310446632265124, 'depth': 3}. Best is trial 13 with value: 0.003388435237371026.
Training until validation scores don't improve for 0 rounds
[I 2025-06-27 04:07:34,351] Trial 94 finished with value: 0.0034391974795200506 and parameters: {'lr': 0.03225540236914474, 'depth': 3}. Best is trial 13 with value: 0.003388435237371026.
Training until validation scores don't improve for 0 rounds
[I 2025-06-27 04:07:34,822] Trial 95 finished with value: 0.0033988739191661 and parameters: {'lr': 0.03662924867103512, 'depth': 3}. Best is trial 13 with value: 0.003388435237371026.
Training until validation scores don't improve for 0 rounds
[I 2025-06-27 04:07:35,274] Trial 96 finished with value: 0.0034639295241982427 and parameters: {'lr': 0.03593713480510323, 'depth': 3}. Best is trial 13 with value: 0.003388435237371026.
Training until validation scores don't improve for 0 rounds
[I 2025-06-27 04:07:36,091] Trial 97 finished with value: 0.0034783838515333146 and parameters: {'lr': 0.03012669148440039, 'depth': 4}. Best is trial 13 with value: 0.003388435237371026.
Training until validation scores don't improve for 0 rounds
[I 2025-06-27 04:07:37,045] Trial 98 finished with value: 0.0038129786730609788 and parameters: {'lr': 0.039147015617950476, 'depth': 6}. Best is trial 13 with value: 0.003388435237371026.
Training until validation scores don't improve for 0 rounds
[I 2025-06-27 04:07:37,686] Trial 99 finished with value: 0.0035588146672383514 and parameters: {'lr': 0.05081756934342485, 'depth': 4}. Best is trial 13 with value: 0.003388435237371026.
  CRPS: 0.003388, Params: {'lr': 0.06216677943097987, 'depth': 3}

üìê Tuning for q=0.5
[I 2025-06-27 04:07:37,689] A new study created in memory with name: no-name-ad34e0d5-9e3f-48cf-b027-62feae0ed50c
Training until validation scores don't improve for 0 rounds
[I 2025-06-27 04:07:39,002] Trial 0 finished with value: 0.0075674472633689895 and parameters: {'lr': 0.04370861069626263, 'depth': 10}. Best is trial 0 with value: 0.0075674472633689895.
Training until validation scores don't improve for 0 rounds
[I 2025-06-27 04:07:40,086] Trial 1 finished with value: 0.007548084551866106 and parameters: {'lr': 0.07587945476302646, 'depth': 7}. Best is trial 1 with value: 0.007548084551866106.
Training until validation scores don't improve for 0 rounds
[I 2025-06-27 04:07:40,811] Trial 2 finished with value: 0.007340168799565768 and parameters: {'lr': 0.02404167763981929, 'depth': 4}. Best is trial 2 with value: 0.007340168799565768.
Training until validation scores don't improve for 0 rounds
[I 2025-06-27 04:07:42,831] Trial 3 finished with value: 0.007487542683442353 and parameters: {'lr': 0.015227525095137952, 'depth': 9}. Best is trial 2 with value: 0.007340168799565768.
Training until validation scores don't improve for 0 rounds
[I 2025-06-27 04:07:44,064] Trial 4 finished with value: 0.007640943909030002 and parameters: {'lr': 0.0641003510568888, 'depth': 8}. Best is trial 2 with value: 0.007340168799565768.
Training until validation scores don't improve for 0 rounds
[I 2025-06-27 04:07:45,376] Trial 5 finished with value: 0.0074625366690949 and parameters: {'lr': 0.011852604486622221, 'depth': 10}. Best is trial 2 with value: 0.007340168799565768.
Training until validation scores don't improve for 0 rounds
[I 2025-06-27 04:07:45,902] Trial 6 finished with value: 0.007626158905259596 and parameters: {'lr': 0.08491983767203796, 'depth': 4}. Best is trial 2 with value: 0.007340168799565768.
Training until validation scores don't improve for 0 rounds
[I 2025-06-27 04:07:46,442] Trial 7 finished with value: 0.0074470593360372005 and parameters: {'lr': 0.02636424704863906, 'depth': 4}. Best is trial 2 with value: 0.007340168799565768.
Training until validation scores don't improve for 0 rounds
[I 2025-06-27 04:07:47,468] Trial 8 finished with value: 0.007565734814585557 and parameters: {'lr': 0.0373818018663584, 'depth': 7}. Best is trial 2 with value: 0.007340168799565768.
Training until validation scores don't improve for 0 rounds
[I 2025-06-27 04:07:48,139] Trial 9 finished with value: 0.007582601905041311 and parameters: {'lr': 0.048875051677790424, 'depth': 5}. Best is trial 2 with value: 0.007340168799565768.
Training until validation scores don't improve for 0 rounds
[I 2025-06-27 04:07:48,583] Trial 10 finished with value: 0.007519519739448822 and parameters: {'lr': 0.09506228898073485, 'depth': 3}. Best is trial 2 with value: 0.007340168799565768.
Training until validation scores don't improve for 0 rounds
[I 2025-06-27 04:07:49,259] Trial 11 finished with value: 0.007477397403681233 and parameters: {'lr': 0.029414721178024617, 'depth': 5}. Best is trial 2 with value: 0.007340168799565768.
Training until validation scores don't improve for 0 rounds
[I 2025-06-27 04:07:49,702] Trial 12 finished with value: 0.007454964297458847 and parameters: {'lr': 0.025179449435079052, 'depth': 3}. Best is trial 2 with value: 0.007340168799565768.
Training until validation scores don't improve for 0 rounds
[I 2025-06-27 04:07:50,426] Trial 13 finished with value: 0.007552790683075983 and parameters: {'lr': 0.059254104800795425, 'depth': 5}. Best is trial 2 with value: 0.007340168799565768.
Training until validation scores don't improve for 0 rounds
[I 2025-06-27 04:07:51,036] Trial 14 finished with value: 0.007457634710109473 and parameters: {'lr': 0.0258146311624308, 'depth': 4}. Best is trial 2 with value: 0.007340168799565768.
Training until validation scores don't improve for 0 rounds
[I 2025-06-27 04:07:51,886] Trial 15 finished with value: 0.0075176454721880255 and parameters: {'lr': 0.035268485881573386, 'depth': 6}. Best is trial 2 with value: 0.007340168799565768.
Training until validation scores don't improve for 0 rounds
[I 2025-06-27 04:07:52,436] Trial 16 finished with value: 0.007416659414465664 and parameters: {'lr': 0.01948837562991557, 'depth': 4}. Best is trial 2 with value: 0.007340168799565768.
Training until validation scores don't improve for 0 rounds
[I 2025-06-27 04:07:53,291] Trial 17 finished with value: 0.007443024292854528 and parameters: {'lr': 0.01684452042809744, 'depth': 6}. Best is trial 2 with value: 0.007340168799565768.
Training until validation scores don't improve for 0 rounds
[I 2025-06-27 04:07:53,754] Trial 18 finished with value: 0.007554207892566721 and parameters: {'lr': 0.04981098891850291, 'depth': 3}. Best is trial 2 with value: 0.007340168799565768.
Training until validation scores don't improve for 0 rounds
[I 2025-06-27 04:07:54,352] Trial 19 finished with value: 0.007374595403663938 and parameters: {'lr': 0.010742860468086845, 'depth': 4}. Best is trial 2 with value: 0.007340168799565768.
Training until validation scores don't improve for 0 rounds
[I 2025-06-27 04:07:55,073] Trial 20 finished with value: 0.007567813921977109 and parameters: {'lr': 0.06877028441297925, 'depth': 5}. Best is trial 2 with value: 0.007340168799565768.
Training until validation scores don't improve for 0 rounds
[I 2025-06-27 04:07:55,683] Trial 21 finished with value: 0.007418526271266753 and parameters: {'lr': 0.019600578204890057, 'depth': 4}. Best is trial 2 with value: 0.007340168799565768.
Training until validation scores don't improve for 0 rounds
[I 2025-06-27 04:07:56,148] Trial 22 finished with value: 0.007419665059256046 and parameters: {'lr': 0.011066122247851763, 'depth': 3}. Best is trial 2 with value: 0.007340168799565768.
Training until validation scores don't improve for 0 rounds
[I 2025-06-27 04:07:56,767] Trial 23 finished with value: 0.007413784975013653 and parameters: {'lr': 0.03409410230077291, 'depth': 4}. Best is trial 2 with value: 0.007340168799565768.
Training until validation scores don't improve for 0 rounds
[I 2025-06-27 04:07:57,681] Trial 24 finished with value: 0.007510377304479444 and parameters: {'lr': 0.038038921447744, 'depth': 6}. Best is trial 2 with value: 0.007340168799565768.
Training until validation scores don't improve for 0 rounds
[I 2025-06-27 04:07:58,401] Trial 25 finished with value: 0.007364738438568458 and parameters: {'lr': 0.03294231781436207, 'depth': 5}. Best is trial 2 with value: 0.007340168799565768.
Training until validation scores don't improve for 0 rounds
[I 2025-06-27 04:07:59,133] Trial 26 finished with value: 0.007369227489768252 and parameters: {'lr': 0.021066554365405894, 'depth': 5}. Best is trial 2 with value: 0.007340168799565768.
Training until validation scores don't improve for 0 rounds
[I 2025-06-27 04:07:59,914] Trial 27 finished with value: 0.007494068851390446 and parameters: {'lr': 0.04200742010707543, 'depth': 5}. Best is trial 2 with value: 0.007340168799565768.
Training until validation scores don't improve for 0 rounds
[I 2025-06-27 04:08:00,864] Trial 28 finished with value: 0.007510875299319229 and parameters: {'lr': 0.03120036577115876, 'depth': 6}. Best is trial 2 with value: 0.007340168799565768.
Training until validation scores don't improve for 0 rounds
[I 2025-06-27 04:08:01,597] Trial 29 finished with value: 0.007538476291258841 and parameters: {'lr': 0.04604393501515474, 'depth': 5}. Best is trial 2 with value: 0.007340168799565768.
Training until validation scores don't improve for 0 rounds
[I 2025-06-27 04:08:02,640] Trial 30 finished with value: 0.0075081689542216635 and parameters: {'lr': 0.022602889923201985, 'depth': 7}. Best is trial 2 with value: 0.007340168799565768.
Training until validation scores don't improve for 0 rounds
[I 2025-06-27 04:08:03,189] Trial 31 finished with value: 0.007411386714274478 and parameters: {'lr': 0.011597864997789772, 'depth': 4}. Best is trial 2 with value: 0.007340168799565768.
Training until validation scores don't improve for 0 rounds
[I 2025-06-27 04:08:03,875] Trial 32 finished with value: 0.0074321287403313835 and parameters: {'lr': 0.020627615312012286, 'depth': 5}. Best is trial 2 with value: 0.007340168799565768.
Training until validation scores don't improve for 0 rounds
[I 2025-06-27 04:08:04,322] Trial 33 finished with value: 0.00750134221527192 and parameters: {'lr': 0.029681781407098557, 'depth': 3}. Best is trial 2 with value: 0.007340168799565768.
Training until validation scores don't improve for 0 rounds
[I 2025-06-27 04:08:05,172] Trial 34 finished with value: 0.007421287656423181 and parameters: {'lr': 0.015705583286114773, 'depth': 6}. Best is trial 2 with value: 0.007340168799565768.
Training until validation scores don't improve for 0 rounds
[I 2025-06-27 04:08:06,588] Trial 35 finished with value: 0.007536738571059219 and parameters: {'lr': 0.04156389173683088, 'depth': 9}. Best is trial 2 with value: 0.007340168799565768.
Training until validation scores don't improve for 0 rounds
[I 2025-06-27 04:08:07,811] Trial 36 finished with value: 0.0074235989359680565 and parameters: {'lr': 0.010173375470939933, 'depth': 8}. Best is trial 2 with value: 0.007340168799565768.
Training until validation scores don't improve for 0 rounds
[I 2025-06-27 04:08:08,403] Trial 37 finished with value: 0.0073509246769717105 and parameters: {'lr': 0.016706198679641873, 'depth': 4}. Best is trial 2 with value: 0.007340168799565768.
Training until validation scores don't improve for 0 rounds
[I 2025-06-27 04:08:09,108] Trial 38 finished with value: 0.007598532567737256 and parameters: {'lr': 0.053624419599160825, 'depth': 5}. Best is trial 2 with value: 0.007340168799565768.
Training until validation scores don't improve for 0 rounds
[I 2025-06-27 04:08:10,236] Trial 39 finished with value: 0.007477929368315249 and parameters: {'lr': 0.02334202138365855, 'depth': 7}. Best is trial 2 with value: 0.007340168799565768.
Training until validation scores don't improve for 0 rounds
[I 2025-06-27 04:08:10,827] Trial 40 finished with value: 0.007360233286563381 and parameters: {'lr': 0.017214838544079073, 'depth': 4}. Best is trial 2 with value: 0.007340168799565768.
Training until validation scores don't improve for 0 rounds
[I 2025-06-27 04:08:11,381] Trial 41 finished with value: 0.007347664707941747 and parameters: {'lr': 0.016112679940639134, 'depth': 4}. Best is trial 2 with value: 0.007340168799565768.
Training until validation scores don't improve for 0 rounds
[I 2025-06-27 04:08:11,961] Trial 42 finished with value: 0.007425704751194791 and parameters: {'lr': 0.015915371165303543, 'depth': 4}. Best is trial 2 with value: 0.007340168799565768.
Training until validation scores don't improve for 0 rounds
[I 2025-06-27 04:08:12,443] Trial 43 finished with value: 0.007472533200837779 and parameters: {'lr': 0.026527463046899916, 'depth': 3}. Best is trial 2 with value: 0.007340168799565768.
Training until validation scores don't improve for 0 rounds
[I 2025-06-27 04:08:12,980] Trial 44 finished with value: 0.007417770018235747 and parameters: {'lr': 0.016609550511897372, 'depth': 4}. Best is trial 2 with value: 0.007340168799565768.
Training until validation scores don't improve for 0 rounds
[I 2025-06-27 04:08:13,408] Trial 45 finished with value: 0.007440419131444443 and parameters: {'lr': 0.03087981179360578, 'depth': 3}. Best is trial 2 with value: 0.007340168799565768.
Training until validation scores don't improve for 0 rounds
[I 2025-06-27 04:08:14,211] Trial 46 finished with value: 0.007584719671818349 and parameters: {'lr': 0.08868086011496396, 'depth': 4}. Best is trial 2 with value: 0.007340168799565768.
Training until validation scores don't improve for 0 rounds
[I 2025-06-27 04:08:14,756] Trial 47 finished with value: 0.007360084588587859 and parameters: {'lr': 0.025932465221911304, 'depth': 4}. Best is trial 2 with value: 0.007340168799565768.
Training until validation scores don't improve for 0 rounds
[I 2025-06-27 04:08:15,196] Trial 48 finished with value: 0.007438206529278773 and parameters: {'lr': 0.026968287746587705, 'depth': 3}. Best is trial 2 with value: 0.007340168799565768.
Training until validation scores don't improve for 0 rounds
[I 2025-06-27 04:08:15,753] Trial 49 finished with value: 0.0076092274952009155 and parameters: {'lr': 0.07529886697259933, 'depth': 4}. Best is trial 2 with value: 0.007340168799565768.
Training until validation scores don't improve for 0 rounds
[I 2025-06-27 04:08:16,203] Trial 50 finished with value: 0.007403776826286925 and parameters: {'lr': 0.014215686664398817, 'depth': 3}. Best is trial 2 with value: 0.007340168799565768.
Training until validation scores don't improve for 0 rounds
[I 2025-06-27 04:08:16,747] Trial 51 finished with value: 0.007373739563595669 and parameters: {'lr': 0.018402870371729114, 'depth': 4}. Best is trial 2 with value: 0.007340168799565768.
Training until validation scores don't improve for 0 rounds
[I 2025-06-27 04:08:17,297] Trial 52 finished with value: 0.007388678362938248 and parameters: {'lr': 0.03487702940740875, 'depth': 4}. Best is trial 2 with value: 0.007340168799565768.
Training until validation scores don't improve for 0 rounds
[I 2025-06-27 04:08:18,049] Trial 53 finished with value: 0.007399876299632145 and parameters: {'lr': 0.02310970398395451, 'depth': 5}. Best is trial 2 with value: 0.007340168799565768.
Training until validation scores don't improve for 0 rounds
[I 2025-06-27 04:08:18,675] Trial 54 finished with value: 0.007382059268030102 and parameters: {'lr': 0.013490604615525462, 'depth': 4}. Best is trial 2 with value: 0.007340168799565768.
Training until validation scores don't improve for 0 rounds
[I 2025-06-27 04:08:19,428] Trial 55 finished with value: 0.007535104375487074 and parameters: {'lr': 0.02738765449898381, 'depth': 5}. Best is trial 2 with value: 0.007340168799565768.
Training until validation scores don't improve for 0 rounds
[I 2025-06-27 04:08:19,991] Trial 56 finished with value: 0.007369328402802298 and parameters: {'lr': 0.0394067639588853, 'depth': 4}. Best is trial 2 with value: 0.007340168799565768.
Training until validation scores don't improve for 0 rounds
[I 2025-06-27 04:08:21,337] Trial 57 finished with value: 0.0074325693599958656 and parameters: {'lr': 0.0316650733907705, 'depth': 10}. Best is trial 2 with value: 0.007340168799565768.
Training until validation scores don't improve for 0 rounds
[I 2025-06-27 04:08:21,792] Trial 58 finished with value: 0.0074434766004694815 and parameters: {'lr': 0.01982799533041912, 'depth': 3}. Best is trial 2 with value: 0.007340168799565768.
Training until validation scores don't improve for 0 rounds
[I 2025-06-27 04:08:22,479] Trial 59 finished with value: 0.007400022872753055 and parameters: {'lr': 0.023453729395595514, 'depth': 5}. Best is trial 2 with value: 0.007340168799565768.
Training until validation scores don't improve for 0 rounds
[I 2025-06-27 04:08:23,094] Trial 60 finished with value: 0.007461190505680116 and parameters: {'lr': 0.034254743341602764, 'depth': 4}. Best is trial 2 with value: 0.007340168799565768.
Training until validation scores don't improve for 0 rounds
[I 2025-06-27 04:08:23,832] Trial 61 finished with value: 0.00737230208194325 and parameters: {'lr': 0.02130983930760822, 'depth': 5}. Best is trial 2 with value: 0.007340168799565768.
Training until validation scores don't improve for 0 rounds
[I 2025-06-27 04:08:24,581] Trial 62 finished with value: 0.007454074867886019 and parameters: {'lr': 0.017306794680786722, 'depth': 5}. Best is trial 2 with value: 0.007340168799565768.
Training until validation scores don't improve for 0 rounds
[I 2025-06-27 04:08:25,175] Trial 63 finished with value: 0.007415286588369047 and parameters: {'lr': 0.025390008089105333, 'depth': 4}. Best is trial 2 with value: 0.007340168799565768.
Training until validation scores don't improve for 0 rounds
[I 2025-06-27 04:08:26,100] Trial 64 finished with value: 0.007416674598321167 and parameters: {'lr': 0.01357354440359977, 'depth': 6}. Best is trial 2 with value: 0.007340168799565768.
Training until validation scores don't improve for 0 rounds
[I 2025-06-27 04:08:26,818] Trial 65 finished with value: 0.007508756380633463 and parameters: {'lr': 0.019821218428100154, 'depth': 5}. Best is trial 2 with value: 0.007340168799565768.
Training until validation scores don't improve for 0 rounds
[I 2025-06-27 04:08:27,302] Trial 66 finished with value: 0.007428486364696175 and parameters: {'lr': 0.029884695608462655, 'depth': 3}. Best is trial 2 with value: 0.007340168799565768.
Training until validation scores don't improve for 0 rounds
[I 2025-06-27 04:08:28,192] Trial 67 finished with value: 0.007461804574411914 and parameters: {'lr': 0.027715063228679775, 'depth': 6}. Best is trial 2 with value: 0.007340168799565768.
Training until validation scores don't improve for 0 rounds
[I 2025-06-27 04:08:28,787] Trial 68 finished with value: 0.007396342624408278 and parameters: {'lr': 0.024107654815800416, 'depth': 4}. Best is trial 2 with value: 0.007340168799565768.
Training until validation scores don't improve for 0 rounds
[I 2025-06-27 04:08:29,384] Trial 69 finished with value: 0.007449464517594533 and parameters: {'lr': 0.06498476369495285, 'depth': 4}. Best is trial 2 with value: 0.007340168799565768.
Training until validation scores don't improve for 0 rounds
[I 2025-06-27 04:08:30,160] Trial 70 finished with value: 0.007399717296214372 and parameters: {'lr': 0.013488841814877913, 'depth': 5}. Best is trial 2 with value: 0.007340168799565768.
Training until validation scores don't improve for 0 rounds
[I 2025-06-27 04:08:30,758] Trial 71 finished with value: 0.00748546457642467 and parameters: {'lr': 0.039695885150783934, 'depth': 4}. Best is trial 2 with value: 0.007340168799565768.
Training until validation scores don't improve for 0 rounds
[I 2025-06-27 04:08:31,366] Trial 72 finished with value: 0.007432443009333246 and parameters: {'lr': 0.037306743757528106, 'depth': 4}. Best is trial 2 with value: 0.007340168799565768.
Training until validation scores don't improve for 0 rounds
[I 2025-06-27 04:08:31,982] Trial 73 finished with value: 0.007398043347517524 and parameters: {'lr': 0.02145235562291083, 'depth': 4}. Best is trial 2 with value: 0.007340168799565768.
Training until validation scores don't improve for 0 rounds
