[I 2025-06-27 03:55:25,253] Trial 21 finished with value: 0.003504125452257864 and parameters: {'lr': 0.08339140952141554, 'depth': 4}. Best is trial 12 with value: 0.00348970003102233.
Training until validation scores don't improve for 50 rounds
Early stopping, best iteration is:
[30]    train's quantile: 0.00446953    valid's quantile: 0.00356312
[I 2025-06-27 03:55:25,343] Trial 22 finished with value: 0.0035631183119223253 and parameters: {'lr': 0.08083580411218955, 'depth': 5}. Best is trial 12 with value: 0.00348970003102233.
Training until validation scores don't improve for 50 rounds
Early stopping, best iteration is:
[47]    train's quantile: 0.00441019    valid's quantile: 0.00359665
[I 2025-06-27 03:55:25,441] Trial 23 finished with value: 0.003596650801558358 and parameters: {'lr': 0.09963037984391385, 'depth': 4}. Best is trial 12 with value: 0.00348970003102233.
Training until validation scores don't improve for 50 rounds
Early stopping, best iteration is:
[73]    train's quantile: 0.00457052    valid's quantile: 0.00352653
[I 2025-06-27 03:55:25,535] Trial 24 finished with value: 0.0035265330849018088 and parameters: {'lr': 0.09267776802248115, 'depth': 3}. Best is trial 12 with value: 0.00348970003102233.
Training until validation scores don't improve for 50 rounds
Early stopping, best iteration is:
[58]    train's quantile: 0.00406629    valid's quantile: 0.00356017
[I 2025-06-27 03:55:25,669] Trial 25 finished with value: 0.003560168522117065 and parameters: {'lr': 0.06802508165474266, 'depth': 6}. Best is trial 12 with value: 0.00348970003102233.
Training until validation scores don't improve for 50 rounds
Early stopping, best iteration is:
[102]   train's quantile: 0.00407436    valid's quantile: 0.00357773
[I 2025-06-27 03:55:25,812] Trial 26 finished with value: 0.003577730998436554 and parameters: {'lr': 0.05640312871179383, 'depth': 5}. Best is trial 12 with value: 0.00348970003102233.
Training until validation scores don't improve for 50 rounds
Early stopping, best iteration is:
[79]    train's quantile: 0.00428082    valid's quantile: 0.00348548
[I 2025-06-27 03:55:25,918] Trial 27 finished with value: 0.0034854800816724357 and parameters: {'lr': 0.08286210265178032, 'depth': 4}. Best is trial 27 with value: 0.0034854800816724357.
Training until validation scores don't improve for 50 rounds
Early stopping, best iteration is:
[41]    train's quantile: 0.00390334    valid's quantile: 0.00362901
[I 2025-06-27 03:55:26,053] Trial 28 finished with value: 0.003629007113991911 and parameters: {'lr': 0.09457109021771778, 'depth': 7}. Best is trial 27 with value: 0.0034854800816724357.
Training until validation scores don't improve for 50 rounds
Early stopping, best iteration is:
[94]    train's quantile: 0.00400225    valid's quantile: 0.003518
[I 2025-06-27 03:55:26,204] Trial 29 finished with value: 0.0035180017162467314 and parameters: {'lr': 0.07128992814815607, 'depth': 5}. Best is trial 27 with value: 0.0034854800816724357.
Training until validation scores don't improve for 50 rounds
Early stopping, best iteration is:
[53]    train's quantile: 0.00397355    valid's quantile: 0.0035088
[I 2025-06-27 03:55:26,331] Trial 30 finished with value: 0.003508800294540096 and parameters: {'lr': 0.08084558216010189, 'depth': 6}. Best is trial 27 with value: 0.0034854800816724357.
Training until validation scores don't improve for 50 rounds
Early stopping, best iteration is:
[74]    train's quantile: 0.00430166    valid's quantile: 0.00354125
[I 2025-06-27 03:55:26,434] Trial 31 finished with value: 0.003541254506194048 and parameters: {'lr': 0.08639333098168922, 'depth': 4}. Best is trial 27 with value: 0.0034854800816724357.
Training until validation scores don't improve for 50 rounds
Early stopping, best iteration is:
[68]    train's quantile: 0.00432852    valid's quantile: 0.00351361
[I 2025-06-27 03:55:26,532] Trial 32 finished with value: 0.003513606955132695 and parameters: {'lr': 0.07987758005840419, 'depth': 4}. Best is trial 27 with value: 0.0034854800816724357.
Training until validation scores don't improve for 50 rounds
Early stopping, best iteration is:
[60]    train's quantile: 0.00465532    valid's quantile: 0.00357842
[I 2025-06-27 03:55:26,618] Trial 33 finished with value: 0.003578419499894743 and parameters: {'lr': 0.09306263851727323, 'depth': 3}. Best is trial 27 with value: 0.0034854800816724357.
Training until validation scores don't improve for 50 rounds
Early stopping, best iteration is:
[83]    train's quantile: 0.00433213    valid's quantile: 0.00356728
[I 2025-06-27 03:55:26,738] Trial 34 finished with value: 0.003567284364309373 and parameters: {'lr': 0.0850838936987789, 'depth': 4}. Best is trial 27 with value: 0.0034854800816724357.
Training until validation scores don't improve for 50 rounds
Early stopping, best iteration is:
[78]    train's quantile: 0.00421781    valid's quantile: 0.00358213
[I 2025-06-27 03:55:26,873] Trial 35 finished with value: 0.003582134274319976 and parameters: {'lr': 0.058689650887959924, 'depth': 5}. Best is trial 27 with value: 0.0034854800816724357.
Training until validation scores don't improve for 50 rounds
Early stopping, best iteration is:
[51]    train's quantile: 0.0043809     valid's quantile: 0.00355323
[I 2025-06-27 03:55:26,967] Trial 36 finished with value: 0.003553225167682212 and parameters: {'lr': 0.09588067337900184, 'depth': 4}. Best is trial 27 with value: 0.0034854800816724357.
Training until validation scores don't improve for 50 rounds
Early stopping, best iteration is:
[82]    train's quantile: 0.00464621    valid's quantile: 0.00357068
[I 2025-06-27 03:55:27,057] Trial 37 finished with value: 0.003570676763219106 and parameters: {'lr': 0.07251196808749075, 'depth': 3}. Best is trial 27 with value: 0.0034854800816724357.
Training until validation scores don't improve for 50 rounds
Early stopping, best iteration is:
[24]    train's quantile: 0.00424294    valid's quantile: 0.00360555
[I 2025-06-27 03:55:27,183] Trial 38 finished with value: 0.003605552362825163 and parameters: {'lr': 0.08818261472474452, 'depth': 7}. Best is trial 27 with value: 0.0034854800816724357.
Training until validation scores don't improve for 50 rounds
Early stopping, best iteration is:
[101]   train's quantile: 0.00419548    valid's quantile: 0.00353805
[I 2025-06-27 03:55:27,327] Trial 39 finished with value: 0.003538052981319892 and parameters: {'lr': 0.047138110264701154, 'depth': 5}. Best is trial 27 with value: 0.0034854800816724357.
Training until validation scores don't improve for 50 rounds
Early stopping, best iteration is:
[98]    train's quantile: 0.00410856    valid's quantile: 0.00357298
[I 2025-06-27 03:55:27,503] Trial 40 finished with value: 0.003572975517384208 and parameters: {'lr': 0.03787307017450448, 'depth': 6}. Best is trial 27 with value: 0.0034854800816724357.
Training until validation scores don't improve for 50 rounds
Early stopping, best iteration is:
[71]    train's quantile: 0.00426847    valid's quantile: 0.00352791
[I 2025-06-27 03:55:27,614] Trial 41 finished with value: 0.003527912770558267 and parameters: {'lr': 0.08436425886040688, 'depth': 4}. Best is trial 27 with value: 0.0034854800816724357.
Training until validation scores don't improve for 50 rounds
Early stopping, best iteration is:
[56]    train's quantile: 0.00441758    valid's quantile: 0.00350167
[I 2025-06-27 03:55:27,707] Trial 42 finished with value: 0.0035016722386379063 and parameters: {'lr': 0.08265684016825244, 'depth': 4}. Best is trial 27 with value: 0.0034854800816724357.
Training until validation scores don't improve for 50 rounds
Early stopping, best iteration is:
[40]    train's quantile: 0.00449044    valid's quantile: 0.00356569
[I 2025-06-27 03:55:27,800] Trial 43 finished with value: 0.003565686960311746 and parameters: {'lr': 0.0904072192908948, 'depth': 4}. Best is trial 27 with value: 0.0034854800816724357.
Training until validation scores don't improve for 50 rounds
Early stopping, best iteration is:
[42]    train's quantile: 0.00428753    valid's quantile: 0.00358967
[I 2025-06-27 03:55:27,916] Trial 44 finished with value: 0.0035896724246800727 and parameters: {'lr': 0.08154566314232578, 'depth': 5}. Best is trial 27 with value: 0.0034854800816724357.
Training until validation scores don't improve for 50 rounds
Early stopping, best iteration is:
[75]    train's quantile: 0.00462543    valid's quantile: 0.00358853
[I 2025-06-27 03:55:28,007] Trial 45 finished with value: 0.003588529636519906 and parameters: {'lr': 0.07685506548613015, 'depth': 3}. Best is trial 27 with value: 0.0034854800816724357.
Training until validation scores don't improve for 50 rounds
Early stopping, best iteration is:
[39]    train's quantile: 0.00374901    valid's quantile: 0.00356987
[I 2025-06-27 03:55:28,161] Trial 46 finished with value: 0.0035698650124062663 and parameters: {'lr': 0.09550168484543296, 'depth': 10}. Best is trial 27 with value: 0.0034854800816724357.
Training until validation scores don't improve for 50 rounds
Early stopping, best iteration is:
[50]    train's quantile: 0.00419856    valid's quantile: 0.00355487
[I 2025-06-27 03:55:28,281] Trial 47 finished with value: 0.0035548678911096975 and parameters: {'lr': 0.08967792432244842, 'depth': 5}. Best is trial 27 with value: 0.0034854800816724357.
Training until validation scores don't improve for 50 rounds
Early stopping, best iteration is:
[297]   train's quantile: 0.00462455    valid's quantile: 0.00360822
[I 2025-06-27 03:55:28,470] Trial 48 finished with value: 0.0036082162604314824 and parameters: {'lr': 0.020629366286588742, 'depth': 3}. Best is trial 27 with value: 0.0034854800816724357.
Training until validation scores don't improve for 50 rounds
Early stopping, best iteration is:
[64]    train's quantile: 0.00434825    valid's quantile: 0.00352823
[I 2025-06-27 03:55:28,571] Trial 49 finished with value: 0.003528227468907053 and parameters: {'lr': 0.08364266289920344, 'depth': 4}. Best is trial 27 with value: 0.0034854800816724357.
  CRPS: 0.003485, Params: {'lr': 0.08286210265178032, 'depth': 4}