[I 2025-06-27 04:08:32,470] Trial 74 finished with value: 0.007393346511292589 and parameters: {'lr': 0.017901061970389875, 'depth': 3}. Best is trial 2 with value: 0.007340168799565768.
Training until validation scores don't improve for 0 rounds
[I 2025-06-27 04:08:33,102] Trial 75 finished with value: 0.007493813459811238 and parameters: {'lr': 0.04913160090015538, 'depth': 4}. Best is trial 2 with value: 0.007340168799565768.
Training until validation scores don't improve for 0 rounds
[I 2025-06-27 04:08:33,912] Trial 76 finished with value: 0.0074786356105311 and parameters: {'lr': 0.03223344501630593, 'depth': 5}. Best is trial 2 with value: 0.007340168799565768.
Training until validation scores don't improve for 0 rounds
[I 2025-06-27 04:08:34,454] Trial 77 finished with value: 0.007596519031514996 and parameters: {'lr': 0.044449563843540346, 'depth': 3}. Best is trial 2 with value: 0.007340168799565768.
Training until validation scores don't improve for 0 rounds
[I 2025-06-27 04:08:35,106] Trial 78 finished with value: 0.007433811015379362 and parameters: {'lr': 0.028681757885204075, 'depth': 4}. Best is trial 2 with value: 0.007340168799565768.
Training until validation scores don't improve for 0 rounds
[I 2025-06-27 04:08:35,883] Trial 79 finished with value: 0.007476982025818362 and parameters: {'lr': 0.037344054710761646, 'depth': 5}. Best is trial 2 with value: 0.007340168799565768.
Training until validation scores don't improve for 0 rounds
[I 2025-06-27 04:08:37,342] Trial 80 finished with value: 0.007455851461093556 and parameters: {'lr': 0.010034986917259127, 'depth': 9}. Best is trial 2 with value: 0.007340168799565768.
Training until validation scores don't improve for 0 rounds
[I 2025-06-27 04:08:38,134] Trial 81 finished with value: 0.007446396636841149 and parameters: {'lr': 0.02102090755727725, 'depth': 5}. Best is trial 2 with value: 0.007340168799565768.
Training until validation scores don't improve for 0 rounds
[I 2025-06-27 04:08:39,096] Trial 82 finished with value: 0.007515958393600155 and parameters: {'lr': 0.02513170312627808, 'depth': 6}. Best is trial 2 with value: 0.007340168799565768.
Training until validation scores don't improve for 0 rounds
[I 2025-06-27 04:08:39,696] Trial 83 finished with value: 0.007372415615196945 and parameters: {'lr': 0.021451471174304668, 'depth': 4}. Best is trial 2 with value: 0.007340168799565768.
Training until validation scores don't improve for 0 rounds
[I 2025-06-27 04:08:40,413] Trial 84 finished with value: 0.007464816832597642 and parameters: {'lr': 0.016232523313378294, 'depth': 5}. Best is trial 2 with value: 0.007340168799565768.
Training until validation scores don't improve for 0 rounds
[I 2025-06-27 04:08:41,501] Trial 85 finished with value: 0.007486186242367669 and parameters: {'lr': 0.05775901150281912, 'depth': 7}. Best is trial 2 with value: 0.007340168799565768.
Training until validation scores don't improve for 0 rounds
[I 2025-06-27 04:08:42,656] Trial 86 finished with value: 0.007483144116990058 and parameters: {'lr': 0.018548970736565456, 'depth': 8}. Best is trial 2 with value: 0.007340168799565768.
Training until validation scores don't improve for 0 rounds
[I 2025-06-27 04:08:43,282] Trial 87 finished with value: 0.00740818925412951 and parameters: {'lr': 0.01242104412705058, 'depth': 4}. Best is trial 2 with value: 0.007340168799565768.
Training until validation scores don't improve for 0 rounds
[I 2025-06-27 04:08:44,150] Trial 88 finished with value: 0.007421696389221356 and parameters: {'lr': 0.015317957003389454, 'depth': 5}. Best is trial 2 with value: 0.007340168799565768.
Training until validation scores don't improve for 0 rounds
[I 2025-06-27 04:08:44,794] Trial 89 finished with value: 0.007519442976016573 and parameters: {'lr': 0.03273505981841615, 'depth': 4}. Best is trial 2 with value: 0.007340168799565768.
Training until validation scores don't improve for 0 rounds
[I 2025-06-27 04:08:45,275] Trial 90 finished with value: 0.007463341037485482 and parameters: {'lr': 0.025220914718284644, 'depth': 3}. Best is trial 2 with value: 0.007340168799565768.
Training until validation scores don't improve for 0 rounds
[I 2025-06-27 04:08:45,859] Trial 91 finished with value: 0.007418081071953769 and parameters: {'lr': 0.02200609543438345, 'depth': 4}. Best is trial 2 with value: 0.007340168799565768.
Training until validation scores don't improve for 0 rounds
[I 2025-06-27 04:08:46,447] Trial 92 finished with value: 0.0074467518595763066 and parameters: {'lr': 0.021879554062429196, 'depth': 4}. Best is trial 2 with value: 0.007340168799565768.
Training until validation scores don't improve for 0 rounds
[I 2025-06-27 04:08:47,084] Trial 93 finished with value: 0.007425071532221104 and parameters: {'lr': 0.01932688514148309, 'depth': 4}. Best is trial 2 with value: 0.007340168799565768.
Training until validation scores don't improve for 0 rounds
[I 2025-06-27 04:08:47,660] Trial 94 finished with value: 0.00743162872675124 and parameters: {'lr': 0.027815322931625294, 'depth': 4}. Best is trial 2 with value: 0.007340168799565768.
Training until validation scores don't improve for 0 rounds
[I 2025-06-27 04:08:48,497] Trial 95 finished with value: 0.00741258161982745 and parameters: {'lr': 0.015219790422326535, 'depth': 5}. Best is trial 2 with value: 0.007340168799565768.
Training until validation scores don't improve for 0 rounds
[I 2025-06-27 04:08:49,113] Trial 96 finished with value: 0.0076523200686635165 and parameters: {'lr': 0.09766755642373565, 'depth': 4}. Best is trial 2 with value: 0.007340168799565768.
Training until validation scores don't improve for 0 rounds
[I 2025-06-27 04:08:49,567] Trial 97 finished with value: 0.007464330320066109 and parameters: {'lr': 0.02306836870689068, 'depth': 3}. Best is trial 2 with value: 0.007340168799565768.
Training until validation scores don't improve for 0 rounds
[I 2025-06-27 04:08:50,288] Trial 98 finished with value: 0.00746161394302941 and parameters: {'lr': 0.017977091006605238, 'depth': 5}. Best is trial 2 with value: 0.007340168799565768.
Training until validation scores don't improve for 0 rounds
[I 2025-06-27 04:08:50,862] Trial 99 finished with value: 0.007447178544378242 and parameters: {'lr': 0.030612545459520035, 'depth': 4}. Best is trial 2 with value: 0.007340168799565768.
  CRPS: 0.007340, Params: {'lr': 0.02404167763981929, 'depth': 4}

üìê Tuning for q=0.9
[I 2025-06-27 04:08:50,864] A new study created in memory with name: no-name-03c3989a-9483-46f1-a592-dffb84ebcb34
Training until validation scores don't improve for 0 rounds
[I 2025-06-27 04:08:52,221] Trial 0 finished with value: 0.0040847224868874625 and parameters: {'lr': 0.04370861069626263, 'depth': 10}. Best is trial 0 with value: 0.0040847224868874625.
Training until validation scores don't improve for 0 rounds
[I 2025-06-27 04:08:53,320] Trial 1 finished with value: 0.0040776143408544135 and parameters: {'lr': 0.07587945476302646, 'depth': 7}. Best is trial 1 with value: 0.0040776143408544135.
Training until validation scores don't improve for 0 rounds
[I 2025-06-27 04:08:53,884] Trial 2 finished with value: 0.003644904227188639 and parameters: {'lr': 0.02404167763981929, 'depth': 4}. Best is trial 2 with value: 0.003644904227188639.
Training until validation scores don't improve for 0 rounds
[I 2025-06-27 04:08:55,169] Trial 3 finished with value: 0.0038591849520890334 and parameters: {'lr': 0.015227525095137952, 'depth': 9}. Best is trial 2 with value: 0.003644904227188639.
Training until validation scores don't improve for 0 rounds
[I 2025-06-27 04:08:56,375] Trial 4 finished with value: 0.0040193220462724924 and parameters: {'lr': 0.0641003510568888, 'depth': 8}. Best is trial 2 with value: 0.003644904227188639.
Training until validation scores don't improve for 0 rounds
[I 2025-06-27 04:08:57,830] Trial 5 finished with value: 0.003626276536556461 and parameters: {'lr': 0.011852604486622221, 'depth': 10}. Best is trial 5 with value: 0.003626276536556461.
Training until validation scores don't improve for 0 rounds
[I 2025-06-27 04:08:58,376] Trial 6 finished with value: 0.0037595532951036257 and parameters: {'lr': 0.08491983767203796, 'depth': 4}. Best is trial 5 with value: 0.003626276536556461.
Training until validation scores don't improve for 0 rounds
[I 2025-06-27 04:08:58,995] Trial 7 finished with value: 0.0036564752403824103 and parameters: {'lr': 0.02636424704863906, 'depth': 4}. Best is trial 5 with value: 0.003626276536556461.
Training until validation scores don't improve for 0 rounds
[I 2025-06-27 04:09:00,551] Trial 8 finished with value: 0.003843802396698665 and parameters: {'lr': 0.0373818018663584, 'depth': 7}. Best is trial 5 with value: 0.003626276536556461.
Training until validation scores don't improve for 0 rounds
[I 2025-06-27 04:09:01,291] Trial 9 finished with value: 0.0037366341293169044 and parameters: {'lr': 0.048875051677790424, 'depth': 5}. Best is trial 5 with value: 0.003626276536556461.
Training until validation scores don't improve for 0 rounds
[I 2025-06-27 04:09:02,747] Trial 10 finished with value: 0.004037676893282547 and parameters: {'lr': 0.09506228898073485, 'depth': 10}. Best is trial 5 with value: 0.003626276536556461.
Training until validation scores don't improve for 0 rounds
[I 2025-06-27 04:09:03,209] Trial 11 finished with value: 0.0035672260547676984 and parameters: {'lr': 0.01067925873846639, 'depth': 3}. Best is trial 11 with value: 0.0035672260547676984.
Training until validation scores don't improve for 0 rounds
[I 2025-06-27 04:09:04,066] Trial 12 finished with value: 0.003624489373957755 and parameters: {'lr': 0.0113065391429523, 'depth': 6}. Best is trial 11 with value: 0.0035672260547676984.
Training until validation scores don't improve for 0 rounds
[I 2025-06-27 04:09:04,516] Trial 13 finished with value: 0.0036643111566086214 and parameters: {'lr': 0.02965859958401165, 'depth': 3}. Best is trial 11 with value: 0.0035672260547676984.
Training until validation scores don't improve for 0 rounds
[I 2025-06-27 04:09:05,495] Trial 14 finished with value: 0.0036205139966412154 and parameters: {'lr': 0.011662522812152215, 'depth': 6}. Best is trial 11 with value: 0.0035672260547676984.
Training until validation scores don't improve for 0 rounds
[I 2025-06-27 04:09:05,955] Trial 15 finished with value: 0.0037869419869716314 and parameters: {'lr': 0.06515993253768126, 'depth': 3}. Best is trial 11 with value: 0.0035672260547676984.
Training until validation scores don't improve for 0 rounds
[I 2025-06-27 04:09:06,915] Trial 16 finished with value: 0.003801922262335182 and parameters: {'lr': 0.035726887760058945, 'depth': 6}. Best is trial 11 with value: 0.0035672260547676984.
Training until validation scores don't improve for 0 rounds
[I 2025-06-27 04:09:07,721] Trial 17 finished with value: 0.003667765096950674 and parameters: {'lr': 0.020365302935026135, 'depth': 5}. Best is trial 11 with value: 0.0035672260547676984.
Training until validation scores don't improve for 0 rounds
[I 2025-06-27 04:09:09,044] Trial 18 finished with value: 0.004030526741710357 and parameters: {'lr': 0.05637558001761176, 'depth': 8}. Best is trial 11 with value: 0.0035672260547676984.
Training until validation scores don't improve for 0 rounds
[I 2025-06-27 04:09:09,779] Trial 19 finished with value: 0.003751999527690021 and parameters: {'lr': 0.034029196565083276, 'depth': 5}. Best is trial 11 with value: 0.0035672260547676984.
Training until validation scores don't improve for 0 rounds
[I 2025-06-27 04:09:10,250] Trial 20 finished with value: 0.003578400871765591 and parameters: {'lr': 0.01999735618114161, 'depth': 3}. Best is trial 11 with value: 0.0035672260547676984.
Training until validation scores don't improve for 0 rounds
[I 2025-06-27 04:09:10,729] Trial 21 finished with value: 0.0036005933572198622 and parameters: {'lr': 0.018654228391954266, 'depth': 3}. Best is trial 11 with value: 0.0035672260547676984.
Training until validation scores don't improve for 0 rounds
[I 2025-06-27 04:09:11,294] Trial 22 finished with value: 0.003612922704099037 and parameters: {'lr': 0.019783808314302258, 'depth': 3}. Best is trial 11 with value: 0.0035672260547676984.
Training until validation scores don't improve for 0 rounds
[I 2025-06-27 04:09:11,843] Trial 23 finished with value: 0.0036298268425743753 and parameters: {'lr': 0.02416872328901911, 'depth': 3}. Best is trial 11 with value: 0.0035672260547676984.
Training until validation scores don't improve for 0 rounds
[I 2025-06-27 04:09:12,488] Trial 24 finished with value: 0.0036580602314403624 and parameters: {'lr': 0.04295557238643063, 'depth': 4}. Best is trial 11 with value: 0.0035672260547676984.
Training until validation scores don't improve for 0 rounds
[I 2025-06-27 04:09:12,983] Trial 25 finished with value: 0.003569519579070901 and parameters: {'lr': 0.019553472988399125, 'depth': 3}. Best is trial 11 with value: 0.0035672260547676984.
Training until validation scores don't improve for 0 rounds
[I 2025-06-27 04:09:13,562] Trial 26 finished with value: 0.003614497290535772 and parameters: {'lr': 0.030220593082138817, 'depth': 4}. Best is trial 11 with value: 0.0035672260547676984.
Training until validation scores don't improve for 0 rounds
[I 2025-06-27 04:09:14,325] Trial 27 finished with value: 0.003662094475542685 and parameters: {'lr': 0.0170281204317101, 'depth': 5}. Best is trial 11 with value: 0.0035672260547676984.
Training until validation scores don't improve for 0 rounds
[I 2025-06-27 04:09:14,846] Trial 28 finished with value: 0.0036565668976436937 and parameters: {'lr': 0.05384370815725162, 'depth': 3}. Best is trial 11 with value: 0.0035672260547676984.
Training until validation scores don't improve for 0 rounds
[I 2025-06-27 04:09:15,460] Trial 29 finished with value: 0.003724446709376665 and parameters: {'lr': 0.04491697987932192, 'depth': 4}. Best is trial 11 with value: 0.0035672260547676984.
Training until validation scores don't improve for 0 rounds
[I 2025-06-27 04:09:15,921] Trial 30 finished with value: 0.003647236781524465 and parameters: {'lr': 0.04009024784657159, 'depth': 3}. Best is trial 11 with value: 0.0035672260547676984.
Training until validation scores don't improve for 0 rounds
[I 2025-06-27 04:09:16,369] Trial 31 finished with value: 0.003616266461940859 and parameters: {'lr': 0.018879545194813992, 'depth': 3}. Best is trial 11 with value: 0.0035672260547676984.
Training until validation scores don't improve for 0 rounds
[I 2025-06-27 04:09:17,013] Trial 32 finished with value: 0.0036031254487523625 and parameters: {'lr': 0.026218590018292194, 'depth': 4}. Best is trial 11 with value: 0.0035672260547676984.
Training until validation scores don't improve for 0 rounds
[I 2025-06-27 04:09:17,508] Trial 33 finished with value: 0.003625635351799431 and parameters: {'lr': 0.022168792408139543, 'depth': 3}. Best is trial 11 with value: 0.0035672260547676984.
Training until validation scores don't improve for 0 rounds
[I 2025-06-27 04:09:18,078] Trial 34 finished with value: 0.0036087100892975813 and parameters: {'lr': 0.015080438633832467, 'depth': 4}. Best is trial 11 with value: 0.0035672260547676984.
Training until validation scores don't improve for 0 rounds
[I 2025-06-27 04:09:18,574] Trial 35 finished with value: 0.0036584083726918497 and parameters: {'lr': 0.028055361086049925, 'depth': 3}. Best is trial 11 with value: 0.0035672260547676984.
Training until validation scores don't improve for 0 rounds
[I 2025-06-27 04:09:19,312] Trial 36 finished with value: 0.003590454469818635 and parameters: {'lr': 0.010486100418393303, 'depth': 5}. Best is trial 11 with value: 0.0035672260547676984.
Training until validation scores don't improve for 0 rounds
[I 2025-06-27 04:09:20,060] Trial 37 finished with value: 0.003596433655428418 and parameters: {'lr': 0.01008418581252288, 'depth': 5}. Best is trial 11 with value: 0.0035672260547676984.
Training until validation scores don't improve for 0 rounds
[I 2025-06-27 04:09:20,634] Trial 38 finished with value: 0.0035729907040885434 and parameters: {'lr': 0.01481537713910766, 'depth': 4}. Best is trial 11 with value: 0.0035672260547676984.
Training until validation scores don't improve for 0 rounds
[I 2025-06-27 04:09:21,200] Trial 39 finished with value: 0.0036575058230698134 and parameters: {'lr': 0.03295513622925067, 'depth': 4}. Best is trial 11 with value: 0.0035672260547676984.
Training until validation scores don't improve for 0 rounds
[I 2025-06-27 04:09:21,772] Trial 40 finished with value: 0.0037067163039211366 and parameters: {'lr': 0.0749750932504633, 'depth': 4}. Best is trial 11 with value: 0.0035672260547676984.
Training until validation scores don't improve for 0 rounds
[I 2025-06-27 04:09:22,549] Trial 41 finished with value: 0.0035682334926593275 and parameters: {'lr': 0.015006502877567406, 'depth': 5}. Best is trial 11 with value: 0.0035672260547676984.
Training until validation scores don't improve for 0 rounds
[I 2025-06-27 04:09:23,125] Trial 42 finished with value: 0.0035824755824269056 and parameters: {'lr': 0.015497296011493189, 'depth': 4}. Best is trial 11 with value: 0.0035672260547676984.
Training until validation scores don't improve for 0 rounds
[I 2025-06-27 04:09:24,312] Trial 43 finished with value: 0.003946109310483225 and parameters: {'lr': 0.023423377271761026, 'depth': 7}. Best is trial 11 with value: 0.0035672260547676984.
Training until validation scores don't improve for 0 rounds
[I 2025-06-27 04:09:24,767] Trial 44 finished with value: 0.003598081692471571 and parameters: {'lr': 0.016245956813362977, 'depth': 3}. Best is trial 11 with value: 0.0035672260547676984.
Training until validation scores don't improve for 0 rounds
[I 2025-06-27 04:09:25,379] Trial 45 finished with value: 0.0035625449085318695 and parameters: {'lr': 0.013776861032349541, 'depth': 4}. Best is trial 45 with value: 0.0035625449085318695.
Training until validation scores don't improve for 0 rounds
[I 2025-06-27 04:09:26,127] Trial 46 finished with value: 0.0036055587619673313 and parameters: {'lr': 0.01424399024435399, 'depth': 5}. Best is trial 45 with value: 0.0035625449085318695.
Training until validation scores don't improve for 0 rounds
[I 2025-06-27 04:09:27,012] Trial 47 finished with value: 0.0036530478395175384 and parameters: {'lr': 0.013950050776018802, 'depth': 6}. Best is trial 45 with value: 0.0035625449085318695.
Training until validation scores don't improve for 0 rounds
[I 2025-06-27 04:09:27,581] Trial 48 finished with value: 0.003648660087806976 and parameters: {'lr': 0.02536670686229544, 'depth': 4}. Best is trial 45 with value: 0.0035625449085318695.
Training until validation scores don't improve for 0 rounds
[I 2025-06-27 04:09:28,289] Trial 49 finished with value: 0.0038374472004872227 and parameters: {'lr': 0.09341586367112845, 'depth': 5}. Best is trial 45 with value: 0.0035625449085318695.
Training until validation scores don't improve for 0 rounds
[I 2025-06-27 04:09:29,648] Trial 50 finished with value: 0.0038559933038969318 and parameters: {'lr': 0.030552958937985205, 'depth': 8}. Best is trial 45 with value: 0.0035625449085318695.
Training until validation scores don't improve for 0 rounds
[I 2025-06-27 04:09:30,310] Trial 51 finished with value: 0.0036433529544192475 and parameters: {'lr': 0.020705381795665983, 'depth': 4}. Best is trial 45 with value: 0.0035625449085318695.
Training until validation scores don't improve for 0 rounds
[I 2025-06-27 04:09:30,830] Trial 52 finished with value: 0.0035834835241189936 and parameters: {'lr': 0.01300910769579846, 'depth': 3}. Best is trial 45 with value: 0.0035625449085318695.
Training until validation scores don't improve for 0 rounds
[I 2025-06-27 04:09:31,370] Trial 53 finished with value: 0.003640512091774885 and parameters: {'lr': 0.01808057017232618, 'depth': 3}. Best is trial 45 with value: 0.0035625449085318695.
Training until validation scores don't improve for 0 rounds
[I 2025-06-27 04:09:31,934] Trial 54 finished with value: 0.0036364187519857547 and parameters: {'lr': 0.02238347015427042, 'depth': 4}. Best is trial 45 with value: 0.0035625449085318695.
Training until validation scores don't improve for 0 rounds
[I 2025-06-27 04:09:32,405] Trial 55 finished with value: 0.003572511385552071 and parameters: {'lr': 0.01274359730441331, 'depth': 3}. Best is trial 45 with value: 0.0035625449085318695.
Training until validation scores don't improve for 0 rounds
[I 2025-06-27 04:09:33,817] Trial 56 finished with value: 0.003785044384703556 and parameters: {'lr': 0.011219643123847446, 'depth': 9}. Best is trial 45 with value: 0.0035625449085318695.
Training until validation scores don't improve for 0 rounds
[I 2025-06-27 04:09:34,370] Trial 57 finished with value: 0.0036230718559300407 and parameters: {'lr': 0.014245821810925404, 'depth': 3}. Best is trial 45 with value: 0.0035625449085318695.
Training until validation scores don't improve for 0 rounds
[I 2025-06-27 04:09:35,402] Trial 58 finished with value: 0.003923712010371856 and parameters: {'lr': 0.07282869760048614, 'depth': 6}. Best is trial 45 with value: 0.0035625449085318695.
Training until validation scores don't improve for 0 rounds
[I 2025-06-27 04:09:36,269] Trial 59 finished with value: 0.0036083477202086263 and parameters: {'lr': 0.0172771489845814, 'depth': 5}. Best is trial 45 with value: 0.0035625449085318695.
Training until validation scores don't improve for 0 rounds
[I 2025-06-27 04:09:36,781] Trial 60 finished with value: 0.0036321727517664468 and parameters: {'lr': 0.0247006936782994, 'depth': 3}. Best is trial 45 with value: 0.0035625449085318695.
Training until validation scores don't improve for 0 rounds
