üìê Tuning for q=0.1
[I 2025-06-27 04:06:34,823] A new study created in memory with name: no-name-8dc304e9-909a-4106-9e95-a2cbe3a43821
Training until validation scores don't improve for 0 rounds
[4372:MainThread](2025-06-27 04:06:35,699) INFO - qlib.workflow - [exp.py:258] - Experiment 397207806859170157 starts running ...
[4372:MainThread](2025-06-27 04:06:35,944) INFO - qlib.workflow - [recorder.py:345] - Recorder 470eb56ae4104e66846e7bb0de0072d1 starts running under Experiment 397207806859170157 ...
[I 2025-06-27 04:06:36,122] Trial 0 finished with value: 0.0038774026256976246 and parameters: {'lr': 0.04370861069626263, 'depth': 10}. Best is trial 0 with value: 0.0038774026256976246.
Training until validation scores don't improve for 0 rounds
[I 2025-06-27 04:06:37,247] Trial 1 finished with value: 0.003945362182407621 and parameters: {'lr': 0.07587945476302646, 'depth': 7}. Best is trial 0 with value: 0.0038774026256976246.
Training until validation scores don't improve for 0 rounds
[I 2025-06-27 04:06:37,807] Trial 2 finished with value: 0.003531637874530851 and parameters: {'lr': 0.02404167763981929, 'depth': 4}. Best is trial 2 with value: 0.003531637874530851.
Training until validation scores don't improve for 0 rounds
[I 2025-06-27 04:06:39,081] Trial 3 finished with value: 0.0038402648192927256 and parameters: {'lr': 0.015227525095137952, 'depth': 9}. Best is trial 2 with value: 0.003531637874530851.
Training until validation scores don't improve for 0 rounds
[I 2025-06-27 04:06:40,271] Trial 4 finished with value: 0.0038949046024305926 and parameters: {'lr': 0.0641003510568888, 'depth': 8}. Best is trial 2 with value: 0.003531637874530851.
Training until validation scores don't improve for 0 rounds
[I 2025-06-27 04:06:41,551] Trial 5 finished with value: 0.003816095748627084 and parameters: {'lr': 0.011852604486622221, 'depth': 10}. Best is trial 2 with value: 0.003531637874530851.
Training until validation scores don't improve for 0 rounds
[I 2025-06-27 04:06:42,077] Trial 6 finished with value: 0.003622878743763476 and parameters: {'lr': 0.08491983767203796, 'depth': 4}. Best is trial 2 with value: 0.003531637874530851.
Training until validation scores don't improve for 0 rounds
[I 2025-06-27 04:06:42,639] Trial 7 finished with value: 0.0035998645039176016 and parameters: {'lr': 0.02636424704863906, 'depth': 4}. Best is trial 2 with value: 0.003531637874530851.
Training until validation scores don't improve for 0 rounds
[I 2025-06-27 04:06:43,707] Trial 8 finished with value: 0.003834744263804579 and parameters: {'lr': 0.0373818018663584, 'depth': 7}. Best is trial 2 with value: 0.003531637874530851.
Training until validation scores don't improve for 0 rounds
[I 2025-06-27 04:06:44,412] Trial 9 finished with value: 0.0038119414397460058 and parameters: {'lr': 0.048875051677790424, 'depth': 5}. Best is trial 2 with value: 0.003531637874530851.
Training until validation scores don't improve for 0 rounds
[I 2025-06-27 04:06:44,860] Trial 10 finished with value: 0.0034504393364101753 and parameters: {'lr': 0.09506228898073485, 'depth': 3}. Best is trial 10 with value: 0.0034504393364101753.
Training until validation scores don't improve for 0 rounds
[I 2025-06-27 04:06:45,291] Trial 11 finished with value: 0.0035501815425414206 and parameters: {'lr': 0.09725833997090795, 'depth': 3}. Best is trial 10 with value: 0.0034504393364101753.
Training until validation scores don't improve for 0 rounds
[I 2025-06-27 04:06:45,731] Trial 12 finished with value: 0.003396808823802376 and parameters: {'lr': 0.06090517816132632, 'depth': 3}. Best is trial 12 with value: 0.003396808823802376.
Training until validation scores don't improve for 0 rounds
[I 2025-06-27 04:06:46,165] Trial 13 finished with value: 0.003388435237371026 and parameters: {'lr': 0.06216677943097987, 'depth': 3}. Best is trial 13 with value: 0.003388435237371026.
Training until validation scores don't improve for 0 rounds
[I 2025-06-27 04:06:46,869] Trial 14 finished with value: 0.0037685785819109707 and parameters: {'lr': 0.06134930783935151, 'depth': 5}. Best is trial 13 with value: 0.003388435237371026.
Training until validation scores don't improve for 0 rounds
[I 2025-06-27 04:06:47,760] Trial 15 finished with value: 0.0039344006082316875 and parameters: {'lr': 0.07121575788770335, 'depth': 6}. Best is trial 13 with value: 0.003388435237371026.
Training until validation scores don't improve for 0 rounds
[I 2025-06-27 04:06:48,190] Trial 16 finished with value: 0.0035060171155830142 and parameters: {'lr': 0.05300078260802996, 'depth': 3}. Best is trial 13 with value: 0.003388435237371026.
Training until validation scores don't improve for 0 rounds
[I 2025-06-27 04:06:48,894] Trial 17 finished with value: 0.0037781109478393724 and parameters: {'lr': 0.0806144109823693, 'depth': 5}. Best is trial 13 with value: 0.003388435237371026.
Training until validation scores don't improve for 0 rounds
[I 2025-06-27 04:06:49,748] Trial 18 finished with value: 0.0036957442717002716 and parameters: {'lr': 0.062150450056266654, 'depth': 6}. Best is trial 13 with value: 0.003388435237371026.
Training until validation scores don't improve for 0 rounds
[I 2025-06-27 04:06:50,222] Trial 19 finished with value: 0.0034291759524591216 and parameters: {'lr': 0.040621127675099046, 'depth': 3}. Best is trial 13 with value: 0.003388435237371026.
Training until validation scores don't improve for 0 rounds
[I 2025-06-27 04:06:50,841] Trial 20 finished with value: 0.003727739703645026 and parameters: {'lr': 0.06877028441297925, 'depth': 4}. Best is trial 13 with value: 0.003388435237371026.
Training until validation scores don't improve for 0 rounds
[I 2025-06-27 04:06:51,281] Trial 21 finished with value: 0.003471393786404798 and parameters: {'lr': 0.037980989697262185, 'depth': 3}. Best is trial 13 with value: 0.003388435237371026.
Training until validation scores don't improve for 0 rounds
[I 2025-06-27 04:06:51,926] Trial 22 finished with value: 0.0034290407588994033 and parameters: {'lr': 0.055090155737583184, 'depth': 3}. Best is trial 13 with value: 0.003388435237371026.
Training until validation scores don't improve for 0 rounds
[I 2025-06-27 04:06:52,502] Trial 23 finished with value: 0.003611360365781881 and parameters: {'lr': 0.05653012128865025, 'depth': 4}. Best is trial 13 with value: 0.003388435237371026.
Training until validation scores don't improve for 0 rounds
[I 2025-06-27 04:06:53,257] Trial 24 finished with value: 0.0037446539839579647 and parameters: {'lr': 0.04914750840520522, 'depth': 5}. Best is trial 13 with value: 0.003388435237371026.
Training until validation scores don't improve for 0 rounds
[I 2025-06-27 04:06:53,711] Trial 25 finished with value: 0.003445588149419439 and parameters: {'lr': 0.05764309059453892, 'depth': 3}. Best is trial 13 with value: 0.003388435237371026.
Training until validation scores don't improve for 0 rounds
[I 2025-06-27 04:06:54,312] Trial 26 finished with value: 0.003536557463273208 and parameters: {'lr': 0.07146543047459068, 'depth': 4}. Best is trial 13 with value: 0.003388435237371026.
Training until validation scores don't improve for 0 rounds
[I 2025-06-27 04:06:54,759] Trial 27 finished with value: 0.003503990025233068 and parameters: {'lr': 0.08748706317112617, 'depth': 3}. Best is trial 13 with value: 0.003388435237371026.
Training until validation scores don't improve for 0 rounds
[I 2025-06-27 04:06:55,746] Trial 28 finished with value: 0.0037867015361261825 and parameters: {'lr': 0.04701064608623495, 'depth': 6}. Best is trial 13 with value: 0.003388435237371026.
Training until validation scores don't improve for 0 rounds
[I 2025-06-27 04:06:56,516] Trial 29 finished with value: 0.003641725914963978 and parameters: {'lr': 0.03149694034943411, 'depth': 5}. Best is trial 13 with value: 0.003388435237371026.
Training until validation scores don't improve for 0 rounds
[I 2025-06-27 04:06:57,837] Trial 30 finished with value: 0.004021288940091741 and parameters: {'lr': 0.06571297619294869, 'depth': 9}. Best is trial 13 with value: 0.003388435237371026.
Training until validation scores don't improve for 0 rounds
[I 2025-06-27 04:06:58,290] Trial 31 finished with value: 0.0034917147493248777 and parameters: {'lr': 0.041239094986487854, 'depth': 3}. Best is trial 13 with value: 0.003388435237371026.
Training until validation scores don't improve for 0 rounds
[I 2025-06-27 04:06:58,731] Trial 32 finished with value: 0.0034515320045171087 and parameters: {'lr': 0.053222606720782974, 'depth': 3}. Best is trial 13 with value: 0.003388435237371026.
Training until validation scores don't improve for 0 rounds
[I 2025-06-27 04:06:59,312] Trial 33 finished with value: 0.0037328815235490487 and parameters: {'lr': 0.07627714913989014, 'depth': 4}. Best is trial 13 with value: 0.003388435237371026.
Training until validation scores don't improve for 0 rounds
[I 2025-06-27 04:06:59,875] Trial 34 finished with value: 0.0035182469834506643 and parameters: {'lr': 0.04494436071105372, 'depth': 4}. Best is trial 13 with value: 0.003388435237371026.
Training until validation scores don't improve for 0 rounds
[I 2025-06-27 04:07:00,329] Trial 35 finished with value: 0.0034214526344105945 and parameters: {'lr': 0.03288670474567923, 'depth': 3}. Best is trial 13 with value: 0.003388435237371026.
Training until validation scores don't improve for 0 rounds
[I 2025-06-27 04:07:01,527] Trial 36 finished with value: 0.003805141812650403 and parameters: {'lr': 0.022742581748711632, 'depth': 8}. Best is trial 13 with value: 0.003388435237371026.
Training until validation scores don't improve for 0 rounds
[I 2025-06-27 04:07:02,087] Trial 37 finished with value: 0.0035604362589321567 and parameters: {'lr': 0.03124883338110216, 'depth': 4}. Best is trial 13 with value: 0.003388435237371026.
Training until validation scores don't improve for 0 rounds
[I 2025-06-27 04:07:02,524] Trial 38 finished with value: 0.0034380182516009694 and parameters: {'lr': 0.061082223283397255, 'depth': 3}. Best is trial 13 with value: 0.003388435237371026.
Training until validation scores don't improve for 0 rounds
[I 2025-06-27 04:07:03,124] Trial 39 finished with value: 0.0035380780544609545 and parameters: {'lr': 0.019119727298237868, 'depth': 4}. Best is trial 13 with value: 0.003388435237371026.
Training until validation scores don't improve for 0 rounds
[I 2025-06-27 04:07:03,564] Trial 40 finished with value: 0.0034541946467728313 and parameters: {'lr': 0.0749750932504633, 'depth': 3}. Best is trial 13 with value: 0.003388435237371026.
Training until validation scores don't improve for 0 rounds
[I 2025-06-27 04:07:03,997] Trial 41 finished with value: 0.003494313889652789 and parameters: {'lr': 0.04046351009213702, 'depth': 3}. Best is trial 13 with value: 0.003388435237371026.
Training until validation scores don't improve for 0 rounds
[I 2025-06-27 04:07:04,578] Trial 42 finished with value: 0.0035477557268469846 and parameters: {'lr': 0.029153016572228983, 'depth': 4}. Best is trial 13 with value: 0.003388435237371026.
Training until validation scores don't improve for 0 rounds
[I 2025-06-27 04:07:05,018] Trial 43 finished with value: 0.0034592604787133693 and parameters: {'lr': 0.034608435011055004, 'depth': 3}. Best is trial 13 with value: 0.003388435237371026.
Training until validation scores don't improve for 0 rounds
[I 2025-06-27 04:07:05,439] Trial 44 finished with value: 0.0034869826015614235 and parameters: {'lr': 0.05148048649641336, 'depth': 3}. Best is trial 13 with value: 0.003388435237371026.
Training until validation scores don't improve for 0 rounds
[I 2025-06-27 04:07:06,069] Trial 45 finished with value: 0.0036125096035572817 and parameters: {'lr': 0.05624390617570242, 'depth': 4}. Best is trial 13 with value: 0.003388435237371026.
Training until validation scores don't improve for 0 rounds
[I 2025-06-27 04:07:07,530] Trial 46 finished with value: 0.00391023760284713 and parameters: {'lr': 0.06614799653733042, 'depth': 10}. Best is trial 13 with value: 0.003388435237371026.
Training until validation scores don't improve for 0 rounds
[I 2025-06-27 04:07:08,649] Trial 47 finished with value: 0.0038155274879855317 and parameters: {'lr': 0.04392963736897408, 'depth': 7}. Best is trial 13 with value: 0.003388435237371026.
Training until validation scores don't improve for 0 rounds
[I 2025-06-27 04:07:09,449] Trial 48 finished with value: 0.0037707333202572245 and parameters: {'lr': 0.05862478692684304, 'depth': 5}. Best is trial 13 with value: 0.003388435237371026.
Training until validation scores don't improve for 0 rounds
[I 2025-06-27 04:07:09,912] Trial 49 finished with value: 0.0034164454943980743 and parameters: {'lr': 0.012969190487070768, 'depth': 3}. Best is trial 13 with value: 0.003388435237371026.
Training until validation scores don't improve for 0 rounds
[I 2025-06-27 04:07:10,514] Trial 50 finished with value: 0.0035047445293236103 and parameters: {'lr': 0.014390505743880587, 'depth': 4}. Best is trial 13 with value: 0.003388435237371026.
Training until validation scores don't improve for 0 rounds
[I 2025-06-27 04:07:10,972] Trial 51 finished with value: 0.003451408491105546 and parameters: {'lr': 0.010318735341953057, 'depth': 3}. Best is trial 13 with value: 0.003388435237371026.
Training until validation scores don't improve for 0 rounds
[I 2025-06-27 04:07:11,424] Trial 52 finished with value: 0.0034178948698635925 and parameters: {'lr': 0.022323538580076772, 'depth': 3}. Best is trial 13 with value: 0.003388435237371026.
Training until validation scores don't improve for 0 rounds
[I 2025-06-27 04:07:11,867] Trial 53 finished with value: 0.0034267279825817573 and parameters: {'lr': 0.01960327851497288, 'depth': 3}. Best is trial 13 with value: 0.003388435237371026.
Training until validation scores don't improve for 0 rounds
[I 2025-06-27 04:07:12,312] Trial 54 finished with value: 0.003443842768578031 and parameters: {'lr': 0.022176856236911187, 'depth': 3}. Best is trial 13 with value: 0.003388435237371026.
Training until validation scores don't improve for 0 rounds
[I 2025-06-27 04:07:12,761] Trial 55 finished with value: 0.00339406579880454 and parameters: {'lr': 0.01989719852225669, 'depth': 3}. Best is trial 13 with value: 0.003388435237371026.
Training until validation scores don't improve for 0 rounds
[I 2025-06-27 04:07:13,577] Trial 56 finished with value: 0.0035265802815972933 and parameters: {'lr': 0.016190935242893386, 'depth': 4}. Best is trial 13 with value: 0.003388435237371026.
Training until validation scores don't improve for 0 rounds
[I 2025-06-27 04:07:14,806] Trial 57 finished with value: 0.0038936925106747475 and parameters: {'lr': 0.02609664252797471, 'depth': 8}. Best is trial 13 with value: 0.003388435237371026.
Training until validation scores don't improve for 0 rounds
[I 2025-06-27 04:07:15,253] Trial 58 finished with value: 0.0034285195678955362 and parameters: {'lr': 0.013945587252923611, 'depth': 3}. Best is trial 13 with value: 0.003388435237371026.
Training until validation scores don't improve for 0 rounds
[I 2025-06-27 04:07:15,847] Trial 59 finished with value: 0.0035199272567586017 and parameters: {'lr': 0.01911336072745406, 'depth': 4}. Best is trial 13 with value: 0.003388435237371026.
Training until validation scores don't improve for 0 rounds
[I 2025-06-27 04:07:16,300] Trial 60 finished with value: 0.0034170743386964767 and parameters: {'lr': 0.0247006936782994, 'depth': 3}. Best is trial 13 with value: 0.003388435237371026.
Training until validation scores don't improve for 0 rounds
[I 2025-06-27 04:07:16,744] Trial 61 finished with value: 0.003399897690542065 and parameters: {'lr': 0.02394183430116151, 'depth': 3}. Best is trial 13 with value: 0.003388435237371026.
Training until validation scores don't improve for 0 rounds
[I 2025-06-27 04:07:17,212] Trial 62 finished with value: 0.0034161307300611273 and parameters: {'lr': 0.027105415572917818, 'depth': 3}. Best is trial 13 with value: 0.003388435237371026.
Training until validation scores don't improve for 0 rounds
[I 2025-06-27 04:07:17,695] Trial 63 finished with value: 0.00341280265550219 and parameters: {'lr': 0.027150980031267185, 'depth': 3}. Best is trial 13 with value: 0.003388435237371026.
Training until validation scores don't improve for 0 rounds
[I 2025-06-27 04:07:18,277] Trial 64 finished with value: 0.003530240840659306 and parameters: {'lr': 0.02696631247657279, 'depth': 4}. Best is trial 13 with value: 0.003388435237371026.
Training until validation scores don't improve for 0 rounds
[I 2025-06-27 04:07:18,731] Trial 65 finished with value: 0.003435283385611406 and parameters: {'lr': 0.017316364296158626, 'depth': 3}. Best is trial 13 with value: 0.003388435237371026.
Training until validation scores don't improve for 0 rounds
[I 2025-06-27 04:07:20,014] Trial 66 finished with value: 0.0037792598548567063 and parameters: {'lr': 0.013067185394826125, 'depth': 9}. Best is trial 13 with value: 0.003388435237371026.
Training until validation scores don't improve for 0 rounds
[I 2025-06-27 04:07:20,450] Trial 67 finished with value: 0.0034360063432606583 and parameters: {'lr': 0.03561713047213329, 'depth': 3}. Best is trial 13 with value: 0.003388435237371026.
Training until validation scores don't improve for 0 rounds
[I 2025-06-27 04:07:21,185] Trial 68 finished with value: 0.003682467903451456 and parameters: {'lr': 0.02904618250678597, 'depth': 5}. Best is trial 13 with value: 0.003388435237371026.
Training until validation scores don't improve for 0 rounds
[I 2025-06-27 04:07:21,620] Trial 69 finished with value: 0.0034227254230228977 and parameters: {'lr': 0.020865375852229445, 'depth': 3}. Best is trial 13 with value: 0.003388435237371026.
Training until validation scores don't improve for 0 rounds
[I 2025-06-27 04:07:22,203] Trial 70 finished with value: 0.0034874895930405827 and parameters: {'lr': 0.01102543536785873, 'depth': 4}. Best is trial 13 with value: 0.003388435237371026.
Training until validation scores don't improve for 0 rounds
[I 2025-06-27 04:07:22,677] Trial 71 finished with value: 0.003463149153444665 and parameters: {'lr': 0.02497605055890649, 'depth': 3}. Best is trial 13 with value: 0.003388435237371026.
Training until validation scores don't improve for 0 rounds
[I 2025-06-27 04:07:23,130] Trial 72 finished with value: 0.0034593134262235286 and parameters: {'lr': 0.017080848235362146, 'depth': 3}. Best is trial 13 with value: 0.003388435237371026.
Training until validation scores don't improve for 0 rounds
[I 2025-06-27 04:07:23,608] Trial 73 finished with value: 0.0034221813637478633 and parameters: {'lr': 0.027675876420646534, 'depth': 3}. Best is trial 13 with value: 0.003388435237371026.
Training until validation scores don't improve for 0 rounds
[I 2025-06-27 04:07:24,084] Trial 74 finished with value: 0.0034158767617469433 and parameters: {'lr': 0.024880981066500853, 'depth': 3}. Best is trial 13 with value: 0.003388435237371026.
Training until validation scores don't improve for 0 rounds
[I 2025-06-27 04:07:24,568] Trial 75 finished with value: 0.003461701402712799 and parameters: {'lr': 0.06202267013288392, 'depth': 3}. Best is trial 13 with value: 0.003388435237371026.
Training until validation scores don't improve for 0 rounds
[I 2025-06-27 04:07:25,052] Trial 76 finished with value: 0.0034827459610178462 and parameters: {'lr': 0.06861974757496841, 'depth': 3}. Best is trial 13 with value: 0.003388435237371026.
Training until validation scores don't improve for 0 rounds
[I 2025-06-27 04:07:25,638] Trial 77 finished with value: 0.003507445941362884 and parameters: {'lr': 0.030907664297435845, 'depth': 4}. Best is trial 13 with value: 0.003388435237371026.
Training until validation scores don't improve for 0 rounds
[I 2025-06-27 04:07:26,098] Trial 78 finished with value: 0.003522799611284305 and parameters: {'lr': 0.05909381573131267, 'depth': 3}. Best is trial 13 with value: 0.003388435237371026.
Training until validation scores don't improve for 0 rounds
[I 2025-06-27 04:07:26,683] Trial 79 finished with value: 0.0034953334975603295 and parameters: {'lr': 0.023395766331577583, 'depth': 4}. Best is trial 13 with value: 0.003388435237371026.
Training until validation scores don't improve for 0 rounds
[I 2025-06-27 04:07:27,117] Trial 80 finished with value: 0.003423717467927254 and parameters: {'lr': 0.03799415487991109, 'depth': 3}. Best is trial 13 with value: 0.003388435237371026.
Training until validation scores don't improve for 0 rounds
[I 2025-06-27 04:07:27,561] Trial 81 finished with value: 0.0033897439587316897 and parameters: {'lr': 0.025720599485408797, 'depth': 3}. Best is trial 13 with value: 0.003388435237371026.
Training until validation scores don't improve for 0 rounds
[I 2025-06-27 04:07:28,011] Trial 82 finished with value: 0.0034219744471077123 and parameters: {'lr': 0.03374601189271834, 'depth': 3}. Best is trial 13 with value: 0.003388435237371026.
Training until validation scores don't improve for 0 rounds
[I 2025-06-27 04:07:28,446] Trial 83 finished with value: 0.0034521211276168093 and parameters: {'lr': 0.029383739142103026, 'depth': 3}. Best is trial 13 with value: 0.003388435237371026.
Training until validation scores don't improve for 0 rounds
[I 2025-06-27 04:07:29,040] Trial 84 finished with value: 0.0035539874149708712 and parameters: {'lr': 0.0199525533310745, 'depth': 4}. Best is trial 13 with value: 0.003388435237371026.
Training until validation scores don't improve for 0 rounds
[I 2025-06-27 04:07:29,478] Trial 85 finished with value: 0.003430640343239282 and parameters: {'lr': 0.06558395715362579, 'depth': 3}. Best is trial 13 with value: 0.003388435237371026.
Training until validation scores don't improve for 0 rounds
