[I 2025-06-27 03:26:01,838] Trial 24 finished with value: 0.007421172762106271 and parameters: {'lr': 0.018657650900601872, 'leaves': 255, 'depth': 9, 'trees': 732}. Best is trial 10 with value: 0.007337297983800859.
[I 2025-06-27 03:26:02,607] Trial 25 finished with value: 0.007472486034577231 and parameters: {'lr': 0.010036156120388263, 'leaves': 126, 'depth': 8, 'trees': 879}. Best is trial 10 with value: 0.007337297983800859.
[I 2025-06-27 03:26:03,785] Trial 26 finished with value: 0.0075981635178616275 and parameters: {'lr': 0.04167445619406583, 'leaves': 231, 'depth': 10, 'trees': 800}. Best is trial 10 with value: 0.007337297983800859.
[I 2025-06-27 03:26:04,970] Trial 27 finished with value: 0.007533285022903925 and parameters: {'lr': 0.03072707590612605, 'leaves': 192, 'depth': 9, 'trees': 947}. Best is trial 10 with value: 0.007337297983800859.
[I 2025-06-27 03:26:05,402] Trial 28 finished with value: 0.007461273658198454 and parameters: {'lr': 0.01856202868769021, 'leaves': 170, 'depth': 7, 'trees': 622}. Best is trial 10 with value: 0.007337297983800859.
[I 2025-06-27 03:26:06,049] Trial 29 finished with value: 0.007514552187609606 and parameters: {'lr': 0.04647416468169935, 'leaves': 240, 'depth': 8, 'trees': 711}. Best is trial 10 with value: 0.007337297983800859.
[I 2025-06-27 03:26:07,334] Trial 30 finished with value: 0.007424038593019228 and parameters: {'lr': 0.016652865506264807, 'leaves': 111, 'depth': 10, 'trees': 934}. Best is trial 10 with value: 0.007337297983800859.
[I 2025-06-27 03:26:07,564] Trial 31 finished with value: 0.007431456287737094 and parameters: {'lr': 0.025565711381707257, 'leaves': 56, 'depth': 3, 'trees': 869}. Best is trial 10 with value: 0.007337297983800859.
[I 2025-06-27 03:26:07,960] Trial 32 finished with value: 0.007460591411391794 and parameters: {'lr': 0.02302550697057458, 'leaves': 84, 'depth': 5, 'trees': 919}. Best is trial 10 with value: 0.007337297983800859.
[I 2025-06-27 03:26:08,176] Trial 33 finished with value: 0.007444095598995497 and parameters: {'lr': 0.05690654702179111, 'leaves': 19, 'depth': 3, 'trees': 821}. Best is trial 10 with value: 0.007337297983800859.
[I 2025-06-27 03:26:08,491] Trial 34 finished with value: 0.007509406382804095 and parameters: {'lr': 0.03526616141119628, 'leaves': 66, 'depth': 5, 'trees': 742}. Best is trial 10 with value: 0.007337297983800859.
[I 2025-06-27 03:26:09,654] Trial 35 finished with value: 0.0074531838355947795 and parameters: {'lr': 0.0422000248356982, 'leaves': 219, 'depth': 9, 'trees': 990}. Best is trial 10 with value: 0.007337297983800859.
[I 2025-06-27 03:26:09,953] Trial 36 finished with value: 0.0073779610602968 and parameters: {'lr': 0.015063149810971038, 'leaves': 155, 'depth': 4, 'trees': 867}. Best is trial 10 with value: 0.007337297983800859.
[I 2025-06-27 03:26:10,283] Trial 37 finished with value: 0.0073956063129022595 and parameters: {'lr': 0.01553558885384762, 'leaves': 245, 'depth': 4, 'trees': 876}. Best is trial 10 with value: 0.007337297983800859.
[I 2025-06-27 03:26:10,758] Trial 38 finished with value: 0.007401556534800948 and parameters: {'lr': 0.022005312113607924, 'leaves': 150, 'depth': 6, 'trees': 804}. Best is trial 10 with value: 0.007337297983800859.
[I 2025-06-27 03:26:11,516] Trial 39 finished with value: 0.007480030750663089 and parameters: {'lr': 0.029269963955382283, 'leaves': 206, 'depth': 8, 'trees': 773}. Best is trial 10 with value: 0.007337297983800859.
[I 2025-06-27 03:26:12,354] Trial 40 finished with value: 0.007719095182364636 and parameters: {'lr': 0.09993641293753959, 'leaves': 121, 'depth': 10, 'trees': 684}. Best is trial 10 with value: 0.007337297983800859.
[I 2025-06-27 03:26:12,643] Trial 41 finished with value: 0.007401018271903507 and parameters: {'lr': 0.023321062906378726, 'leaves': 38, 'depth': 4, 'trees': 928}. Best is trial 10 with value: 0.007337297983800859.
[I 2025-06-27 03:26:12,859] Trial 42 finished with value: 0.007422645641999255 and parameters: {'lr': 0.014550574871003634, 'leaves': 75, 'depth': 3, 'trees': 851}. Best is trial 10 with value: 0.007337297983800859.
[I 2025-06-27 03:26:13,097] Trial 43 finished with value: 0.00737274151834629 and parameters: {'lr': 0.014335825944860735, 'leaves': 187, 'depth': 3, 'trees': 956}. Best is trial 10 with value: 0.007337297983800859.
[I 2025-06-27 03:26:13,341] Trial 44 finished with value: 0.007352406260370197 and parameters: {'lr': 0.01013313208897099, 'leaves': 185, 'depth': 3, 'trees': 959}. Best is trial 10 with value: 0.007337297983800859.
[I 2025-06-27 03:26:13,606] Trial 45 finished with value: 0.007452917219882276 and parameters: {'lr': 0.010032473557594346, 'leaves': 184, 'depth': 3, 'trees': 956}. Best is trial 10 with value: 0.007337297983800859.
[I 2025-06-27 03:26:13,943] Trial 46 finished with value: 0.0073859782812512684 and parameters: {'lr': 0.014738674188666466, 'leaves': 158, 'depth': 4, 'trees': 966}. Best is trial 10 with value: 0.007337297983800859.
[I 2025-06-27 03:26:14,186] Trial 47 finished with value: 0.007675489519159083 and parameters: {'lr': 0.07578998707846143, 'leaves': 141, 'depth': 3, 'trees': 908}. Best is trial 10 with value: 0.007337297983800859.
[I 2025-06-27 03:26:14,384] Trial 48 finished with value: 0.00736872846858712 and parameters: {'lr': 0.013867532982163634, 'leaves': 174, 'depth': 4, 'trees': 507}. Best is trial 10 with value: 0.007337297983800859.
[I 2025-06-27 03:26:14,624] Trial 49 finished with value: 0.0074128199634684215 and parameters: {'lr': 0.02072601561631953, 'leaves': 191, 'depth': 5, 'trees': 512}. Best is trial 10 with value: 0.007337297983800859.
[I 2025-06-27 03:26:14,766] Trial 50 finished with value: 0.007388905590390265 and parameters: {'lr': 0.012840247422743485, 'leaves': 178, 'depth': 3, 'trees': 414}. Best is trial 10 with value: 0.007337297983800859.
[I 2025-06-27 03:26:15,031] Trial 51 finished with value: 0.007393867550538577 and parameters: {'lr': 0.01482886841556443, 'leaves': 162, 'depth': 4, 'trees': 588}. Best is trial 10 with value: 0.007337297983800859.
[I 2025-06-27 03:26:15,237] Trial 52 finished with value: 0.007367639731313949 and parameters: {'lr': 0.017573577389105515, 'leaves': 146, 'depth': 4, 'trees': 491}. Best is trial 10 with value: 0.007337297983800859.
[I 2025-06-27 03:26:15,444] Trial 53 finished with value: 0.007374843652759077 and parameters: {'lr': 0.010401418280116467, 'leaves': 129, 'depth': 4, 'trees': 478}. Best is trial 10 with value: 0.007337297983800859.
[I 2025-06-27 03:26:15,660] Trial 54 finished with value: 0.007384744469101816 and parameters: {'lr': 0.01881093528059697, 'leaves': 144, 'depth': 5, 'trees': 372}. Best is trial 10 with value: 0.007337297983800859.
[I 2025-06-27 03:26:15,823] Trial 55 finished with value: 0.007413868600201585 and parameters: {'lr': 0.025741144480087227, 'leaves': 174, 'depth': 3, 'trees': 534}. Best is trial 10 with value: 0.007337297983800859.
[I 2025-06-27 03:26:16,025] Trial 56 finished with value: 0.0073984649030371715 and parameters: {'lr': 0.02105594520217696, 'leaves': 207, 'depth': 4, 'trees': 467}. Best is trial 10 with value: 0.007337297983800859.
[I 2025-06-27 03:26:16,202] Trial 57 finished with value: 0.007439287229219609 and parameters: {'lr': 0.032446864533996686, 'leaves': 137, 'depth': 3, 'trees': 586}. Best is trial 10 with value: 0.007337297983800859.
[I 2025-06-27 03:26:16,481] Trial 58 finished with value: 0.007435842757699442 and parameters: {'lr': 0.03828845172667392, 'leaves': 110, 'depth': 6, 'trees': 466}. Best is trial 10 with value: 0.007337297983800859.
[I 2025-06-27 03:26:16,659] Trial 59 finished with value: 0.007410659740118945 and parameters: {'lr': 0.017372465049613657, 'leaves': 196, 'depth': 4, 'trees': 390}. Best is trial 10 with value: 0.007337297983800859.
[I 2025-06-27 03:26:16,961] Trial 60 finished with value: 0.007388474374429219 and parameters: {'lr': 0.013182280616597701, 'leaves': 185, 'depth': 5, 'trees': 556}. Best is trial 10 with value: 0.007337297983800859.
[I 2025-06-27 03:26:17,149] Trial 61 finished with value: 0.0074089767961884895 and parameters: {'lr': 0.01019346247337544, 'leaves': 122, 'depth': 4, 'trees': 476}. Best is trial 10 with value: 0.007337297983800859.
[I 2025-06-27 03:26:17,286] Trial 62 finished with value: 0.007384909535632857 and parameters: {'lr': 0.012670923327459203, 'leaves': 130, 'depth': 3, 'trees': 445}. Best is trial 10 with value: 0.007337297983800859.
[I 2025-06-27 03:26:17,510] Trial 63 finished with value: 0.007356336593257283 and parameters: {'lr': 0.017240055460973742, 'leaves': 166, 'depth': 4, 'trees': 505}. Best is trial 10 with value: 0.007337297983800859.
[I 2025-06-27 03:26:17,697] Trial 64 finished with value: 0.0074050311822435695 and parameters: {'lr': 0.018186740144440085, 'leaves': 167, 'depth': 4, 'trees': 507}. Best is trial 10 with value: 0.007337297983800859.
[I 2025-06-27 03:26:17,856] Trial 65 finished with value: 0.00734509081598196 and parameters: {'lr': 0.027667309396971783, 'leaves': 179, 'depth': 3, 'trees': 546}. Best is trial 10 with value: 0.007337297983800859.
[I 2025-06-27 03:26:18,104] Trial 66 finished with value: 0.007435399505686671 and parameters: {'lr': 0.027417881484308033, 'leaves': 144, 'depth': 5, 'trees': 544}. Best is trial 10 with value: 0.007337297983800859.
[I 2025-06-27 03:26:18,568] Trial 67 finished with value: 0.007482249152301757 and parameters: {'lr': 0.02292306830188494, 'leaves': 150, 'depth': 7, 'trees': 635}. Best is trial 10 with value: 0.007337297983800859.
[I 2025-06-27 03:26:18,725] Trial 68 finished with value: 0.007451279350027876 and parameters: {'lr': 0.05793390813812219, 'leaves': 162, 'depth': 3, 'trees': 522}. Best is trial 10 with value: 0.007337297983800859.
[I 2025-06-27 03:26:19,533] Trial 69 finished with value: 0.007509095456212297 and parameters: {'lr': 0.020531626541008846, 'leaves': 178, 'depth': 10, 'trees': 574}. Best is trial 10 with value: 0.007337297983800859.
[I 2025-06-27 03:26:19,799] Trial 70 finished with value: 0.0074420736582779395 and parameters: {'lr': 0.01763621306778599, 'leaves': 102, 'depth': 5, 'trees': 491}. Best is trial 10 with value: 0.007337297983800859.
[I 2025-06-27 03:26:20,131] Trial 71 finished with value: 0.007375214500466938 and parameters: {'lr': 0.01341060230973544, 'leaves': 171, 'depth': 3, 'trees': 997}. Best is trial 10 with value: 0.007337297983800859.
[I 2025-06-27 03:26:20,282] Trial 72 finished with value: 0.007399853622742061 and parameters: {'lr': 0.01598260315616712, 'leaves': 213, 'depth': 3, 'trees': 441}. Best is trial 10 with value: 0.007337297983800859.
[I 2025-06-27 03:26:20,501] Trial 73 finished with value: 0.007411810172875742 and parameters: {'lr': 0.012199910398817257, 'leaves': 199, 'depth': 3, 'trees': 654}. Best is trial 10 with value: 0.007337297983800859.
[I 2025-06-27 03:26:20,814] Trial 74 finished with value: 0.007367320020419948 and parameters: {'lr': 0.02524129271809207, 'leaves': 187, 'depth': 4, 'trees': 889}. Best is trial 10 with value: 0.007337297983800859.
  CRPS: 0.007337, Params: {'lr': 0.011849212884186852, 'leaves': 130, 'depth': 10, 'trees': 823}

üìê Tuning for q=0.9
[I 2025-06-27 03:26:20,816] A new study created in memory with name: no-name-087cbdc9-c3dc-4231-be98-7fefbed89d0b
[I 2025-06-27 03:26:21,647] Trial 0 finished with value: 0.004052338245147874 and parameters: {'lr': 0.04370861069626263, 'leaves': 245, 'depth': 8, 'trees': 719}. Best is trial 0 with value: 0.004052338245147874.
[I 2025-06-27 03:26:21,869] Trial 1 finished with value: 0.003596559217731767 and parameters: {'lr': 0.02404167763981929, 'leaves': 53, 'depth': 3, 'trees': 907}. Best is trial 1 with value: 0.003596559217731767.
[I 2025-06-27 03:26:22,117] Trial 2 finished with value: 0.0036980738018291956 and parameters: {'lr': 0.0641003510568888, 'leaves': 186, 'depth': 3, 'trees': 979}. Best is trial 1 with value: 0.003596559217731767.
[I 2025-06-27 03:26:22,262] Trial 3 finished with value: 0.003683135075601652 and parameters: {'lr': 0.08491983767203796, 'leaves': 67, 'depth': 4, 'trees': 428}. Best is trial 1 with value: 0.003596559217731767.
[I 2025-06-27 03:26:22,583] Trial 4 finished with value: 0.003726778280448809 and parameters: {'lr': 0.0373818018663584, 'leaves': 142, 'depth': 6, 'trees': 504}. Best is trial 1 with value: 0.003596559217731767.
[I 2025-06-27 03:26:22,850] Trial 5 finished with value: 0.0038134339105179394 and parameters: {'lr': 0.06506676052501416, 'leaves': 49, 'depth': 5, 'trees': 556}. Best is trial 1 with value: 0.003596559217731767.
[I 2025-06-27 03:26:23,080] Trial 6 finished with value: 0.0036826378770252396 and parameters: {'lr': 0.05104629857953324, 'leaves': 205, 'depth': 4, 'trees': 660}. Best is trial 1 with value: 0.003596559217731767.
[I 2025-06-27 03:26:23,372] Trial 7 finished with value: 0.003883887371785745 and parameters: {'lr': 0.06331731119758383, 'leaves': 27, 'depth': 7, 'trees': 419}. Best is trial 1 with value: 0.003596559217731767.
[I 2025-06-27 03:26:24,602] Trial 8 finished with value: 0.004071614323675188 and parameters: {'lr': 0.015854643368675158, 'leaves': 244, 'depth': 10, 'trees': 866}. Best is trial 1 with value: 0.003596559217731767.
[I 2025-06-27 03:26:25,598] Trial 9 finished with value: 0.0039356761230855825 and parameters: {'lr': 0.037415239225603365, 'leaves': 39, 'depth': 8, 'trees': 608}. Best is trial 1 with value: 0.003596559217731767.
[I 2025-06-27 03:26:25,834] Trial 10 finished with value: 0.003571724354646898 and parameters: {'lr': 0.011948550583893854, 'leaves': 103, 'depth': 3, 'trees': 804}. Best is trial 10 with value: 0.003571724354646898.
[I 2025-06-27 03:26:26,031] Trial 11 finished with value: 0.0036081862274673663 and parameters: {'lr': 0.011383096359529386, 'leaves': 98, 'depth': 3, 'trees': 846}. Best is trial 10 with value: 0.003571724354646898.
[I 2025-06-27 03:26:26,225] Trial 12 finished with value: 0.003594492970839192 and parameters: {'lr': 0.024083469970414106, 'leaves': 107, 'depth': 3, 'trees': 803}. Best is trial 10 with value: 0.003571724354646898.
[I 2025-06-27 03:26:26,542] Trial 13 finished with value: 0.00367702450195518 and parameters: {'lr': 0.02536124011968522, 'leaves': 120, 'depth': 5, 'trees': 734}. Best is trial 10 with value: 0.003571724354646898.
[I 2025-06-27 03:26:26,895] Trial 14 finished with value: 0.003696254314860961 and parameters: {'lr': 0.024404846319239736, 'leaves': 150, 'depth': 5, 'trees': 804}. Best is trial 10 with value: 0.003571724354646898.
[I 2025-06-27 03:26:27,202] Trial 15 finished with value: 0.0037343724967820267 and parameters: {'lr': 0.0920725050896144, 'leaves': 90, 'depth': 4, 'trees': 757}. Best is trial 10 with value: 0.003571724354646898.
[I 2025-06-27 03:26:28,290] Trial 16 finished with value: 0.003618861751720615 and parameters: {'lr': 0.012582528659610058, 'leaves': 171, 'depth': 6, 'trees': 998}. Best is trial 10 with value: 0.003571724354646898.
[I 2025-06-27 03:26:29,529] Trial 17 finished with value: 0.004091351703334957 and parameters: {'lr': 0.03194874647772117, 'leaves': 110, 'depth': 10, 'trees': 664}. Best is trial 10 with value: 0.003571724354646898.
[I 2025-06-27 03:26:29,852] Trial 18 finished with value: 0.0037198509421907454 and parameters: {'lr': 0.04699626962642428, 'leaves': 74, 'depth': 3, 'trees': 885}. Best is trial 10 with value: 0.003571724354646898.
[I 2025-06-27 03:26:30,120] Trial 19 finished with value: 0.003674633002380459 and parameters: {'lr': 0.07568513465785315, 'leaves': 126, 'depth': 4, 'trees': 796}. Best is trial 10 with value: 0.003571724354646898.
[I 2025-06-27 03:26:30,915] Trial 20 finished with value: 0.003731907082915954 and parameters: {'lr': 0.01807480554672935, 'leaves': 155, 'depth': 7, 'trees': 931}. Best is trial 10 with value: 0.003571724354646898.
[I 2025-06-27 03:26:31,398] Trial 21 finished with value: 0.0036685089691491216 and parameters: {'lr': 0.027850122221674465, 'leaves': 63, 'depth': 3, 'trees': 894}. Best is trial 10 with value: 0.003571724354646898.
[I 2025-06-27 03:26:31,698] Trial 22 finished with value: 0.0036036169076015022 and parameters: {'lr': 0.02037071328359559, 'leaves': 88, 'depth': 3, 'trees': 815}. Best is trial 10 with value: 0.003571724354646898.
[I 2025-06-27 03:26:31,893] Trial 23 finished with value: 0.0035299869654437546 and parameters: {'lr': 0.03522827380268245, 'leaves': 24, 'depth': 4, 'trees': 314}. Best is trial 23 with value: 0.0035299869654437546.
[I 2025-06-27 03:26:32,179] Trial 24 finished with value: 0.0036079766421439237 and parameters: {'lr': 0.03317209235905783, 'leaves': 16, 'depth': 4, 'trees': 378}. Best is trial 23 with value: 0.0035299869654437546.
[I 2025-06-27 03:26:32,580] Trial 25 finished with value: 0.003573086557184447 and parameters: {'lr': 0.010070605213928741, 'leaves': 109, 'depth': 5, 'trees': 513}. Best is trial 23 with value: 0.0035299869654437546.
[I 2025-06-27 03:26:32,773] Trial 26 finished with value: 0.0035769665895822806 and parameters: {'lr': 0.01018828336118207, 'leaves': 85, 'depth': 5, 'trees': 313}. Best is trial 23 with value: 0.0035299869654437546.
[I 2025-06-27 03:26:33,062] Trial 27 finished with value: 0.0037928099363603654 and parameters: {'lr': 0.0422756714744973, 'leaves': 212, 'depth': 6, 'trees': 493}. Best is trial 23 with value: 0.0035299869654437546.
[I 2025-06-27 03:26:33,484] Trial 28 finished with value: 0.003586814459484657 and parameters: {'lr': 0.018311047661682962, 'leaves': 125, 'depth': 5, 'trees': 330}. Best is trial 23 with value: 0.0035299869654437546.
[I 2025-06-27 03:26:33,791] Trial 29 finished with value: 0.0036992099391493388 and parameters: {'lr': 0.05347709134654955, 'leaves': 35, 'depth': 4, 'trees': 588}. Best is trial 23 with value: 0.0035299869654437546.
[I 2025-06-27 03:26:34,642] Trial 30 finished with value: 0.003957600209916409 and parameters: {'lr': 0.04285216560050657, 'leaves': 160, 'depth': 9, 'trees': 501}. Best is trial 23 with value: 0.0035299869654437546.
[I 2025-06-27 03:26:34,833] Trial 31 finished with value: 0.003609528711375411 and parameters: {'lr': 0.012385976473821036, 'leaves': 78, 'depth': 5, 'trees': 309}. Best is trial 23 with value: 0.0035299869654437546.
[I 2025-06-27 03:26:35,083] Trial 32 finished with value: 0.003579754263605968 and parameters: {'lr': 0.011160469395742343, 'leaves': 55, 'depth': 5, 'trees': 357}. Best is trial 23 with value: 0.0035299869654437546.
[I 2025-06-27 03:26:35,370] Trial 33 finished with value: 0.0036727255810198173 and parameters: {'lr': 0.030885254026040664, 'leaves': 103, 'depth': 6, 'trees': 425}. Best is trial 23 with value: 0.0035299869654437546.
[I 2025-06-27 03:26:35,547] Trial 34 finished with value: 0.0035548808094446435 and parameters: {'lr': 0.020039691866379054, 'leaves': 83, 'depth': 4, 'trees': 300}. Best is trial 23 with value: 0.0035299869654437546.
[I 2025-06-27 03:26:35,738] Trial 35 finished with value: 0.0035311270134321393 and parameters: {'lr': 0.020222906150537946, 'leaves': 129, 'depth': 4, 'trees': 377}. Best is trial 23 with value: 0.0035299869654437546.
[I 2025-06-27 03:26:35,918] Trial 36 finished with value: 0.003531147601543368 and parameters: {'lr': 0.019850141313919652, 'leaves': 137, 'depth': 4, 'trees': 374}. Best is trial 23 with value: 0.0035299869654437546.
[I 2025-06-27 03:26:36,145] Trial 37 finished with value: 0.0035536474692483685 and parameters: {'lr': 0.03657458956698486, 'leaves': 135, 'depth': 4, 'trees': 385}. Best is trial 23 with value: 0.0035299869654437546.
[I 2025-06-27 03:26:36,295] Trial 38 finished with value: 0.003570028396478449 and parameters: {'lr': 0.03790839765130272, 'leaves': 171, 'depth': 4, 'trees': 365}. Best is trial 23 with value: 0.0035299869654437546.
[I 2025-06-27 03:26:36,485] Trial 39 finished with value: 0.0036723967951905576 and parameters: {'lr': 0.06005398438212319, 'leaves': 201, 'depth': 4, 'trees': 457}. Best is trial 23 with value: 0.0035299869654437546.
[I 2025-06-27 03:26:36,845] Trial 40 finished with value: 0.0039187268135566136 and parameters: {'lr': 0.0493833258508488, 'leaves': 134, 'depth': 7, 'trees': 397}. Best is trial 23 with value: 0.0035299869654437546.
[I 2025-06-27 03:26:36,996] Trial 41 finished with value: 0.0035379476164229926 and parameters: {'lr': 0.028835591284006507, 'leaves': 147, 'depth': 4, 'trees': 336}. Best is trial 23 with value: 0.0035299869654437546.
[I 2025-06-27 03:26:37,207] Trial 42 finished with value: 0.0035783852018410117 and parameters: {'lr': 0.029119998979425892, 'leaves': 142, 'depth': 4, 'trees': 452}. Best is trial 23 with value: 0.0035299869654437546.
[I 2025-06-27 03:26:37,383] Trial 43 finished with value: 0.0036331278325674957 and parameters: {'lr': 0.04098066993726538, 'leaves': 189, 'depth': 4, 'trees': 349}. Best is trial 23 with value: 0.0035299869654437546.
[I 2025-06-27 03:26:37,508] Trial 44 finished with value: 0.0035923760732056165 and parameters: {'lr': 0.03689988456353165, 'leaves': 165, 'depth': 3, 'trees': 395}. Best is trial 23 with value: 0.0035299869654437546.
[I 2025-06-27 03:26:37,644] Trial 45 finished with value: 0.003609210430572938 and parameters: {'lr': 0.03565561184463644, 'leaves': 138, 'depth': 3, 'trees': 343}. Best is trial 23 with value: 0.0035299869654437546.
[I 2025-06-27 03:26:37,841] Trial 46 finished with value: 0.0035809000239268854 and parameters: {'lr': 0.026170634327325366, 'leaves': 231, 'depth': 4, 'trees': 467}. Best is trial 23 with value: 0.0035299869654437546.
[I 2025-06-27 03:26:38,332] Trial 47 finished with value: 0.003756936298360233 and parameters: {'lr': 0.0219905393406108, 'leaves': 186, 'depth': 8, 'trees': 406}. Best is trial 23 with value: 0.0035299869654437546.
[I 2025-06-27 03:26:38,536] Trial 48 finished with value: 0.0035726381034436503 and parameters: {'lr': 0.015672169134826698, 'leaves': 149, 'depth': 5, 'trees': 375}. Best is trial 23 with value: 0.0035299869654437546.
